ERROR - 2022-08-01 11:38:32 --> Error connecting to the database: Unknown database 'db_catalog'
CRITICAL - 2022-08-01 11:38:32 --> Unable to connect to the database.
Main connection [MySQLi]: Unknown database 'db_catalog'
in SYSTEMPATH\Database\BaseConnection.php on line 416.
 1 SYSTEMPATH\Database\BaseConnection.php(586): CodeIgniter\Database\BaseConnection->initialize()
 2 SYSTEMPATH\Database\BaseBuilder.php(1669): CodeIgniter\Database\BaseConnection->query('SELECT COUNT(*) AS `numrows`
FROM `data_catalog`', [], false)
 3 SYSTEMPATH\Model.php(550): CodeIgniter\Database\BaseBuilder->countAllResults(false)
 4 SYSTEMPATH\BaseModel.php(1084): CodeIgniter\Model->countAllResults(false)
 5 APPPATH\Controllers\Pages.php(34): CodeIgniter\BaseModel->paginate(10, 'data_catalog')
 6 SYSTEMPATH\CodeIgniter.php(896): App\Controllers\Pages->index()
 7 SYSTEMPATH\CodeIgniter.php(466): CodeIgniter\CodeIgniter->runController(Object(App\Controllers\Pages))
 8 SYSTEMPATH\CodeIgniter.php(349): CodeIgniter\CodeIgniter->handleRequest(null, Object(Config\Cache), false)
 9 FCPATH\index.php(55): CodeIgniter\CodeIgniter->run()
10 SYSTEMPATH\Commands\Server\rewrite.php(43): require_once('FCPATH\\index.php')
CRITICAL - 2022-08-01 11:39:17 --> Undefined array key "label"
in APPPATH\Views\pages\crud.php on line 72.
 1 APPPATH\Views\pages\crud.php(72): CodeIgniter\Debug\Exceptions->errorHandler(2, 'Undefined array key "label"', 'APPPATH\\Views\\pages\\crud.php', 72)
 2 SYSTEMPATH\View\View.php(213): include('APPPATH\\Views\\pages\\crud.php')
 3 SYSTEMPATH\View\View.php(216): CodeIgniter\View\View->CodeIgniter\View\{closure}()
 4 SYSTEMPATH\Common.php(1135): CodeIgniter\View\View->render('pages/crud', [], true)
 5 APPPATH\Controllers\Pages.php(38): view('pages/crud', [...])
 6 SYSTEMPATH\CodeIgniter.php(896): App\Controllers\Pages->index()
 7 SYSTEMPATH\CodeIgniter.php(466): CodeIgniter\CodeIgniter->runController(Object(App\Controllers\Pages))
 8 SYSTEMPATH\CodeIgniter.php(349): CodeIgniter\CodeIgniter->handleRequest(null, Object(Config\Cache), false)
 9 FCPATH\index.php(55): CodeIgniter\CodeIgniter->run()
10 SYSTEMPATH\Commands\Server\rewrite.php(43): require_once('FCPATH\\index.php')
CRITICAL - 2022-08-01 11:41:54 --> Undefined array key "id_berkas"
in APPPATH\Views\pages\editBerkas.php on line 67.
 1 APPPATH\Views\pages\editBerkas.php(67): CodeIgniter\Debug\Exceptions->errorHandler(2, 'Undefined array key "id_berkas"', 'APPPATH\\Views\\pages\\editBerkas.php', 67)
 2 SYSTEMPATH\View\View.php(213): include('APPPATH\\Views\\pages\\editBerkas.php')
 3 SYSTEMPATH\View\View.php(216): CodeIgniter\View\View->CodeIgniter\View\{closure}()
 4 SYSTEMPATH\Common.php(1135): CodeIgniter\View\View->render('pages/editBerkas', [], true)
 5 APPPATH\Controllers\Pages.php(116): view('pages/editBerkas', [...])
 6 SYSTEMPATH\CodeIgniter.php(896): App\Controllers\Pages->editBerkas('6')
 7 SYSTEMPATH\CodeIgniter.php(466): CodeIgniter\CodeIgniter->runController(Object(App\Controllers\Pages))
 8 SYSTEMPATH\CodeIgniter.php(349): CodeIgniter\CodeIgniter->handleRequest(null, Object(Config\Cache), false)
 9 FCPATH\index.php(55): CodeIgniter\CodeIgniter->run()
10 SYSTEMPATH\Commands\Server\rewrite.php(43): require_once('FCPATH\\index.php')
CRITICAL - 2022-08-01 11:44:55 --> There is no data to update.
in SYSTEMPATH\BaseModel.php on line 1576.
 1 SYSTEMPATH\BaseModel.php(1576): CodeIgniter\Database\Exceptions\DataException::forEmptyDataset('update')
 2 SYSTEMPATH\BaseModel.php(832): CodeIgniter\BaseModel->transformDataToArray(null, 'update')
 3 SYSTEMPATH\Model.php(692): CodeIgniter\BaseModel->update([...], null)
 4 APPPATH\Controllers\Pages.php(129): CodeIgniter\Model->update([...])
 5 SYSTEMPATH\CodeIgniter.php(896): App\Controllers\Pages->update('6')
 6 SYSTEMPATH\CodeIgniter.php(466): CodeIgniter\CodeIgniter->runController(Object(App\Controllers\Pages))
 7 SYSTEMPATH\CodeIgniter.php(349): CodeIgniter\CodeIgniter->handleRequest(null, Object(Config\Cache), false)
 8 FCPATH\index.php(55): CodeIgniter\CodeIgniter->run()
 9 SYSTEMPATH\Commands\Server\rewrite.php(43): require_once('FCPATH\\index.php')
CRITICAL - 2022-08-01 11:49:30 --> There is no data to update.
in SYSTEMPATH\BaseModel.php on line 1576.
 1 SYSTEMPATH\BaseModel.php(1576): CodeIgniter\Database\Exceptions\DataException::forEmptyDataset('update')
 2 SYSTEMPATH\BaseModel.php(832): CodeIgniter\BaseModel->transformDataToArray(null, 'update')
 3 SYSTEMPATH\Model.php(692): CodeIgniter\BaseModel->update([...], null)
 4 APPPATH\Controllers\Pages.php(129): CodeIgniter\Model->update([...])
 5 SYSTEMPATH\CodeIgniter.php(896): App\Controllers\Pages->update('6')
 6 SYSTEMPATH\CodeIgniter.php(466): CodeIgniter\CodeIgniter->runController(Object(App\Controllers\Pages))
 7 SYSTEMPATH\CodeIgniter.php(349): CodeIgniter\CodeIgniter->handleRequest(null, Object(Config\Cache), false)
 8 FCPATH\index.php(55): CodeIgniter\CodeIgniter->run()
 9 SYSTEMPATH\Commands\Server\rewrite.php(43): require_once('FCPATH\\index.php')
CRITICAL - 2022-08-01 11:53:52 --> There is no data to update.
in SYSTEMPATH\BaseModel.php on line 1576.
 1 SYSTEMPATH\BaseModel.php(1576): CodeIgniter\Database\Exceptions\DataException::forEmptyDataset('update')
 2 SYSTEMPATH\BaseModel.php(832): CodeIgniter\BaseModel->transformDataToArray(null, 'update')
 3 SYSTEMPATH\Model.php(692): CodeIgniter\BaseModel->update([...], null)
 4 APPPATH\Controllers\Pages.php(129): CodeIgniter\Model->update([...])
 5 SYSTEMPATH\CodeIgniter.php(896): App\Controllers\Pages->update('6')
 6 SYSTEMPATH\CodeIgniter.php(466): CodeIgniter\CodeIgniter->runController(Object(App\Controllers\Pages))
 7 SYSTEMPATH\CodeIgniter.php(349): CodeIgniter\CodeIgniter->handleRequest(null, Object(Config\Cache), false)
 8 FCPATH\index.php(55): CodeIgniter\CodeIgniter->run()
 9 SYSTEMPATH\Commands\Server\rewrite.php(43): require_once('FCPATH\\index.php')
CRITICAL - 2022-08-01 12:19:30 --> There is no data to update.
in SYSTEMPATH\BaseModel.php on line 1576.
 1 SYSTEMPATH\BaseModel.php(1576): CodeIgniter\Database\Exceptions\DataException::forEmptyDataset('update')
 2 SYSTEMPATH\BaseModel.php(832): CodeIgniter\BaseModel->transformDataToArray(null, 'update')
 3 SYSTEMPATH\Model.php(692): CodeIgniter\BaseModel->update([...], null)
 4 APPPATH\Controllers\Pages.php(129): CodeIgniter\Model->update([...])
 5 SYSTEMPATH\CodeIgniter.php(896): App\Controllers\Pages->update('6')
 6 SYSTEMPATH\CodeIgniter.php(466): CodeIgniter\CodeIgniter->runController(Object(App\Controllers\Pages))
 7 SYSTEMPATH\CodeIgniter.php(349): CodeIgniter\CodeIgniter->handleRequest(null, Object(Config\Cache), false)
 8 FCPATH\index.php(55): CodeIgniter\CodeIgniter->run()
 9 SYSTEMPATH\Commands\Server\rewrite.php(43): require_once('FCPATH\\index.php')
CRITICAL - 2022-08-01 12:27:04 --> There is no data to update.
in SYSTEMPATH\BaseModel.php on line 1576.
 1 SYSTEMPATH\BaseModel.php(1576): CodeIgniter\Database\Exceptions\DataException::forEmptyDataset('update')
 2 SYSTEMPATH\BaseModel.php(832): CodeIgniter\BaseModel->transformDataToArray(null, 'update')
 3 SYSTEMPATH\Model.php(692): CodeIgniter\BaseModel->update([...], null)
 4 APPPATH\Controllers\Pages.php(161): CodeIgniter\Model->update([...])
 5 SYSTEMPATH\CodeIgniter.php(896): App\Controllers\Pages->update('6')
 6 SYSTEMPATH\CodeIgniter.php(466): CodeIgniter\CodeIgniter->runController(Object(App\Controllers\Pages))
 7 SYSTEMPATH\CodeIgniter.php(349): CodeIgniter\CodeIgniter->handleRequest(null, Object(Config\Cache), false)
 8 FCPATH\index.php(55): CodeIgniter\CodeIgniter->run()
 9 SYSTEMPATH\Commands\Server\rewrite.php(43): require_once('FCPATH\\index.php')
CRITICAL - 2022-08-01 12:28:54 --> There is no data to update.
in SYSTEMPATH\BaseModel.php on line 1576.
 1 SYSTEMPATH\BaseModel.php(1576): CodeIgniter\Database\Exceptions\DataException::forEmptyDataset('update')
 2 SYSTEMPATH\BaseModel.php(832): CodeIgniter\BaseModel->transformDataToArray(null, 'update')
 3 SYSTEMPATH\Model.php(692): CodeIgniter\BaseModel->update([...], null)
 4 APPPATH\Controllers\Pages.php(161): CodeIgniter\Model->update([...])
 5 SYSTEMPATH\CodeIgniter.php(896): App\Controllers\Pages->update('6')
 6 SYSTEMPATH\CodeIgniter.php(466): CodeIgniter\CodeIgniter->runController(Object(App\Controllers\Pages))
 7 SYSTEMPATH\CodeIgniter.php(349): CodeIgniter\CodeIgniter->handleRequest(null, Object(Config\Cache), false)
 8 FCPATH\index.php(55): CodeIgniter\CodeIgniter->run()
 9 SYSTEMPATH\Commands\Server\rewrite.php(43): require_once('FCPATH\\index.php')
CRITICAL - 2022-08-01 12:29:22 --> There is no data to insert.
in SYSTEMPATH\BaseModel.php on line 718.
 1 SYSTEMPATH\BaseModel.php(718): CodeIgniter\Database\Exceptions\DataException::forEmptyDataset('insert')
 2 SYSTEMPATH\Model.php(666): CodeIgniter\BaseModel->insert([], false)
 3 SYSTEMPATH\BaseModel.php(658): CodeIgniter\Model->insert([...], false)
 4 APPPATH\Controllers\Pages.php(161): CodeIgniter\BaseModel->save([...])
 5 SYSTEMPATH\CodeIgniter.php(896): App\Controllers\Pages->update('6')
 6 SYSTEMPATH\CodeIgniter.php(466): CodeIgniter\CodeIgniter->runController(Object(App\Controllers\Pages))
 7 SYSTEMPATH\CodeIgniter.php(349): CodeIgniter\CodeIgniter->handleRequest(null, Object(Config\Cache), false)
 8 FCPATH\index.php(55): CodeIgniter\CodeIgniter->run()
 9 SYSTEMPATH\Commands\Server\rewrite.php(43): require_once('FCPATH\\index.php')
CRITICAL - 2022-08-01 12:37:57 --> There is no data to insert.
in SYSTEMPATH\BaseModel.php on line 718.
 1 SYSTEMPATH\BaseModel.php(718): CodeIgniter\Database\Exceptions\DataException::forEmptyDataset('insert')
 2 SYSTEMPATH\Model.php(666): CodeIgniter\BaseModel->insert([], false)
 3 SYSTEMPATH\BaseModel.php(658): CodeIgniter\Model->insert([...], false)
 4 APPPATH\Controllers\Pages.php(161): CodeIgniter\BaseModel->save([...])
 5 SYSTEMPATH\CodeIgniter.php(896): App\Controllers\Pages->update('6')
 6 SYSTEMPATH\CodeIgniter.php(466): CodeIgniter\CodeIgniter->runController(Object(App\Controllers\Pages))
 7 SYSTEMPATH\CodeIgniter.php(349): CodeIgniter\CodeIgniter->handleRequest(null, Object(Config\Cache), false)
 8 FCPATH\index.php(55): CodeIgniter\CodeIgniter->run()
 9 SYSTEMPATH\Commands\Server\rewrite.php(43): require_once('FCPATH\\index.php')
CRITICAL - 2022-08-01 12:37:59 --> There is no data to insert.
in SYSTEMPATH\BaseModel.php on line 718.
 1 SYSTEMPATH\BaseModel.php(718): CodeIgniter\Database\Exceptions\DataException::forEmptyDataset('insert')
 2 SYSTEMPATH\Model.php(666): CodeIgniter\BaseModel->insert([], false)
 3 SYSTEMPATH\BaseModel.php(658): CodeIgniter\Model->insert([...], false)
 4 APPPATH\Controllers\Pages.php(161): CodeIgniter\BaseModel->save([...])
 5 SYSTEMPATH\CodeIgniter.php(896): App\Controllers\Pages->update('6')
 6 SYSTEMPATH\CodeIgniter.php(466): CodeIgniter\CodeIgniter->runController(Object(App\Controllers\Pages))
 7 SYSTEMPATH\CodeIgniter.php(349): CodeIgniter\CodeIgniter->handleRequest(null, Object(Config\Cache), false)
 8 FCPATH\index.php(55): CodeIgniter\CodeIgniter->run()
 9 SYSTEMPATH\Commands\Server\rewrite.php(43): require_once('FCPATH\\index.php')
CRITICAL - 2022-08-01 12:48:58 --> There is no data to update.
in SYSTEMPATH\BaseModel.php on line 846.
 1 SYSTEMPATH\BaseModel.php(846): CodeIgniter\Database\Exceptions\DataException::forEmptyDataset('update')
 2 SYSTEMPATH\Model.php(692): CodeIgniter\BaseModel->update([...], [])
 3 APPPATH\Controllers\Pages.php(176): CodeIgniter\Model->update('6', [...])
 4 SYSTEMPATH\CodeIgniter.php(896): App\Controllers\Pages->update('6')
 5 SYSTEMPATH\CodeIgniter.php(466): CodeIgniter\CodeIgniter->runController(Object(App\Controllers\Pages))
 6 SYSTEMPATH\CodeIgniter.php(349): CodeIgniter\CodeIgniter->handleRequest(null, Object(Config\Cache), false)
 7 FCPATH\index.php(55): CodeIgniter\CodeIgniter->run()
 8 SYSTEMPATH\Commands\Server\rewrite.php(43): require_once('FCPATH\\index.php')
CRITICAL - 2022-08-01 12:53:48 --> There is no data to insert.
in SYSTEMPATH\BaseModel.php on line 718.
 1 SYSTEMPATH\BaseModel.php(718): CodeIgniter\Database\Exceptions\DataException::forEmptyDataset('insert')
 2 SYSTEMPATH\Model.php(666): CodeIgniter\BaseModel->insert([], false)
 3 SYSTEMPATH\BaseModel.php(658): CodeIgniter\Model->insert([...], false)
 4 APPPATH\Controllers\Pages.php(100): CodeIgniter\BaseModel->save([...])
 5 SYSTEMPATH\CodeIgniter.php(896): App\Controllers\Pages->save()
 6 SYSTEMPATH\CodeIgniter.php(466): CodeIgniter\CodeIgniter->runController(Object(App\Controllers\Pages))
 7 SYSTEMPATH\CodeIgniter.php(349): CodeIgniter\CodeIgniter->handleRequest(null, Object(Config\Cache), false)
 8 FCPATH\index.php(55): CodeIgniter\CodeIgniter->run()
 9 SYSTEMPATH\Commands\Server\rewrite.php(43): require_once('FCPATH\\index.php')
ERROR - 2022-08-01 21:07:17 --> Error connecting to the database: Unknown database 'data_catalog'
CRITICAL - 2022-08-01 21:07:17 --> Unable to connect to the database.
Main connection [MySQLi]: Unknown database 'data_catalog'
in SYSTEMPATH\Database\BaseConnection.php on line 416.
 1 SYSTEMPATH\Database\BaseConnection.php(586): CodeIgniter\Database\BaseConnection->initialize()
 2 SYSTEMPATH\Database\BaseBuilder.php(1669): CodeIgniter\Database\BaseConnection->query('SELECT COUNT(*) AS `numrows`
FROM `data_catalog`', [], false)
 3 SYSTEMPATH\Model.php(550): CodeIgniter\Database\BaseBuilder->countAllResults(false)
 4 SYSTEMPATH\BaseModel.php(1084): CodeIgniter\Model->countAllResults(false)
 5 APPPATH\Controllers\Pages.php(34): CodeIgniter\BaseModel->paginate(10, 'data_catalog')
 6 SYSTEMPATH\CodeIgniter.php(896): App\Controllers\Pages->index()
 7 SYSTEMPATH\CodeIgniter.php(466): CodeIgniter\CodeIgniter->runController(Object(App\Controllers\Pages))
 8 SYSTEMPATH\CodeIgniter.php(349): CodeIgniter\CodeIgniter->handleRequest(null, Object(Config\Cache), false)
 9 FCPATH\index.php(55): CodeIgniter\CodeIgniter->run()
10 SYSTEMPATH\Commands\Server\rewrite.php(43): require_once('FCPATH\\index.php')
ERROR - 2022-08-01 21:09:41 --> Error connecting to the database: Unknown database 'data_catalog'
CRITICAL - 2022-08-01 21:09:41 --> Unable to connect to the database.
Main connection [MySQLi]: Unknown database 'data_catalog'
in SYSTEMPATH\Database\BaseConnection.php on line 416.
 1 SYSTEMPATH\Database\BaseConnection.php(586): CodeIgniter\Database\BaseConnection->initialize()
 2 SYSTEMPATH\Database\BaseBuilder.php(1669): CodeIgniter\Database\BaseConnection->query('SELECT COUNT(*) AS `numrows`
FROM `data_catalog`', [], false)
 3 SYSTEMPATH\Model.php(550): CodeIgniter\Database\BaseBuilder->countAllResults(false)
 4 SYSTEMPATH\BaseModel.php(1084): CodeIgniter\Model->countAllResults(false)
 5 APPPATH\Controllers\Pages.php(34): CodeIgniter\BaseModel->paginate(10, 'data_catalog')
 6 SYSTEMPATH\CodeIgniter.php(896): App\Controllers\Pages->index()
 7 SYSTEMPATH\CodeIgniter.php(466): CodeIgniter\CodeIgniter->runController(Object(App\Controllers\Pages))
 8 SYSTEMPATH\CodeIgniter.php(349): CodeIgniter\CodeIgniter->handleRequest(null, Object(Config\Cache), false)
 9 FCPATH\index.php(55): CodeIgniter\CodeIgniter->run()
10 SYSTEMPATH\Commands\Server\rewrite.php(43): require_once('FCPATH\\index.php')
ERROR - 2022-08-01 21:09:44 --> Error connecting to the database: Unknown database 'data_catalog'
CRITICAL - 2022-08-01 21:09:44 --> Unable to connect to the database.
Main connection [MySQLi]: Unknown database 'data_catalog'
in SYSTEMPATH\Database\BaseConnection.php on line 416.
 1 SYSTEMPATH\Database\BaseConnection.php(586): CodeIgniter\Database\BaseConnection->initialize()
 2 SYSTEMPATH\Database\BaseBuilder.php(1669): CodeIgniter\Database\BaseConnection->query('SELECT COUNT(*) AS `numrows`
FROM `data_catalog`', [], false)
 3 SYSTEMPATH\Model.php(550): CodeIgniter\Database\BaseBuilder->countAllResults(false)
 4 SYSTEMPATH\BaseModel.php(1084): CodeIgniter\Model->countAllResults(false)
 5 APPPATH\Controllers\Pages.php(34): CodeIgniter\BaseModel->paginate(10, 'data_catalog')
 6 SYSTEMPATH\CodeIgniter.php(896): App\Controllers\Pages->index()
 7 SYSTEMPATH\CodeIgniter.php(466): CodeIgniter\CodeIgniter->runController(Object(App\Controllers\Pages))
 8 SYSTEMPATH\CodeIgniter.php(349): CodeIgniter\CodeIgniter->handleRequest(null, Object(Config\Cache), false)
 9 FCPATH\index.php(55): CodeIgniter\CodeIgniter->run()
10 SYSTEMPATH\Commands\Server\rewrite.php(43): require_once('FCPATH\\index.php')
ERROR - 2022-08-01 21:12:05 --> Error connecting to the database: Unknown database 'data_catalog'
CRITICAL - 2022-08-01 21:12:05 --> Unable to connect to the database.
Main connection [MySQLi]: Unknown database 'data_catalog'
in SYSTEMPATH\Database\BaseConnection.php on line 416.
 1 SYSTEMPATH\Database\BaseConnection.php(586): CodeIgniter\Database\BaseConnection->initialize()
 2 SYSTEMPATH\Database\BaseBuilder.php(1669): CodeIgniter\Database\BaseConnection->query('SELECT COUNT(*) AS `numrows`
FROM `dataex`', [], false)
 3 SYSTEMPATH\Model.php(550): CodeIgniter\Database\BaseBuilder->countAllResults(false)
 4 SYSTEMPATH\BaseModel.php(1084): CodeIgniter\Model->countAllResults(false)
 5 APPPATH\Controllers\Pages.php(34): CodeIgniter\BaseModel->paginate(10, 'dataex')
 6 SYSTEMPATH\CodeIgniter.php(896): App\Controllers\Pages->index()
 7 SYSTEMPATH\CodeIgniter.php(466): CodeIgniter\CodeIgniter->runController(Object(App\Controllers\Pages))
 8 SYSTEMPATH\CodeIgniter.php(349): CodeIgniter\CodeIgniter->handleRequest(null, Object(Config\Cache), false)
 9 FCPATH\index.php(55): CodeIgniter\CodeIgniter->run()
10 SYSTEMPATH\Commands\Server\rewrite.php(43): require_once('FCPATH\\index.php')
ERROR - 2022-08-01 21:12:06 --> Error connecting to the database: Unknown database 'data_catalog'
CRITICAL - 2022-08-01 21:12:06 --> Unable to connect to the database.
Main connection [MySQLi]: Unknown database 'data_catalog'
in SYSTEMPATH\Database\BaseConnection.php on line 416.
 1 SYSTEMPATH\Database\BaseConnection.php(586): CodeIgniter\Database\BaseConnection->initialize()
 2 SYSTEMPATH\Database\BaseBuilder.php(1669): CodeIgniter\Database\BaseConnection->query('SELECT COUNT(*) AS `numrows`
FROM `dataex`', [], false)
 3 SYSTEMPATH\Model.php(550): CodeIgniter\Database\BaseBuilder->countAllResults(false)
 4 SYSTEMPATH\BaseModel.php(1084): CodeIgniter\Model->countAllResults(false)
 5 APPPATH\Controllers\Pages.php(34): CodeIgniter\BaseModel->paginate(10, 'dataex')
 6 SYSTEMPATH\CodeIgniter.php(896): App\Controllers\Pages->index()
 7 SYSTEMPATH\CodeIgniter.php(466): CodeIgniter\CodeIgniter->runController(Object(App\Controllers\Pages))
 8 SYSTEMPATH\CodeIgniter.php(349): CodeIgniter\CodeIgniter->handleRequest(null, Object(Config\Cache), false)
 9 FCPATH\index.php(55): CodeIgniter\CodeIgniter->run()
10 SYSTEMPATH\Commands\Server\rewrite.php(43): require_once('FCPATH\\index.php')
ERROR - 2022-08-01 21:12:06 --> Error connecting to the database: Unknown database 'data_catalog'
CRITICAL - 2022-08-01 21:12:06 --> Unable to connect to the database.
Main connection [MySQLi]: Unknown database 'data_catalog'
in SYSTEMPATH\Database\BaseConnection.php on line 416.
 1 SYSTEMPATH\Database\BaseConnection.php(586): CodeIgniter\Database\BaseConnection->initialize()
 2 SYSTEMPATH\Database\BaseBuilder.php(1669): CodeIgniter\Database\BaseConnection->query('SELECT COUNT(*) AS `numrows`
FROM `dataex`', [], false)
 3 SYSTEMPATH\Model.php(550): CodeIgniter\Database\BaseBuilder->countAllResults(false)
 4 SYSTEMPATH\BaseModel.php(1084): CodeIgniter\Model->countAllResults(false)
 5 APPPATH\Controllers\Pages.php(34): CodeIgniter\BaseModel->paginate(10, 'dataex')
 6 SYSTEMPATH\CodeIgniter.php(896): App\Controllers\Pages->index()
 7 SYSTEMPATH\CodeIgniter.php(466): CodeIgniter\CodeIgniter->runController(Object(App\Controllers\Pages))
 8 SYSTEMPATH\CodeIgniter.php(349): CodeIgniter\CodeIgniter->handleRequest(null, Object(Config\Cache), false)
 9 FCPATH\index.php(55): CodeIgniter\CodeIgniter->run()
10 SYSTEMPATH\Commands\Server\rewrite.php(43): require_once('FCPATH\\index.php')
ERROR - 2022-08-01 21:12:06 --> Error connecting to the database: Unknown database 'data_catalog'
CRITICAL - 2022-08-01 21:12:06 --> Unable to connect to the database.
Main connection [MySQLi]: Unknown database 'data_catalog'
in SYSTEMPATH\Database\BaseConnection.php on line 416.
 1 SYSTEMPATH\Database\BaseConnection.php(586): CodeIgniter\Database\BaseConnection->initialize()
 2 SYSTEMPATH\Database\BaseBuilder.php(1669): CodeIgniter\Database\BaseConnection->query('SELECT COUNT(*) AS `numrows`
FROM `dataex`', [], false)
 3 SYSTEMPATH\Model.php(550): CodeIgniter\Database\BaseBuilder->countAllResults(false)
 4 SYSTEMPATH\BaseModel.php(1084): CodeIgniter\Model->countAllResults(false)
 5 APPPATH\Controllers\Pages.php(34): CodeIgniter\BaseModel->paginate(10, 'dataex')
 6 SYSTEMPATH\CodeIgniter.php(896): App\Controllers\Pages->index()
 7 SYSTEMPATH\CodeIgniter.php(466): CodeIgniter\CodeIgniter->runController(Object(App\Controllers\Pages))
 8 SYSTEMPATH\CodeIgniter.php(349): CodeIgniter\CodeIgniter->handleRequest(null, Object(Config\Cache), false)
 9 FCPATH\index.php(55): CodeIgniter\CodeIgniter->run()
10 SYSTEMPATH\Commands\Server\rewrite.php(43): require_once('FCPATH\\index.php')
ERROR - 2022-08-01 21:12:06 --> Error connecting to the database: Unknown database 'data_catalog'
CRITICAL - 2022-08-01 21:12:06 --> Unable to connect to the database.
Main connection [MySQLi]: Unknown database 'data_catalog'
in SYSTEMPATH\Database\BaseConnection.php on line 416.
 1 SYSTEMPATH\Database\BaseConnection.php(586): CodeIgniter\Database\BaseConnection->initialize()
 2 SYSTEMPATH\Database\BaseBuilder.php(1669): CodeIgniter\Database\BaseConnection->query('SELECT COUNT(*) AS `numrows`
FROM `dataex`', [], false)
 3 SYSTEMPATH\Model.php(550): CodeIgniter\Database\BaseBuilder->countAllResults(false)
 4 SYSTEMPATH\BaseModel.php(1084): CodeIgniter\Model->countAllResults(false)
 5 APPPATH\Controllers\Pages.php(34): CodeIgniter\BaseModel->paginate(10, 'dataex')
 6 SYSTEMPATH\CodeIgniter.php(896): App\Controllers\Pages->index()
 7 SYSTEMPATH\CodeIgniter.php(466): CodeIgniter\CodeIgniter->runController(Object(App\Controllers\Pages))
 8 SYSTEMPATH\CodeIgniter.php(349): CodeIgniter\CodeIgniter->handleRequest(null, Object(Config\Cache), false)
 9 FCPATH\index.php(55): CodeIgniter\CodeIgniter->run()
10 SYSTEMPATH\Commands\Server\rewrite.php(43): require_once('FCPATH\\index.php')
ERROR - 2022-08-01 22:12:16 --> Error connecting to the database: Unknown database 'dataex'
CRITICAL - 2022-08-01 22:12:16 --> Unable to connect to the database.
Main connection [MySQLi]: Unknown database 'dataex'
in SYSTEMPATH\Database\BaseConnection.php on line 416.
 1 SYSTEMPATH\Database\BaseConnection.php(586): CodeIgniter\Database\BaseConnection->initialize()
 2 SYSTEMPATH\Database\BaseBuilder.php(1669): CodeIgniter\Database\BaseConnection->query('SELECT COUNT(*) AS `numrows`
FROM `dataex`', [], false)
 3 SYSTEMPATH\Model.php(550): CodeIgniter\Database\BaseBuilder->countAllResults(false)
 4 SYSTEMPATH\BaseModel.php(1084): CodeIgniter\Model->countAllResults(false)
 5 APPPATH\Controllers\Pages.php(34): CodeIgniter\BaseModel->paginate(10, 'dataex')
 6 SYSTEMPATH\CodeIgniter.php(896): App\Controllers\Pages->index()
 7 SYSTEMPATH\CodeIgniter.php(466): CodeIgniter\CodeIgniter->runController(Object(App\Controllers\Pages))
 8 SYSTEMPATH\CodeIgniter.php(349): CodeIgniter\CodeIgniter->handleRequest(null, Object(Config\Cache), false)
 9 FCPATH\index.php(55): CodeIgniter\CodeIgniter->run()
10 SYSTEMPATH\Commands\Server\rewrite.php(43): require_once('FCPATH\\index.php')
CRITICAL - 2022-08-01 22:12:40 --> Undefined index: LABEL
in APPPATH\Views\pages\crud.php on line 72.
 1 APPPATH\Views\pages\crud.php(72): CodeIgniter\Debug\Exceptions->errorHandler(8, 'Undefined index: LABEL', 'APPPATH\\Views\\pages\\crud.php', 72, [...])
 2 SYSTEMPATH\View\View.php(213): include('APPPATH\\Views\\pages\\crud.php')
 3 SYSTEMPATH\View\View.php(216): CodeIgniter\View\View->CodeIgniter\View\{closure}()
 4 SYSTEMPATH\Common.php(1135): CodeIgniter\View\View->render('pages/crud', [], true)
 5 APPPATH\Controllers\Pages.php(38): view('pages/crud', [...])
 6 SYSTEMPATH\CodeIgniter.php(896): App\Controllers\Pages->index()
 7 SYSTEMPATH\CodeIgniter.php(466): CodeIgniter\CodeIgniter->runController(Object(App\Controllers\Pages))
 8 SYSTEMPATH\CodeIgniter.php(349): CodeIgniter\CodeIgniter->handleRequest(null, Object(Config\Cache), false)
 9 FCPATH\index.php(55): CodeIgniter\CodeIgniter->run()
10 SYSTEMPATH\Commands\Server\rewrite.php(43): require_once('FCPATH\\index.php')
CRITICAL - 2022-08-01 22:13:36 --> Undefined index: LABEL
in APPPATH\Views\pages\crud.php on line 72.
 1 APPPATH\Views\pages\crud.php(72): CodeIgniter\Debug\Exceptions->errorHandler(8, 'Undefined index: LABEL', 'APPPATH\\Views\\pages\\crud.php', 72, [...])
 2 SYSTEMPATH\View\View.php(213): include('APPPATH\\Views\\pages\\crud.php')
 3 SYSTEMPATH\View\View.php(216): CodeIgniter\View\View->CodeIgniter\View\{closure}()
 4 SYSTEMPATH\Common.php(1135): CodeIgniter\View\View->render('pages/crud', [], true)
 5 APPPATH\Controllers\Pages.php(38): view('pages/crud', [...])
 6 SYSTEMPATH\CodeIgniter.php(896): App\Controllers\Pages->index()
 7 SYSTEMPATH\CodeIgniter.php(466): CodeIgniter\CodeIgniter->runController(Object(App\Controllers\Pages))
 8 SYSTEMPATH\CodeIgniter.php(349): CodeIgniter\CodeIgniter->handleRequest(null, Object(Config\Cache), false)
 9 FCPATH\index.php(55): CodeIgniter\CodeIgniter->run()
10 SYSTEMPATH\Commands\Server\rewrite.php(43): require_once('FCPATH\\index.php')
