ERROR - 2022-08-18 20:00:02 --> Error connecting to the database: No connection could be made because the target machine actively refused it.

CRITICAL - 2022-08-18 20:00:02 --> Unable to connect to the database.
Main connection [MySQLi]: No connection could be made because the target machine actively refused it.

in SYSTEMPATH\Database\BaseConnection.php on line 416.
 1 SYSTEMPATH\Database\BaseConnection.php(586): CodeIgniter\Database\BaseConnection->initialize()
 2 SYSTEMPATH\Database\BaseBuilder.php(1585): CodeIgniter\Database\BaseConnection->query('SELECT *
FROM `login`
WHERE `USERNAME` = :USERNAME:
AND `PASSWORD` = :PASSWORD:', [...], false)
 3 SYSTEMPATH\Model.php(771): CodeIgniter\Database\BaseBuilder->get()
 4 APPPATH\Models\ModelLogin.php(12): CodeIgniter\Model->__call('get', [])
 5 APPPATH\Controllers\Login.php(23): App\Models\ModelLogin->get_data('adminkawasan', 'adminkawasan123')
 6 SYSTEMPATH\CodeIgniter.php(896): App\Controllers\Login->login()
 7 SYSTEMPATH\CodeIgniter.php(466): CodeIgniter\CodeIgniter->runController(Object(App\Controllers\Login))
 8 SYSTEMPATH\CodeIgniter.php(349): CodeIgniter\CodeIgniter->handleRequest(null, Object(Config\Cache), false)
 9 FCPATH\index.php(55): CodeIgniter\CodeIgniter->run()
10 SYSTEMPATH\Commands\Server\rewrite.php(43): require_once('FCPATH\\index.php')
ERROR - 2022-08-18 20:00:06 --> Error connecting to the database: No connection could be made because the target machine actively refused it.

CRITICAL - 2022-08-18 20:00:06 --> Unable to connect to the database.
Main connection [MySQLi]: No connection could be made because the target machine actively refused it.

in SYSTEMPATH\Database\BaseConnection.php on line 416.
 1 SYSTEMPATH\Database\BaseConnection.php(586): CodeIgniter\Database\BaseConnection->initialize()
 2 SYSTEMPATH\Database\BaseBuilder.php(1585): CodeIgniter\Database\BaseConnection->query('SELECT *
FROM `login`
WHERE `USERNAME` = :USERNAME:
AND `PASSWORD` = :PASSWORD:', [...], false)
 3 SYSTEMPATH\Model.php(771): CodeIgniter\Database\BaseBuilder->get()
 4 APPPATH\Models\ModelLogin.php(12): CodeIgniter\Model->__call('get', [])
 5 APPPATH\Controllers\Login.php(23): App\Models\ModelLogin->get_data('adminkawasan', 'adminkawasan123')
 6 SYSTEMPATH\CodeIgniter.php(896): App\Controllers\Login->login()
 7 SYSTEMPATH\CodeIgniter.php(466): CodeIgniter\CodeIgniter->runController(Object(App\Controllers\Login))
 8 SYSTEMPATH\CodeIgniter.php(349): CodeIgniter\CodeIgniter->handleRequest(null, Object(Config\Cache), false)
 9 FCPATH\index.php(55): CodeIgniter\CodeIgniter->run()
10 SYSTEMPATH\Commands\Server\rewrite.php(43): require_once('FCPATH\\index.php')
