CRITICAL - 2022-07-31 11:39:28 --> Undefined index: label
in APPPATH\Views\pages\crud.php on line 72.
 1 APPPATH\Views\pages\crud.php(72): CodeIgniter\Debug\Exceptions->errorHandler(8, 'Undefined index: label', 'APPPATH\\Views\\pages\\crud.php', 72, [...])
 2 SYSTEMPATH\View\View.php(213): include('APPPATH\\Views\\pages\\crud.php')
 3 SYSTEMPATH\View\View.php(216): CodeIgniter\View\View->CodeIgniter\View\{closure}()
 4 SYSTEMPATH\Common.php(1135): CodeIgniter\View\View->render('pages/crud', [], true)
 5 APPPATH\Controllers\Pages.php(38): view('pages/crud', [...])
 6 SYSTEMPATH\CodeIgniter.php(896): App\Controllers\Pages->index()
 7 SYSTEMPATH\CodeIgniter.php(466): CodeIgniter\CodeIgniter->runController(Object(App\Controllers\Pages))
 8 SYSTEMPATH\CodeIgniter.php(349): CodeIgniter\CodeIgniter->handleRequest(null, Object(Config\Cache), false)
 9 FCPATH\index.php(55): CodeIgniter\CodeIgniter->run()
10 SYSTEMPATH\Commands\Server\rewrite.php(43): require_once('FCPATH\\index.php')
CRITICAL - 2022-07-31 11:40:30 --> Undefined index: label
in APPPATH\Views\pages\crud.php on line 72.
 1 APPPATH\Views\pages\crud.php(72): CodeIgniter\Debug\Exceptions->errorHandler(8, 'Undefined index: label', 'APPPATH\\Views\\pages\\crud.php', 72, [...])
 2 SYSTEMPATH\View\View.php(213): include('APPPATH\\Views\\pages\\crud.php')
 3 SYSTEMPATH\View\View.php(216): CodeIgniter\View\View->CodeIgniter\View\{closure}()
 4 SYSTEMPATH\Common.php(1135): CodeIgniter\View\View->render('pages/crud', [], true)
 5 APPPATH\Controllers\Pages.php(38): view('pages/crud', [...])
 6 SYSTEMPATH\CodeIgniter.php(896): App\Controllers\Pages->index()
 7 SYSTEMPATH\CodeIgniter.php(466): CodeIgniter\CodeIgniter->runController(Object(App\Controllers\Pages))
 8 SYSTEMPATH\CodeIgniter.php(349): CodeIgniter\CodeIgniter->handleRequest(null, Object(Config\Cache), false)
 9 FCPATH\index.php(55): CodeIgniter\CodeIgniter->run()
10 SYSTEMPATH\Commands\Server\rewrite.php(43): require_once('FCPATH\\index.php')
CRITICAL - 2022-07-31 11:41:34 --> Undefined index: label
in APPPATH\Views\pages\crud.php on line 72.
 1 APPPATH\Views\pages\crud.php(72): CodeIgniter\Debug\Exceptions->errorHandler(8, 'Undefined index: label', 'APPPATH\\Views\\pages\\crud.php', 72, [...])
 2 SYSTEMPATH\View\View.php(213): include('APPPATH\\Views\\pages\\crud.php')
 3 SYSTEMPATH\View\View.php(216): CodeIgniter\View\View->CodeIgniter\View\{closure}()
 4 SYSTEMPATH\Common.php(1135): CodeIgniter\View\View->render('pages/crud', [], true)
 5 APPPATH\Controllers\Pages.php(38): view('pages/crud', [...])
 6 SYSTEMPATH\CodeIgniter.php(896): App\Controllers\Pages->index()
 7 SYSTEMPATH\CodeIgniter.php(466): CodeIgniter\CodeIgniter->runController(Object(App\Controllers\Pages))
 8 SYSTEMPATH\CodeIgniter.php(349): CodeIgniter\CodeIgniter->handleRequest(null, Object(Config\Cache), false)
 9 FCPATH\index.php(55): CodeIgniter\CodeIgniter->run()
10 SYSTEMPATH\Commands\Server\rewrite.php(43): require_once('FCPATH\\index.php')
CRITICAL - 2022-07-31 11:44:28 --> Undefined index: label
in APPPATH\Views\pages\crud.php on line 72.
 1 APPPATH\Views\pages\crud.php(72): CodeIgniter\Debug\Exceptions->errorHandler(8, 'Undefined index: label', 'APPPATH\\Views\\pages\\crud.php', 72, [...])
 2 SYSTEMPATH\View\View.php(213): include('APPPATH\\Views\\pages\\crud.php')
 3 SYSTEMPATH\View\View.php(216): CodeIgniter\View\View->CodeIgniter\View\{closure}()
 4 SYSTEMPATH\Common.php(1135): CodeIgniter\View\View->render('pages/crud', [], true)
 5 APPPATH\Controllers\Pages.php(38): view('pages/crud', [...])
 6 SYSTEMPATH\CodeIgniter.php(896): App\Controllers\Pages->index()
 7 SYSTEMPATH\CodeIgniter.php(466): CodeIgniter\CodeIgniter->runController(Object(App\Controllers\Pages))
 8 SYSTEMPATH\CodeIgniter.php(349): CodeIgniter\CodeIgniter->handleRequest(null, Object(Config\Cache), false)
 9 FCPATH\index.php(55): CodeIgniter\CodeIgniter->run()
10 SYSTEMPATH\Commands\Server\rewrite.php(43): require_once('FCPATH\\index.php')
CRITICAL - 2022-07-31 11:44:39 --> Undefined variable: validation
in APPPATH\Views\pages\input.php on line 88.
 1 APPPATH\Views\pages\input.php(88): CodeIgniter\Debug\Exceptions->errorHandler(8, 'Undefined variable: validation', 'APPPATH\\Views\\pages\\input.php', 88, [...])
 2 SYSTEMPATH\View\View.php(213): include('APPPATH\\Views\\pages\\input.php')
 3 SYSTEMPATH\View\View.php(216): CodeIgniter\View\View->CodeIgniter\View\{closure}()
 4 SYSTEMPATH\Common.php(1135): CodeIgniter\View\View->render('pages/input', [], true)
 5 APPPATH\Controllers\Pages.php(38): view('pages/input', [...])
 6 SYSTEMPATH\CodeIgniter.php(896): App\Controllers\Pages->index()
 7 SYSTEMPATH\CodeIgniter.php(466): CodeIgniter\CodeIgniter->runController(Object(App\Controllers\Pages))
 8 SYSTEMPATH\CodeIgniter.php(349): CodeIgniter\CodeIgniter->handleRequest(null, Object(Config\Cache), false)
 9 FCPATH\index.php(55): CodeIgniter\CodeIgniter->run()
10 SYSTEMPATH\Commands\Server\rewrite.php(43): require_once('FCPATH\\index.php')
CRITICAL - 2022-07-31 11:44:51 --> Undefined index: label
in APPPATH\Views\pages\crud.php on line 72.
 1 APPPATH\Views\pages\crud.php(72): CodeIgniter\Debug\Exceptions->errorHandler(8, 'Undefined index: label', 'APPPATH\\Views\\pages\\crud.php', 72, [...])
 2 SYSTEMPATH\View\View.php(213): include('APPPATH\\Views\\pages\\crud.php')
 3 SYSTEMPATH\View\View.php(216): CodeIgniter\View\View->CodeIgniter\View\{closure}()
 4 SYSTEMPATH\Common.php(1135): CodeIgniter\View\View->render('pages/crud', [], true)
 5 APPPATH\Controllers\Pages.php(38): view('pages/crud', [...])
 6 SYSTEMPATH\CodeIgniter.php(896): App\Controllers\Pages->index()
 7 SYSTEMPATH\CodeIgniter.php(466): CodeIgniter\CodeIgniter->runController(Object(App\Controllers\Pages))
 8 SYSTEMPATH\CodeIgniter.php(349): CodeIgniter\CodeIgniter->handleRequest(null, Object(Config\Cache), false)
 9 FCPATH\index.php(55): CodeIgniter\CodeIgniter->run()
10 SYSTEMPATH\Commands\Server\rewrite.php(43): require_once('FCPATH\\index.php')
CRITICAL - 2022-07-31 11:45:04 --> Undefined index: 
in APPPATH\Views\pages\crud.php on line 72.
 1 APPPATH\Views\pages\crud.php(72): CodeIgniter\Debug\Exceptions->errorHandler(8, 'Undefined index: ', 'APPPATH\\Views\\pages\\crud.php', 72, [...])
 2 SYSTEMPATH\View\View.php(213): include('APPPATH\\Views\\pages\\crud.php')
 3 SYSTEMPATH\View\View.php(216): CodeIgniter\View\View->CodeIgniter\View\{closure}()
 4 SYSTEMPATH\Common.php(1135): CodeIgniter\View\View->render('pages/crud', [], true)
 5 APPPATH\Controllers\Pages.php(38): view('pages/crud', [...])
 6 SYSTEMPATH\CodeIgniter.php(896): App\Controllers\Pages->index()
 7 SYSTEMPATH\CodeIgniter.php(466): CodeIgniter\CodeIgniter->runController(Object(App\Controllers\Pages))
 8 SYSTEMPATH\CodeIgniter.php(349): CodeIgniter\CodeIgniter->handleRequest(null, Object(Config\Cache), false)
 9 FCPATH\index.php(55): CodeIgniter\CodeIgniter->run()
10 SYSTEMPATH\Commands\Server\rewrite.php(43): require_once('FCPATH\\index.php')
CRITICAL - 2022-07-31 11:45:10 --> Undefined index: label
in APPPATH\Views\pages\crud.php on line 72.
 1 APPPATH\Views\pages\crud.php(72): CodeIgniter\Debug\Exceptions->errorHandler(8, 'Undefined index: label', 'APPPATH\\Views\\pages\\crud.php', 72, [...])
 2 SYSTEMPATH\View\View.php(213): include('APPPATH\\Views\\pages\\crud.php')
 3 SYSTEMPATH\View\View.php(216): CodeIgniter\View\View->CodeIgniter\View\{closure}()
 4 SYSTEMPATH\Common.php(1135): CodeIgniter\View\View->render('pages/crud', [], true)
 5 APPPATH\Controllers\Pages.php(38): view('pages/crud', [...])
 6 SYSTEMPATH\CodeIgniter.php(896): App\Controllers\Pages->index()
 7 SYSTEMPATH\CodeIgniter.php(466): CodeIgniter\CodeIgniter->runController(Object(App\Controllers\Pages))
 8 SYSTEMPATH\CodeIgniter.php(349): CodeIgniter\CodeIgniter->handleRequest(null, Object(Config\Cache), false)
 9 FCPATH\index.php(55): CodeIgniter\CodeIgniter->run()
10 SYSTEMPATH\Commands\Server\rewrite.php(43): require_once('FCPATH\\index.php')
ERROR - 2022-07-31 11:45:48 --> Table 'db_catalog.dataex' doesn't exist
CRITICAL - 2022-07-31 11:45:48 --> Table 'db_catalog.dataex' doesn't exist
in SYSTEMPATH\Database\MySQLi\Connection.php on line 292.
 1 SYSTEMPATH\Database\MySQLi\Connection.php(292): mysqli->query('SELECT COUNT(*) AS `numrows`
FROM `dataex`', 0)
 2 SYSTEMPATH\Database\BaseConnection.php(695): CodeIgniter\Database\MySQLi\Connection->execute('SELECT COUNT(*) AS `numrows`
FROM `dataex`')
 3 SYSTEMPATH\Database\BaseConnection.php(609): CodeIgniter\Database\BaseConnection->simpleQuery('SELECT COUNT(*) AS `numrows`
FROM `dataex`')
 4 SYSTEMPATH\Database\BaseBuilder.php(1669): CodeIgniter\Database\BaseConnection->query('SELECT COUNT(*) AS `numrows`
FROM `dataex`', [], false)
 5 SYSTEMPATH\Model.php(550): CodeIgniter\Database\BaseBuilder->countAllResults(false)
 6 SYSTEMPATH\BaseModel.php(1084): CodeIgniter\Model->countAllResults(false)
 7 APPPATH\Controllers\Pages.php(34): CodeIgniter\BaseModel->paginate(10, 'data_catalog')
 8 SYSTEMPATH\CodeIgniter.php(896): App\Controllers\Pages->index()
 9 SYSTEMPATH\CodeIgniter.php(466): CodeIgniter\CodeIgniter->runController(Object(App\Controllers\Pages))
10 SYSTEMPATH\CodeIgniter.php(349): CodeIgniter\CodeIgniter->handleRequest(null, Object(Config\Cache), false)
11 FCPATH\index.php(55): CodeIgniter\CodeIgniter->run()
12 SYSTEMPATH\Commands\Server\rewrite.php(43): require_once('FCPATH\\index.php')
CRITICAL - 2022-07-31 11:46:02 --> Undefined index: label
in APPPATH\Views\pages\crud.php on line 72.
 1 APPPATH\Views\pages\crud.php(72): CodeIgniter\Debug\Exceptions->errorHandler(8, 'Undefined index: label', 'APPPATH\\Views\\pages\\crud.php', 72, [...])
 2 SYSTEMPATH\View\View.php(213): include('APPPATH\\Views\\pages\\crud.php')
 3 SYSTEMPATH\View\View.php(216): CodeIgniter\View\View->CodeIgniter\View\{closure}()
 4 SYSTEMPATH\Common.php(1135): CodeIgniter\View\View->render('pages/crud', [], true)
 5 APPPATH\Controllers\Pages.php(38): view('pages/crud', [...])
 6 SYSTEMPATH\CodeIgniter.php(896): App\Controllers\Pages->index()
 7 SYSTEMPATH\CodeIgniter.php(466): CodeIgniter\CodeIgniter->runController(Object(App\Controllers\Pages))
 8 SYSTEMPATH\CodeIgniter.php(349): CodeIgniter\CodeIgniter->handleRequest(null, Object(Config\Cache), false)
 9 FCPATH\index.php(55): CodeIgniter\CodeIgniter->run()
10 SYSTEMPATH\Commands\Server\rewrite.php(43): require_once('FCPATH\\index.php')
ERROR - 2022-07-31 19:51:23 --> Error connecting to the database: No connection could be made because the target machine actively refused it.

CRITICAL - 2022-07-31 19:51:23 --> Unable to connect to the database.
Main connection [MySQLi]: No connection could be made because the target machine actively refused it.

in SYSTEMPATH\Database\BaseConnection.php on line 416.
 1 SYSTEMPATH\Database\BaseConnection.php(586): CodeIgniter\Database\BaseConnection->initialize()
 2 SYSTEMPATH\Database\BaseBuilder.php(1669): CodeIgniter\Database\BaseConnection->query('SELECT COUNT(*) AS `numrows`
FROM `data_catalog`', [], false)
 3 SYSTEMPATH\Model.php(550): CodeIgniter\Database\BaseBuilder->countAllResults(false)
 4 SYSTEMPATH\BaseModel.php(1084): CodeIgniter\Model->countAllResults(false)
 5 APPPATH\Controllers\Pages.php(34): CodeIgniter\BaseModel->paginate(10, 'data_catalog')
 6 SYSTEMPATH\CodeIgniter.php(896): App\Controllers\Pages->index()
 7 SYSTEMPATH\CodeIgniter.php(466): CodeIgniter\CodeIgniter->runController(Object(App\Controllers\Pages))
 8 SYSTEMPATH\CodeIgniter.php(349): CodeIgniter\CodeIgniter->handleRequest(null, Object(Config\Cache), false)
 9 FCPATH\index.php(55): CodeIgniter\CodeIgniter->run()
10 SYSTEMPATH\Commands\Server\rewrite.php(43): require_once('FCPATH\\index.php')
CRITICAL - 2022-07-31 19:52:03 --> Undefined index: label
in APPPATH\Views\pages\crud.php on line 72.
 1 APPPATH\Views\pages\crud.php(72): CodeIgniter\Debug\Exceptions->errorHandler(8, 'Undefined index: label', 'APPPATH\\Views\\pages\\crud.php', 72, [...])
 2 SYSTEMPATH\View\View.php(213): include('APPPATH\\Views\\pages\\crud.php')
 3 SYSTEMPATH\View\View.php(216): CodeIgniter\View\View->CodeIgniter\View\{closure}()
 4 SYSTEMPATH\Common.php(1135): CodeIgniter\View\View->render('pages/crud', [], true)
 5 APPPATH\Controllers\Pages.php(38): view('pages/crud', [...])
 6 SYSTEMPATH\CodeIgniter.php(896): App\Controllers\Pages->index()
 7 SYSTEMPATH\CodeIgniter.php(466): CodeIgniter\CodeIgniter->runController(Object(App\Controllers\Pages))
 8 SYSTEMPATH\CodeIgniter.php(349): CodeIgniter\CodeIgniter->handleRequest(null, Object(Config\Cache), false)
 9 FCPATH\index.php(55): CodeIgniter\CodeIgniter->run()
10 SYSTEMPATH\Commands\Server\rewrite.php(43): require_once('FCPATH\\index.php')
CRITICAL - 2022-07-31 19:54:08 --> Undefined index: label
in APPPATH\Views\pages\crud.php on line 72.
 1 APPPATH\Views\pages\crud.php(72): CodeIgniter\Debug\Exceptions->errorHandler(8, 'Undefined index: label', 'APPPATH\\Views\\pages\\crud.php', 72, [...])
 2 SYSTEMPATH\View\View.php(213): include('APPPATH\\Views\\pages\\crud.php')
 3 SYSTEMPATH\View\View.php(216): CodeIgniter\View\View->CodeIgniter\View\{closure}()
 4 SYSTEMPATH\Common.php(1135): CodeIgniter\View\View->render('pages/crud', [], true)
 5 APPPATH\Controllers\Pages.php(38): view('pages/crud', [...])
 6 SYSTEMPATH\CodeIgniter.php(896): App\Controllers\Pages->index()
 7 SYSTEMPATH\CodeIgniter.php(466): CodeIgniter\CodeIgniter->runController(Object(App\Controllers\Pages))
 8 SYSTEMPATH\CodeIgniter.php(349): CodeIgniter\CodeIgniter->handleRequest(null, Object(Config\Cache), false)
 9 FCPATH\index.php(55): CodeIgniter\CodeIgniter->run()
10 SYSTEMPATH\Commands\Server\rewrite.php(43): require_once('FCPATH\\index.php')
CRITICAL - 2022-07-31 19:54:52 --> Undefined index: label
in APPPATH\Views\pages\crud.php on line 72.
 1 APPPATH\Views\pages\crud.php(72): CodeIgniter\Debug\Exceptions->errorHandler(8, 'Undefined index: label', 'APPPATH\\Views\\pages\\crud.php', 72, [...])
 2 SYSTEMPATH\View\View.php(213): include('APPPATH\\Views\\pages\\crud.php')
 3 SYSTEMPATH\View\View.php(216): CodeIgniter\View\View->CodeIgniter\View\{closure}()
 4 SYSTEMPATH\Common.php(1135): CodeIgniter\View\View->render('pages/crud', [], true)
 5 APPPATH\Controllers\Pages.php(38): view('pages/crud', [...])
 6 SYSTEMPATH\CodeIgniter.php(896): App\Controllers\Pages->index()
 7 SYSTEMPATH\CodeIgniter.php(466): CodeIgniter\CodeIgniter->runController(Object(App\Controllers\Pages))
 8 SYSTEMPATH\CodeIgniter.php(349): CodeIgniter\CodeIgniter->handleRequest(null, Object(Config\Cache), false)
 9 FCPATH\index.php(55): CodeIgniter\CodeIgniter->run()
10 SYSTEMPATH\Commands\Server\rewrite.php(43): require_once('FCPATH\\index.php')
CRITICAL - 2022-07-31 19:54:52 --> Undefined index: label
in APPPATH\Views\pages\crud.php on line 72.
 1 APPPATH\Views\pages\crud.php(72): CodeIgniter\Debug\Exceptions->errorHandler(8, 'Undefined index: label', 'APPPATH\\Views\\pages\\crud.php', 72, [...])
 2 SYSTEMPATH\View\View.php(213): include('APPPATH\\Views\\pages\\crud.php')
 3 SYSTEMPATH\View\View.php(216): CodeIgniter\View\View->CodeIgniter\View\{closure}()
 4 SYSTEMPATH\Common.php(1135): CodeIgniter\View\View->render('pages/crud', [], true)
 5 APPPATH\Controllers\Pages.php(38): view('pages/crud', [...])
 6 SYSTEMPATH\CodeIgniter.php(896): App\Controllers\Pages->index()
 7 SYSTEMPATH\CodeIgniter.php(466): CodeIgniter\CodeIgniter->runController(Object(App\Controllers\Pages))
 8 SYSTEMPATH\CodeIgniter.php(349): CodeIgniter\CodeIgniter->handleRequest(null, Object(Config\Cache), false)
 9 FCPATH\index.php(55): CodeIgniter\CodeIgniter->run()
10 SYSTEMPATH\Commands\Server\rewrite.php(43): require_once('FCPATH\\index.php')
CRITICAL - 2022-07-31 19:54:53 --> Undefined index: label
in APPPATH\Views\pages\crud.php on line 72.
 1 APPPATH\Views\pages\crud.php(72): CodeIgniter\Debug\Exceptions->errorHandler(8, 'Undefined index: label', 'APPPATH\\Views\\pages\\crud.php', 72, [...])
 2 SYSTEMPATH\View\View.php(213): include('APPPATH\\Views\\pages\\crud.php')
 3 SYSTEMPATH\View\View.php(216): CodeIgniter\View\View->CodeIgniter\View\{closure}()
 4 SYSTEMPATH\Common.php(1135): CodeIgniter\View\View->render('pages/crud', [], true)
 5 APPPATH\Controllers\Pages.php(38): view('pages/crud', [...])
 6 SYSTEMPATH\CodeIgniter.php(896): App\Controllers\Pages->index()
 7 SYSTEMPATH\CodeIgniter.php(466): CodeIgniter\CodeIgniter->runController(Object(App\Controllers\Pages))
 8 SYSTEMPATH\CodeIgniter.php(349): CodeIgniter\CodeIgniter->handleRequest(null, Object(Config\Cache), false)
 9 FCPATH\index.php(55): CodeIgniter\CodeIgniter->run()
10 SYSTEMPATH\Commands\Server\rewrite.php(43): require_once('FCPATH\\index.php')
CRITICAL - 2022-07-31 19:54:53 --> Undefined index: label
in APPPATH\Views\pages\crud.php on line 72.
 1 APPPATH\Views\pages\crud.php(72): CodeIgniter\Debug\Exceptions->errorHandler(8, 'Undefined index: label', 'APPPATH\\Views\\pages\\crud.php', 72, [...])
 2 SYSTEMPATH\View\View.php(213): include('APPPATH\\Views\\pages\\crud.php')
 3 SYSTEMPATH\View\View.php(216): CodeIgniter\View\View->CodeIgniter\View\{closure}()
 4 SYSTEMPATH\Common.php(1135): CodeIgniter\View\View->render('pages/crud', [], true)
 5 APPPATH\Controllers\Pages.php(38): view('pages/crud', [...])
 6 SYSTEMPATH\CodeIgniter.php(896): App\Controllers\Pages->index()
 7 SYSTEMPATH\CodeIgniter.php(466): CodeIgniter\CodeIgniter->runController(Object(App\Controllers\Pages))
 8 SYSTEMPATH\CodeIgniter.php(349): CodeIgniter\CodeIgniter->handleRequest(null, Object(Config\Cache), false)
 9 FCPATH\index.php(55): CodeIgniter\CodeIgniter->run()
10 SYSTEMPATH\Commands\Server\rewrite.php(43): require_once('FCPATH\\index.php')
CRITICAL - 2022-07-31 19:55:35 --> Undefined index: judul_dokumen
in APPPATH\Views\pages\crud.php on line 72.
 1 APPPATH\Views\pages\crud.php(72): CodeIgniter\Debug\Exceptions->errorHandler(8, 'Undefined index: judul_dokumen', 'APPPATH\\Views\\pages\\crud.php', 72, [...])
 2 SYSTEMPATH\View\View.php(213): include('APPPATH\\Views\\pages\\crud.php')
 3 SYSTEMPATH\View\View.php(216): CodeIgniter\View\View->CodeIgniter\View\{closure}()
 4 SYSTEMPATH\Common.php(1135): CodeIgniter\View\View->render('pages/crud', [], true)
 5 APPPATH\Controllers\Pages.php(38): view('pages/crud', [...])
 6 SYSTEMPATH\CodeIgniter.php(896): App\Controllers\Pages->index()
 7 SYSTEMPATH\CodeIgniter.php(466): CodeIgniter\CodeIgniter->runController(Object(App\Controllers\Pages))
 8 SYSTEMPATH\CodeIgniter.php(349): CodeIgniter\CodeIgniter->handleRequest(null, Object(Config\Cache), false)
 9 FCPATH\index.php(55): CodeIgniter\CodeIgniter->run()
10 SYSTEMPATH\Commands\Server\rewrite.php(43): require_once('FCPATH\\index.php')
CRITICAL - 2022-07-31 19:55:42 --> Undefined index: label
in APPPATH\Views\pages\crud.php on line 72.
 1 APPPATH\Views\pages\crud.php(72): CodeIgniter\Debug\Exceptions->errorHandler(8, 'Undefined index: label', 'APPPATH\\Views\\pages\\crud.php', 72, [...])
 2 SYSTEMPATH\View\View.php(213): include('APPPATH\\Views\\pages\\crud.php')
 3 SYSTEMPATH\View\View.php(216): CodeIgniter\View\View->CodeIgniter\View\{closure}()
 4 SYSTEMPATH\Common.php(1135): CodeIgniter\View\View->render('pages/crud', [], true)
 5 APPPATH\Controllers\Pages.php(38): view('pages/crud', [...])
 6 SYSTEMPATH\CodeIgniter.php(896): App\Controllers\Pages->index()
 7 SYSTEMPATH\CodeIgniter.php(466): CodeIgniter\CodeIgniter->runController(Object(App\Controllers\Pages))
 8 SYSTEMPATH\CodeIgniter.php(349): CodeIgniter\CodeIgniter->handleRequest(null, Object(Config\Cache), false)
 9 FCPATH\index.php(55): CodeIgniter\CodeIgniter->run()
10 SYSTEMPATH\Commands\Server\rewrite.php(43): require_once('FCPATH\\index.php')
CRITICAL - 2022-07-31 19:56:30 --> Undefined index: label
in APPPATH\Views\pages\crud.php on line 72.
 1 APPPATH\Views\pages\crud.php(72): CodeIgniter\Debug\Exceptions->errorHandler(8, 'Undefined index: label', 'APPPATH\\Views\\pages\\crud.php', 72, [...])
 2 SYSTEMPATH\View\View.php(213): include('APPPATH\\Views\\pages\\crud.php')
 3 SYSTEMPATH\View\View.php(216): CodeIgniter\View\View->CodeIgniter\View\{closure}()
 4 SYSTEMPATH\Common.php(1135): CodeIgniter\View\View->render('pages/crud', [], true)
 5 APPPATH\Controllers\Pages.php(38): view('pages/crud', [...])
 6 SYSTEMPATH\CodeIgniter.php(896): App\Controllers\Pages->index()
 7 SYSTEMPATH\CodeIgniter.php(466): CodeIgniter\CodeIgniter->runController(Object(App\Controllers\Pages))
 8 SYSTEMPATH\CodeIgniter.php(349): CodeIgniter\CodeIgniter->handleRequest(null, Object(Config\Cache), false)
 9 FCPATH\index.php(55): CodeIgniter\CodeIgniter->run()
10 SYSTEMPATH\Commands\Server\rewrite.php(43): require_once('FCPATH\\index.php')
CRITICAL - 2022-07-31 19:56:40 --> Undefined index: label
in APPPATH\Views\pages\crud.php on line 72.
 1 APPPATH\Views\pages\crud.php(72): CodeIgniter\Debug\Exceptions->errorHandler(8, 'Undefined index: label', 'APPPATH\\Views\\pages\\crud.php', 72, [...])
 2 SYSTEMPATH\View\View.php(213): include('APPPATH\\Views\\pages\\crud.php')
 3 SYSTEMPATH\View\View.php(216): CodeIgniter\View\View->CodeIgniter\View\{closure}()
 4 SYSTEMPATH\Common.php(1135): CodeIgniter\View\View->render('pages/crud', [], true)
 5 APPPATH\Controllers\Pages.php(38): view('pages/crud', [...])
 6 SYSTEMPATH\CodeIgniter.php(896): App\Controllers\Pages->index()
 7 SYSTEMPATH\CodeIgniter.php(466): CodeIgniter\CodeIgniter->runController(Object(App\Controllers\Pages))
 8 SYSTEMPATH\CodeIgniter.php(349): CodeIgniter\CodeIgniter->handleRequest(null, Object(Config\Cache), false)
 9 FCPATH\index.php(55): CodeIgniter\CodeIgniter->run()
10 SYSTEMPATH\Commands\Server\rewrite.php(43): require_once('FCPATH\\index.php')
CRITICAL - 2022-07-31 19:58:10 --> Undefined index: label
in APPPATH\Views\pages\crud.php on line 72.
 1 APPPATH\Views\pages\crud.php(72): CodeIgniter\Debug\Exceptions->errorHandler(8, 'Undefined index: label', 'APPPATH\\Views\\pages\\crud.php', 72, [...])
 2 SYSTEMPATH\View\View.php(213): include('APPPATH\\Views\\pages\\crud.php')
 3 SYSTEMPATH\View\View.php(216): CodeIgniter\View\View->CodeIgniter\View\{closure}()
 4 SYSTEMPATH\Common.php(1135): CodeIgniter\View\View->render('pages/crud', [], true)
 5 APPPATH\Controllers\Pages.php(38): view('pages/crud', [...])
 6 SYSTEMPATH\CodeIgniter.php(896): App\Controllers\Pages->index()
 7 SYSTEMPATH\CodeIgniter.php(466): CodeIgniter\CodeIgniter->runController(Object(App\Controllers\Pages))
 8 SYSTEMPATH\CodeIgniter.php(349): CodeIgniter\CodeIgniter->handleRequest(null, Object(Config\Cache), false)
 9 FCPATH\index.php(55): CodeIgniter\CodeIgniter->run()
10 SYSTEMPATH\Commands\Server\rewrite.php(43): require_once('FCPATH\\index.php')
CRITICAL - 2022-07-31 20:17:57 --> Undefined index: label
in APPPATH\Views\pages\crud.php on line 75.
 1 APPPATH\Views\pages\crud.php(75): CodeIgniter\Debug\Exceptions->errorHandler(8, 'Undefined index: label', 'APPPATH\\Views\\pages\\crud.php', 75, [...])
 2 SYSTEMPATH\View\View.php(213): include('APPPATH\\Views\\pages\\crud.php')
 3 SYSTEMPATH\View\View.php(216): CodeIgniter\View\View->CodeIgniter\View\{closure}()
 4 SYSTEMPATH\Common.php(1135): CodeIgniter\View\View->render('pages/crud', [], true)
 5 APPPATH\Controllers\Pages.php(38): view('pages/crud', [...])
 6 SYSTEMPATH\CodeIgniter.php(896): App\Controllers\Pages->index()
 7 SYSTEMPATH\CodeIgniter.php(466): CodeIgniter\CodeIgniter->runController(Object(App\Controllers\Pages))
 8 SYSTEMPATH\CodeIgniter.php(349): CodeIgniter\CodeIgniter->handleRequest(null, Object(Config\Cache), false)
 9 FCPATH\index.php(55): CodeIgniter\CodeIgniter->run()
10 SYSTEMPATH\Commands\Server\rewrite.php(43): require_once('FCPATH\\index.php')
CRITICAL - 2022-07-31 20:18:07 --> Undefined index: label
in APPPATH\Views\pages\crud.php on line 72.
 1 APPPATH\Views\pages\crud.php(72): CodeIgniter\Debug\Exceptions->errorHandler(8, 'Undefined index: label', 'APPPATH\\Views\\pages\\crud.php', 72, [...])
 2 SYSTEMPATH\View\View.php(213): include('APPPATH\\Views\\pages\\crud.php')
 3 SYSTEMPATH\View\View.php(216): CodeIgniter\View\View->CodeIgniter\View\{closure}()
 4 SYSTEMPATH\Common.php(1135): CodeIgniter\View\View->render('pages/crud', [], true)
 5 APPPATH\Controllers\Pages.php(38): view('pages/crud', [...])
 6 SYSTEMPATH\CodeIgniter.php(896): App\Controllers\Pages->index()
 7 SYSTEMPATH\CodeIgniter.php(466): CodeIgniter\CodeIgniter->runController(Object(App\Controllers\Pages))
 8 SYSTEMPATH\CodeIgniter.php(349): CodeIgniter\CodeIgniter->handleRequest(null, Object(Config\Cache), false)
 9 FCPATH\index.php(55): CodeIgniter\CodeIgniter->run()
10 SYSTEMPATH\Commands\Server\rewrite.php(43): require_once('FCPATH\\index.php')
