CRITICAL - 2022-07-26 00:03:00 --> Undefined array key "dokumen"
in APPPATH\Controllers\Pages.php on line 31.
 1 APPPATH\Controllers\Pages.php(31): CodeIgniter\Debug\Exceptions->errorHandler(2, 'Undefined array key "dokumen"', 'APPPATH\\Controllers\\Pages.php', 31)
 2 SYSTEMPATH\CodeIgniter.php(896): App\Controllers\Pages->index()
 3 SYSTEMPATH\CodeIgniter.php(466): CodeIgniter\CodeIgniter->runController(Object(App\Controllers\Pages))
 4 SYSTEMPATH\CodeIgniter.php(349): CodeIgniter\CodeIgniter->handleRequest(null, Object(Config\Cache), false)
 5 FCPATH\index.php(55): CodeIgniter\CodeIgniter->run()
 6 SYSTEMPATH\Commands\Server\rewrite.php(43): require_once('FCPATH\\index.php')
CRITICAL - 2022-07-26 00:03:45 --> Undefined array key "dokumen"
in APPPATH\Controllers\Pages.php on line 32.
 1 APPPATH\Controllers\Pages.php(32): CodeIgniter\Debug\Exceptions->errorHandler(2, 'Undefined array key "dokumen"', 'APPPATH\\Controllers\\Pages.php', 32)
 2 SYSTEMPATH\CodeIgniter.php(896): App\Controllers\Pages->index()
 3 SYSTEMPATH\CodeIgniter.php(466): CodeIgniter\CodeIgniter->runController(Object(App\Controllers\Pages))
 4 SYSTEMPATH\CodeIgniter.php(349): CodeIgniter\CodeIgniter->handleRequest(null, Object(Config\Cache), false)
 5 FCPATH\index.php(55): CodeIgniter\CodeIgniter->run()
 6 SYSTEMPATH\Commands\Server\rewrite.php(43): require_once('FCPATH\\index.php')
CRITICAL - 2022-07-26 00:04:04 --> Undefined array key "dokumen"
in APPPATH\Controllers\Pages.php on line 34.
 1 APPPATH\Controllers\Pages.php(34): CodeIgniter\Debug\Exceptions->errorHandler(2, 'Undefined array key "dokumen"', 'APPPATH\\Controllers\\Pages.php', 34)
 2 SYSTEMPATH\CodeIgniter.php(896): App\Controllers\Pages->index()
 3 SYSTEMPATH\CodeIgniter.php(466): CodeIgniter\CodeIgniter->runController(Object(App\Controllers\Pages))
 4 SYSTEMPATH\CodeIgniter.php(349): CodeIgniter\CodeIgniter->handleRequest(null, Object(Config\Cache), false)
 5 FCPATH\index.php(55): CodeIgniter\CodeIgniter->run()
 6 SYSTEMPATH\Commands\Server\rewrite.php(43): require_once('FCPATH\\index.php')
CRITICAL - 2022-07-26 00:04:17 --> Undefined array key "dokumen"
in APPPATH\Controllers\Pages.php on line 34.
 1 APPPATH\Controllers\Pages.php(34): CodeIgniter\Debug\Exceptions->errorHandler(2, 'Undefined array key "dokumen"', 'APPPATH\\Controllers\\Pages.php', 34)
 2 SYSTEMPATH\CodeIgniter.php(896): App\Controllers\Pages->index()
 3 SYSTEMPATH\CodeIgniter.php(466): CodeIgniter\CodeIgniter->runController(Object(App\Controllers\Pages))
 4 SYSTEMPATH\CodeIgniter.php(349): CodeIgniter\CodeIgniter->handleRequest(null, Object(Config\Cache), false)
 5 FCPATH\index.php(55): CodeIgniter\CodeIgniter->run()
 6 SYSTEMPATH\Commands\Server\rewrite.php(43): require_once('FCPATH\\index.php')
CRITICAL - 2022-07-26 00:05:49 --> Undefined array key "dokumen"
in APPPATH\Controllers\Pages.php on line 28.
 1 APPPATH\Controllers\Pages.php(28): CodeIgniter\Debug\Exceptions->errorHandler(2, 'Undefined array key "dokumen"', 'APPPATH\\Controllers\\Pages.php', 28)
 2 SYSTEMPATH\CodeIgniter.php(896): App\Controllers\Pages->index()
 3 SYSTEMPATH\CodeIgniter.php(466): CodeIgniter\CodeIgniter->runController(Object(App\Controllers\Pages))
 4 SYSTEMPATH\CodeIgniter.php(349): CodeIgniter\CodeIgniter->handleRequest(null, Object(Config\Cache), false)
 5 FCPATH\index.php(55): CodeIgniter\CodeIgniter->run()
 6 SYSTEMPATH\Commands\Server\rewrite.php(43): require_once('FCPATH\\index.php')
CRITICAL - 2022-07-26 00:06:08 --> Undefined array key "label"
in APPPATH\Controllers\Pages.php on line 28.
 1 APPPATH\Controllers\Pages.php(28): CodeIgniter\Debug\Exceptions->errorHandler(2, 'Undefined array key "label"', 'APPPATH\\Controllers\\Pages.php', 28)
 2 SYSTEMPATH\CodeIgniter.php(896): App\Controllers\Pages->index()
 3 SYSTEMPATH\CodeIgniter.php(466): CodeIgniter\CodeIgniter->runController(Object(App\Controllers\Pages))
 4 SYSTEMPATH\CodeIgniter.php(349): CodeIgniter\CodeIgniter->handleRequest(null, Object(Config\Cache), false)
 5 FCPATH\index.php(55): CodeIgniter\CodeIgniter->run()
 6 SYSTEMPATH\Commands\Server\rewrite.php(43): require_once('FCPATH\\index.php')
CRITICAL - 2022-07-26 00:07:45 --> Undefined array key "label"
in APPPATH\Controllers\Pages.php on line 28.
 1 APPPATH\Controllers\Pages.php(28): CodeIgniter\Debug\Exceptions->errorHandler(2, 'Undefined array key "label"', 'APPPATH\\Controllers\\Pages.php', 28)
 2 SYSTEMPATH\CodeIgniter.php(896): App\Controllers\Pages->index()
 3 SYSTEMPATH\CodeIgniter.php(466): CodeIgniter\CodeIgniter->runController(Object(App\Controllers\Pages))
 4 SYSTEMPATH\CodeIgniter.php(349): CodeIgniter\CodeIgniter->handleRequest(null, Object(Config\Cache), false)
 5 FCPATH\index.php(55): CodeIgniter\CodeIgniter->run()
 6 SYSTEMPATH\Commands\Server\rewrite.php(43): require_once('FCPATH\\index.php')
CRITICAL - 2022-07-26 00:09:37 --> Undefined array key "label"
in APPPATH\Controllers\Pages.php on line 28.
 1 APPPATH\Controllers\Pages.php(28): CodeIgniter\Debug\Exceptions->errorHandler(2, 'Undefined array key "label"', 'APPPATH\\Controllers\\Pages.php', 28)
 2 SYSTEMPATH\CodeIgniter.php(896): App\Controllers\Pages->index()
 3 SYSTEMPATH\CodeIgniter.php(466): CodeIgniter\CodeIgniter->runController(Object(App\Controllers\Pages))
 4 SYSTEMPATH\CodeIgniter.php(349): CodeIgniter\CodeIgniter->handleRequest(null, Object(Config\Cache), false)
 5 FCPATH\index.php(55): CodeIgniter\CodeIgniter->run()
 6 SYSTEMPATH\Commands\Server\rewrite.php(43): require_once('FCPATH\\index.php')
CRITICAL - 2022-07-26 00:09:39 --> Undefined array key "label"
in APPPATH\Controllers\Pages.php on line 28.
 1 APPPATH\Controllers\Pages.php(28): CodeIgniter\Debug\Exceptions->errorHandler(2, 'Undefined array key "label"', 'APPPATH\\Controllers\\Pages.php', 28)
 2 SYSTEMPATH\CodeIgniter.php(896): App\Controllers\Pages->index()
 3 SYSTEMPATH\CodeIgniter.php(466): CodeIgniter\CodeIgniter->runController(Object(App\Controllers\Pages))
 4 SYSTEMPATH\CodeIgniter.php(349): CodeIgniter\CodeIgniter->handleRequest(null, Object(Config\Cache), false)
 5 FCPATH\index.php(55): CodeIgniter\CodeIgniter->run()
 6 SYSTEMPATH\Commands\Server\rewrite.php(43): require_once('FCPATH\\index.php')
CRITICAL - 2022-07-26 00:10:12 --> Undefined array key "label"
in APPPATH\Controllers\Pages.php on line 28.
 1 APPPATH\Controllers\Pages.php(28): CodeIgniter\Debug\Exceptions->errorHandler(2, 'Undefined array key "label"', 'APPPATH\\Controllers\\Pages.php', 28)
 2 SYSTEMPATH\CodeIgniter.php(896): App\Controllers\Pages->index()
 3 SYSTEMPATH\CodeIgniter.php(466): CodeIgniter\CodeIgniter->runController(Object(App\Controllers\Pages))
 4 SYSTEMPATH\CodeIgniter.php(349): CodeIgniter\CodeIgniter->handleRequest(null, Object(Config\Cache), false)
 5 FCPATH\index.php(55): CodeIgniter\CodeIgniter->run()
 6 SYSTEMPATH\Commands\Server\rewrite.php(43): require_once('FCPATH\\index.php')
CRITICAL - 2022-07-26 00:11:11 --> Undefined array key "dokumen"
in APPPATH\Controllers\Pages.php on line 31.
 1 APPPATH\Controllers\Pages.php(31): CodeIgniter\Debug\Exceptions->errorHandler(2, 'Undefined array key "dokumen"', 'APPPATH\\Controllers\\Pages.php', 31)
 2 SYSTEMPATH\CodeIgniter.php(896): App\Controllers\Pages->index()
 3 SYSTEMPATH\CodeIgniter.php(466): CodeIgniter\CodeIgniter->runController(Object(App\Controllers\Pages))
 4 SYSTEMPATH\CodeIgniter.php(349): CodeIgniter\CodeIgniter->handleRequest(null, Object(Config\Cache), false)
 5 FCPATH\index.php(55): CodeIgniter\CodeIgniter->run()
 6 SYSTEMPATH\Commands\Server\rewrite.php(43): require_once('FCPATH\\index.php')
CRITICAL - 2022-07-26 00:11:24 --> Undefined array key "dokumen"
in APPPATH\Controllers\Pages.php on line 31.
 1 APPPATH\Controllers\Pages.php(31): CodeIgniter\Debug\Exceptions->errorHandler(2, 'Undefined array key "dokumen"', 'APPPATH\\Controllers\\Pages.php', 31)
 2 SYSTEMPATH\CodeIgniter.php(896): App\Controllers\Pages->index()
 3 SYSTEMPATH\CodeIgniter.php(466): CodeIgniter\CodeIgniter->runController(Object(App\Controllers\Pages))
 4 SYSTEMPATH\CodeIgniter.php(349): CodeIgniter\CodeIgniter->handleRequest(null, Object(Config\Cache), false)
 5 FCPATH\index.php(55): CodeIgniter\CodeIgniter->run()
 6 SYSTEMPATH\Commands\Server\rewrite.php(43): require_once('FCPATH\\index.php')
CRITICAL - 2022-07-26 00:11:50 --> Undefined array key "dokumen"
in APPPATH\Controllers\Pages.php on line 31.
 1 APPPATH\Controllers\Pages.php(31): CodeIgniter\Debug\Exceptions->errorHandler(2, 'Undefined array key "dokumen"', 'APPPATH\\Controllers\\Pages.php', 31)
 2 SYSTEMPATH\CodeIgniter.php(896): App\Controllers\Pages->index()
 3 SYSTEMPATH\CodeIgniter.php(466): CodeIgniter\CodeIgniter->runController(Object(App\Controllers\Pages))
 4 SYSTEMPATH\CodeIgniter.php(349): CodeIgniter\CodeIgniter->handleRequest(null, Object(Config\Cache), false)
 5 FCPATH\index.php(55): CodeIgniter\CodeIgniter->run()
 6 SYSTEMPATH\Commands\Server\rewrite.php(43): require_once('FCPATH\\index.php')
CRITICAL - 2022-07-26 00:12:32 --> Undefined array key "dokumen"
in APPPATH\Controllers\Pages.php on line 31.
 1 APPPATH\Controllers\Pages.php(31): CodeIgniter\Debug\Exceptions->errorHandler(2, 'Undefined array key "dokumen"', 'APPPATH\\Controllers\\Pages.php', 31)
 2 SYSTEMPATH\CodeIgniter.php(896): App\Controllers\Pages->index()
 3 SYSTEMPATH\CodeIgniter.php(466): CodeIgniter\CodeIgniter->runController(Object(App\Controllers\Pages))
 4 SYSTEMPATH\CodeIgniter.php(349): CodeIgniter\CodeIgniter->handleRequest(null, Object(Config\Cache), false)
 5 FCPATH\index.php(55): CodeIgniter\CodeIgniter->run()
 6 SYSTEMPATH\Commands\Server\rewrite.php(43): require_once('FCPATH\\index.php')
CRITICAL - 2022-07-26 00:12:43 --> Undefined array key "dokumen"
in APPPATH\Controllers\Pages.php on line 31.
 1 APPPATH\Controllers\Pages.php(31): CodeIgniter\Debug\Exceptions->errorHandler(2, 'Undefined array key "dokumen"', 'APPPATH\\Controllers\\Pages.php', 31)
 2 SYSTEMPATH\CodeIgniter.php(896): App\Controllers\Pages->index()
 3 SYSTEMPATH\CodeIgniter.php(466): CodeIgniter\CodeIgniter->runController(Object(App\Controllers\Pages))
 4 SYSTEMPATH\CodeIgniter.php(349): CodeIgniter\CodeIgniter->handleRequest(null, Object(Config\Cache), false)
 5 FCPATH\index.php(55): CodeIgniter\CodeIgniter->run()
 6 SYSTEMPATH\Commands\Server\rewrite.php(43): require_once('FCPATH\\index.php')
CRITICAL - 2022-07-26 00:13:05 --> Undefined array key "dokumen"
in APPPATH\Controllers\Pages.php on line 31.
 1 APPPATH\Controllers\Pages.php(31): CodeIgniter\Debug\Exceptions->errorHandler(2, 'Undefined array key "dokumen"', 'APPPATH\\Controllers\\Pages.php', 31)
 2 SYSTEMPATH\CodeIgniter.php(896): App\Controllers\Pages->index()
 3 SYSTEMPATH\CodeIgniter.php(466): CodeIgniter\CodeIgniter->runController(Object(App\Controllers\Pages))
 4 SYSTEMPATH\CodeIgniter.php(349): CodeIgniter\CodeIgniter->handleRequest(null, Object(Config\Cache), false)
 5 FCPATH\index.php(55): CodeIgniter\CodeIgniter->run()
 6 SYSTEMPATH\Commands\Server\rewrite.php(43): require_once('FCPATH\\index.php')
CRITICAL - 2022-07-26 00:13:24 --> Undefined array key "dokumen"
in APPPATH\Controllers\Pages.php on line 31.
 1 APPPATH\Controllers\Pages.php(31): CodeIgniter\Debug\Exceptions->errorHandler(2, 'Undefined array key "dokumen"', 'APPPATH\\Controllers\\Pages.php', 31)
 2 SYSTEMPATH\CodeIgniter.php(896): App\Controllers\Pages->index()
 3 SYSTEMPATH\CodeIgniter.php(466): CodeIgniter\CodeIgniter->runController(Object(App\Controllers\Pages))
 4 SYSTEMPATH\CodeIgniter.php(349): CodeIgniter\CodeIgniter->handleRequest(null, Object(Config\Cache), false)
 5 FCPATH\index.php(55): CodeIgniter\CodeIgniter->run()
 6 SYSTEMPATH\Commands\Server\rewrite.php(43): require_once('FCPATH\\index.php')
CRITICAL - 2022-07-26 00:13:25 --> Undefined array key "dokumen"
in APPPATH\Controllers\Pages.php on line 31.
 1 APPPATH\Controllers\Pages.php(31): CodeIgniter\Debug\Exceptions->errorHandler(2, 'Undefined array key "dokumen"', 'APPPATH\\Controllers\\Pages.php', 31)
 2 SYSTEMPATH\CodeIgniter.php(896): App\Controllers\Pages->index()
 3 SYSTEMPATH\CodeIgniter.php(466): CodeIgniter\CodeIgniter->runController(Object(App\Controllers\Pages))
 4 SYSTEMPATH\CodeIgniter.php(349): CodeIgniter\CodeIgniter->handleRequest(null, Object(Config\Cache), false)
 5 FCPATH\index.php(55): CodeIgniter\CodeIgniter->run()
 6 SYSTEMPATH\Commands\Server\rewrite.php(43): require_once('FCPATH\\index.php')
CRITICAL - 2022-07-26 00:13:26 --> Undefined array key "dokumen"
in APPPATH\Controllers\Pages.php on line 31.
 1 APPPATH\Controllers\Pages.php(31): CodeIgniter\Debug\Exceptions->errorHandler(2, 'Undefined array key "dokumen"', 'APPPATH\\Controllers\\Pages.php', 31)
 2 SYSTEMPATH\CodeIgniter.php(896): App\Controllers\Pages->index()
 3 SYSTEMPATH\CodeIgniter.php(466): CodeIgniter\CodeIgniter->runController(Object(App\Controllers\Pages))
 4 SYSTEMPATH\CodeIgniter.php(349): CodeIgniter\CodeIgniter->handleRequest(null, Object(Config\Cache), false)
 5 FCPATH\index.php(55): CodeIgniter\CodeIgniter->run()
 6 SYSTEMPATH\Commands\Server\rewrite.php(43): require_once('FCPATH\\index.php')
CRITICAL - 2022-07-26 00:16:45 --> Undefined array key "dokumen"
in APPPATH\Controllers\Pages.php on line 28.
 1 APPPATH\Controllers\Pages.php(28): CodeIgniter\Debug\Exceptions->errorHandler(2, 'Undefined array key "dokumen"', 'APPPATH\\Controllers\\Pages.php', 28)
 2 SYSTEMPATH\CodeIgniter.php(896): App\Controllers\Pages->index()
 3 SYSTEMPATH\CodeIgniter.php(466): CodeIgniter\CodeIgniter->runController(Object(App\Controllers\Pages))
 4 SYSTEMPATH\CodeIgniter.php(349): CodeIgniter\CodeIgniter->handleRequest(null, Object(Config\Cache), false)
 5 FCPATH\index.php(55): CodeIgniter\CodeIgniter->run()
 6 SYSTEMPATH\Commands\Server\rewrite.php(43): require_once('FCPATH\\index.php')
CRITICAL - 2022-07-26 00:19:11 --> Undefined array key "label"
in APPPATH\Controllers\Pages.php on line 28.
 1 APPPATH\Controllers\Pages.php(28): CodeIgniter\Debug\Exceptions->errorHandler(2, 'Undefined array key "label"', 'APPPATH\\Controllers\\Pages.php', 28)
 2 SYSTEMPATH\CodeIgniter.php(896): App\Controllers\Pages->index()
 3 SYSTEMPATH\CodeIgniter.php(466): CodeIgniter\CodeIgniter->runController(Object(App\Controllers\Pages))
 4 SYSTEMPATH\CodeIgniter.php(349): CodeIgniter\CodeIgniter->handleRequest(null, Object(Config\Cache), false)
 5 FCPATH\index.php(55): CodeIgniter\CodeIgniter->run()
 6 SYSTEMPATH\Commands\Server\rewrite.php(43): require_once('FCPATH\\index.php')
CRITICAL - 2022-07-26 00:19:58 --> Undefined array key "label"
in APPPATH\Controllers\Pages.php on line 28.
 1 APPPATH\Controllers\Pages.php(28): CodeIgniter\Debug\Exceptions->errorHandler(2, 'Undefined array key "label"', 'APPPATH\\Controllers\\Pages.php', 28)
 2 SYSTEMPATH\CodeIgniter.php(896): App\Controllers\Pages->index()
 3 SYSTEMPATH\CodeIgniter.php(466): CodeIgniter\CodeIgniter->runController(Object(App\Controllers\Pages))
 4 SYSTEMPATH\CodeIgniter.php(349): CodeIgniter\CodeIgniter->handleRequest(null, Object(Config\Cache), false)
 5 FCPATH\index.php(55): CodeIgniter\CodeIgniter->run()
 6 SYSTEMPATH\Commands\Server\rewrite.php(43): require_once('FCPATH\\index.php')
CRITICAL - 2022-07-26 00:20:43 --> Undefined array key "label"
in APPPATH\Controllers\Pages.php on line 28.
 1 APPPATH\Controllers\Pages.php(28): CodeIgniter\Debug\Exceptions->errorHandler(2, 'Undefined array key "label"', 'APPPATH\\Controllers\\Pages.php', 28)
 2 SYSTEMPATH\CodeIgniter.php(896): App\Controllers\Pages->index()
 3 SYSTEMPATH\CodeIgniter.php(466): CodeIgniter\CodeIgniter->runController(Object(App\Controllers\Pages))
 4 SYSTEMPATH\CodeIgniter.php(349): CodeIgniter\CodeIgniter->handleRequest(null, Object(Config\Cache), false)
 5 FCPATH\index.php(55): CodeIgniter\CodeIgniter->run()
 6 SYSTEMPATH\Commands\Server\rewrite.php(43): require_once('FCPATH\\index.php')
CRITICAL - 2022-07-26 00:20:53 --> Undefined array key "label"
in APPPATH\Controllers\Pages.php on line 28.
 1 APPPATH\Controllers\Pages.php(28): CodeIgniter\Debug\Exceptions->errorHandler(2, 'Undefined array key "label"', 'APPPATH\\Controllers\\Pages.php', 28)
 2 SYSTEMPATH\CodeIgniter.php(896): App\Controllers\Pages->index()
 3 SYSTEMPATH\CodeIgniter.php(466): CodeIgniter\CodeIgniter->runController(Object(App\Controllers\Pages))
 4 SYSTEMPATH\CodeIgniter.php(349): CodeIgniter\CodeIgniter->handleRequest(null, Object(Config\Cache), false)
 5 FCPATH\index.php(55): CodeIgniter\CodeIgniter->run()
 6 SYSTEMPATH\Commands\Server\rewrite.php(43): require_once('FCPATH\\index.php')
CRITICAL - 2022-07-26 00:21:21 --> Undefined array key "label"
in APPPATH\Controllers\Pages.php on line 28.
 1 APPPATH\Controllers\Pages.php(28): CodeIgniter\Debug\Exceptions->errorHandler(2, 'Undefined array key "label"', 'APPPATH\\Controllers\\Pages.php', 28)
 2 SYSTEMPATH\CodeIgniter.php(896): App\Controllers\Pages->index()
 3 SYSTEMPATH\CodeIgniter.php(466): CodeIgniter\CodeIgniter->runController(Object(App\Controllers\Pages))
 4 SYSTEMPATH\CodeIgniter.php(349): CodeIgniter\CodeIgniter->handleRequest(null, Object(Config\Cache), false)
 5 FCPATH\index.php(55): CodeIgniter\CodeIgniter->run()
 6 SYSTEMPATH\Commands\Server\rewrite.php(43): require_once('FCPATH\\index.php')
CRITICAL - 2022-07-26 00:21:23 --> Undefined array key "label"
in APPPATH\Controllers\Pages.php on line 28.
 1 APPPATH\Controllers\Pages.php(28): CodeIgniter\Debug\Exceptions->errorHandler(2, 'Undefined array key "label"', 'APPPATH\\Controllers\\Pages.php', 28)
 2 SYSTEMPATH\CodeIgniter.php(896): App\Controllers\Pages->index()
 3 SYSTEMPATH\CodeIgniter.php(466): CodeIgniter\CodeIgniter->runController(Object(App\Controllers\Pages))
 4 SYSTEMPATH\CodeIgniter.php(349): CodeIgniter\CodeIgniter->handleRequest(null, Object(Config\Cache), false)
 5 FCPATH\index.php(55): CodeIgniter\CodeIgniter->run()
 6 SYSTEMPATH\Commands\Server\rewrite.php(43): require_once('FCPATH\\index.php')
CRITICAL - 2022-07-26 00:22:02 --> Undefined array key "label"
in APPPATH\Controllers\Pages.php on line 31.
 1 APPPATH\Controllers\Pages.php(31): CodeIgniter\Debug\Exceptions->errorHandler(2, 'Undefined array key "label"', 'APPPATH\\Controllers\\Pages.php', 31)
 2 SYSTEMPATH\CodeIgniter.php(896): App\Controllers\Pages->index()
 3 SYSTEMPATH\CodeIgniter.php(466): CodeIgniter\CodeIgniter->runController(Object(App\Controllers\Pages))
 4 SYSTEMPATH\CodeIgniter.php(349): CodeIgniter\CodeIgniter->handleRequest(null, Object(Config\Cache), false)
 5 FCPATH\index.php(55): CodeIgniter\CodeIgniter->run()
 6 SYSTEMPATH\Commands\Server\rewrite.php(43): require_once('FCPATH\\index.php')
CRITICAL - 2022-07-26 00:22:43 --> Undefined array key "label"
in APPPATH\Controllers\Pages.php on line 28.
 1 APPPATH\Controllers\Pages.php(28): CodeIgniter\Debug\Exceptions->errorHandler(2, 'Undefined array key "label"', 'APPPATH\\Controllers\\Pages.php', 28)
 2 SYSTEMPATH\CodeIgniter.php(896): App\Controllers\Pages->index()
 3 SYSTEMPATH\CodeIgniter.php(466): CodeIgniter\CodeIgniter->runController(Object(App\Controllers\Pages))
 4 SYSTEMPATH\CodeIgniter.php(349): CodeIgniter\CodeIgniter->handleRequest(null, Object(Config\Cache), false)
 5 FCPATH\index.php(55): CodeIgniter\CodeIgniter->run()
 6 SYSTEMPATH\Commands\Server\rewrite.php(43): require_once('FCPATH\\index.php')
CRITICAL - 2022-07-26 00:23:46 --> Undefined array key "dokumen"
in APPPATH\Controllers\Pages.php on line 35.
 1 APPPATH\Controllers\Pages.php(35): CodeIgniter\Debug\Exceptions->errorHandler(2, 'Undefined array key "dokumen"', 'APPPATH\\Controllers\\Pages.php', 35)
 2 SYSTEMPATH\CodeIgniter.php(896): App\Controllers\Pages->index()
 3 SYSTEMPATH\CodeIgniter.php(466): CodeIgniter\CodeIgniter->runController(Object(App\Controllers\Pages))
 4 SYSTEMPATH\CodeIgniter.php(349): CodeIgniter\CodeIgniter->handleRequest(null, Object(Config\Cache), false)
 5 FCPATH\index.php(55): CodeIgniter\CodeIgniter->run()
 6 SYSTEMPATH\Commands\Server\rewrite.php(43): require_once('FCPATH\\index.php')
CRITICAL - 2022-07-26 00:28:28 --> CodeIgniter\Database\BaseBuilder::like(): Argument #2 ($match) must be of type string, null given, called in C:\xampp\htdocs\Catalog-PAL\system\Model.php on line 771
in SYSTEMPATH\Database\BaseBuilder.php on line 954.
 1 SYSTEMPATH\Model.php(771): CodeIgniter\Database\BaseBuilder->like('label', null)
 2 APPPATH\Models\M_DataEx.php(17): CodeIgniter\Model->__call('Like', [...])
 3 APPPATH\Controllers\Pages.php(29): App\Models\M_DataEx->search(null)
 4 SYSTEMPATH\CodeIgniter.php(896): App\Controllers\Pages->index()
 5 SYSTEMPATH\CodeIgniter.php(466): CodeIgniter\CodeIgniter->runController(Object(App\Controllers\Pages))
 6 SYSTEMPATH\CodeIgniter.php(349): CodeIgniter\CodeIgniter->handleRequest(null, Object(Config\Cache), false)
 7 FCPATH\index.php(55): CodeIgniter\CodeIgniter->run()
 8 SYSTEMPATH\Commands\Server\rewrite.php(43): require_once('FCPATH\\index.php')
CRITICAL - 2022-07-26 00:30:32 --> Undefined array key "label"
in APPPATH\Controllers\Pages.php on line 38.
 1 APPPATH\Controllers\Pages.php(38): CodeIgniter\Debug\Exceptions->errorHandler(2, 'Undefined array key "label"', 'APPPATH\\Controllers\\Pages.php', 38)
 2 SYSTEMPATH\CodeIgniter.php(896): App\Controllers\Pages->index()
 3 SYSTEMPATH\CodeIgniter.php(466): CodeIgniter\CodeIgniter->runController(Object(App\Controllers\Pages))
 4 SYSTEMPATH\CodeIgniter.php(349): CodeIgniter\CodeIgniter->handleRequest(null, Object(Config\Cache), false)
 5 FCPATH\index.php(55): CodeIgniter\CodeIgniter->run()
 6 SYSTEMPATH\Commands\Server\rewrite.php(43): require_once('FCPATH\\index.php')
CRITICAL - 2022-07-26 00:32:25 --> Undefined array key "label"
in APPPATH\Controllers\Pages.php on line 29.
 1 APPPATH\Controllers\Pages.php(29): CodeIgniter\Debug\Exceptions->errorHandler(2, 'Undefined array key "label"', 'APPPATH\\Controllers\\Pages.php', 29)
 2 SYSTEMPATH\CodeIgniter.php(896): App\Controllers\Pages->index()
 3 SYSTEMPATH\CodeIgniter.php(466): CodeIgniter\CodeIgniter->runController(Object(App\Controllers\Pages))
 4 SYSTEMPATH\CodeIgniter.php(349): CodeIgniter\CodeIgniter->handleRequest(null, Object(Config\Cache), false)
 5 FCPATH\index.php(55): CodeIgniter\CodeIgniter->run()
 6 SYSTEMPATH\Commands\Server\rewrite.php(43): require_once('FCPATH\\index.php')
CRITICAL - 2022-07-26 00:33:49 --> Undefined array key "label"
in APPPATH\Controllers\Pages.php on line 29.
 1 APPPATH\Controllers\Pages.php(29): CodeIgniter\Debug\Exceptions->errorHandler(2, 'Undefined array key "label"', 'APPPATH\\Controllers\\Pages.php', 29)
 2 SYSTEMPATH\CodeIgniter.php(896): App\Controllers\Pages->index()
 3 SYSTEMPATH\CodeIgniter.php(466): CodeIgniter\CodeIgniter->runController(Object(App\Controllers\Pages))
 4 SYSTEMPATH\CodeIgniter.php(349): CodeIgniter\CodeIgniter->handleRequest(null, Object(Config\Cache), false)
 5 FCPATH\index.php(55): CodeIgniter\CodeIgniter->run()
 6 SYSTEMPATH\Commands\Server\rewrite.php(43): require_once('FCPATH\\index.php')
CRITICAL - 2022-07-26 00:33:50 --> Undefined array key "label"
in APPPATH\Controllers\Pages.php on line 29.
 1 APPPATH\Controllers\Pages.php(29): CodeIgniter\Debug\Exceptions->errorHandler(2, 'Undefined array key "label"', 'APPPATH\\Controllers\\Pages.php', 29)
 2 SYSTEMPATH\CodeIgniter.php(896): App\Controllers\Pages->index()
 3 SYSTEMPATH\CodeIgniter.php(466): CodeIgniter\CodeIgniter->runController(Object(App\Controllers\Pages))
 4 SYSTEMPATH\CodeIgniter.php(349): CodeIgniter\CodeIgniter->handleRequest(null, Object(Config\Cache), false)
 5 FCPATH\index.php(55): CodeIgniter\CodeIgniter->run()
 6 SYSTEMPATH\Commands\Server\rewrite.php(43): require_once('FCPATH\\index.php')
CRITICAL - 2022-07-26 00:33:51 --> Undefined array key "label"
in APPPATH\Controllers\Pages.php on line 29.
 1 APPPATH\Controllers\Pages.php(29): CodeIgniter\Debug\Exceptions->errorHandler(2, 'Undefined array key "label"', 'APPPATH\\Controllers\\Pages.php', 29)
 2 SYSTEMPATH\CodeIgniter.php(896): App\Controllers\Pages->index()
 3 SYSTEMPATH\CodeIgniter.php(466): CodeIgniter\CodeIgniter->runController(Object(App\Controllers\Pages))
 4 SYSTEMPATH\CodeIgniter.php(349): CodeIgniter\CodeIgniter->handleRequest(null, Object(Config\Cache), false)
 5 FCPATH\index.php(55): CodeIgniter\CodeIgniter->run()
 6 SYSTEMPATH\Commands\Server\rewrite.php(43): require_once('FCPATH\\index.php')
CRITICAL - 2022-07-26 00:34:06 --> Undefined array key "label"
in APPPATH\Controllers\Pages.php on line 29.
 1 APPPATH\Controllers\Pages.php(29): CodeIgniter\Debug\Exceptions->errorHandler(2, 'Undefined array key "label"', 'APPPATH\\Controllers\\Pages.php', 29)
 2 SYSTEMPATH\CodeIgniter.php(896): App\Controllers\Pages->index()
 3 SYSTEMPATH\CodeIgniter.php(466): CodeIgniter\CodeIgniter->runController(Object(App\Controllers\Pages))
 4 SYSTEMPATH\CodeIgniter.php(349): CodeIgniter\CodeIgniter->handleRequest(null, Object(Config\Cache), false)
 5 FCPATH\index.php(55): CodeIgniter\CodeIgniter->run()
 6 SYSTEMPATH\Commands\Server\rewrite.php(43): require_once('FCPATH\\index.php')
CRITICAL - 2022-07-26 00:36:10 --> Undefined array key "label"
in APPPATH\Controllers\Pages.php on line 29.
 1 APPPATH\Controllers\Pages.php(29): CodeIgniter\Debug\Exceptions->errorHandler(2, 'Undefined array key "label"', 'APPPATH\\Controllers\\Pages.php', 29)
 2 SYSTEMPATH\CodeIgniter.php(896): App\Controllers\Pages->index()
 3 SYSTEMPATH\CodeIgniter.php(466): CodeIgniter\CodeIgniter->runController(Object(App\Controllers\Pages))
 4 SYSTEMPATH\CodeIgniter.php(349): CodeIgniter\CodeIgniter->handleRequest(null, Object(Config\Cache), false)
 5 FCPATH\index.php(55): CodeIgniter\CodeIgniter->run()
 6 SYSTEMPATH\Commands\Server\rewrite.php(43): require_once('FCPATH\\index.php')
CRITICAL - 2022-07-26 00:38:25 --> Cannot use object of type App\Models\M_DataEx as array
in APPPATH\Controllers\Pages.php on line 29.
 1 SYSTEMPATH\CodeIgniter.php(896): App\Controllers\Pages->index()
 2 SYSTEMPATH\CodeIgniter.php(466): CodeIgniter\CodeIgniter->runController(Object(App\Controllers\Pages))
 3 SYSTEMPATH\CodeIgniter.php(349): CodeIgniter\CodeIgniter->handleRequest(null, Object(Config\Cache), false)
 4 FCPATH\index.php(55): CodeIgniter\CodeIgniter->run()
 5 SYSTEMPATH\Commands\Server\rewrite.php(43): require_once('FCPATH\\index.php')
CRITICAL - 2022-07-26 00:39:41 --> Cannot use object of type App\Models\M_DataEx as array
in APPPATH\Controllers\Pages.php on line 29.
 1 SYSTEMPATH\CodeIgniter.php(896): App\Controllers\Pages->index()
 2 SYSTEMPATH\CodeIgniter.php(466): CodeIgniter\CodeIgniter->runController(Object(App\Controllers\Pages))
 3 SYSTEMPATH\CodeIgniter.php(349): CodeIgniter\CodeIgniter->handleRequest(null, Object(Config\Cache), false)
 4 FCPATH\index.php(55): CodeIgniter\CodeIgniter->run()
 5 SYSTEMPATH\Commands\Server\rewrite.php(43): require_once('FCPATH\\index.php')
CRITICAL - 2022-07-26 00:41:27 --> Call to undefined method App\Models\M_DataEx::resultArray
in SYSTEMPATH\Model.php on line 773.
 1 APPPATH\Models\M_DataEx.php(24): CodeIgniter\Model->__call('resultArray', [])
 2 APPPATH\Controllers\Pages.php(28): App\Models\M_DataEx->search('QWERTY5')
 3 SYSTEMPATH\CodeIgniter.php(896): App\Controllers\Pages->index()
 4 SYSTEMPATH\CodeIgniter.php(466): CodeIgniter\CodeIgniter->runController(Object(App\Controllers\Pages))
 5 SYSTEMPATH\CodeIgniter.php(349): CodeIgniter\CodeIgniter->handleRequest(null, Object(Config\Cache), false)
 6 FCPATH\index.php(55): CodeIgniter\CodeIgniter->run()
 7 SYSTEMPATH\Commands\Server\rewrite.php(43): require_once('FCPATH\\index.php')
CRITICAL - 2022-07-26 00:41:33 --> Cannot use object of type App\Models\M_DataEx as array
in APPPATH\Controllers\Pages.php on line 29.
 1 SYSTEMPATH\CodeIgniter.php(896): App\Controllers\Pages->index()
 2 SYSTEMPATH\CodeIgniter.php(466): CodeIgniter\CodeIgniter->runController(Object(App\Controllers\Pages))
 3 SYSTEMPATH\CodeIgniter.php(349): CodeIgniter\CodeIgniter->handleRequest(null, Object(Config\Cache), false)
 4 FCPATH\index.php(55): CodeIgniter\CodeIgniter->run()
 5 SYSTEMPATH\Commands\Server\rewrite.php(43): require_once('FCPATH\\index.php')
CRITICAL - 2022-07-26 00:43:20 --> Undefined array key "label"
in APPPATH\Controllers\Pages.php on line 29.
 1 APPPATH\Controllers\Pages.php(29): CodeIgniter\Debug\Exceptions->errorHandler(2, 'Undefined array key "label"', 'APPPATH\\Controllers\\Pages.php', 29)
 2 SYSTEMPATH\CodeIgniter.php(896): App\Controllers\Pages->index()
 3 SYSTEMPATH\CodeIgniter.php(466): CodeIgniter\CodeIgniter->runController(Object(App\Controllers\Pages))
 4 SYSTEMPATH\CodeIgniter.php(349): CodeIgniter\CodeIgniter->handleRequest(null, Object(Config\Cache), false)
 5 FCPATH\index.php(55): CodeIgniter\CodeIgniter->run()
 6 SYSTEMPATH\Commands\Server\rewrite.php(43): require_once('FCPATH\\index.php')
CRITICAL - 2022-07-26 00:43:37 --> Undefined array key "label"
in APPPATH\Controllers\Pages.php on line 29.
 1 APPPATH\Controllers\Pages.php(29): CodeIgniter\Debug\Exceptions->errorHandler(2, 'Undefined array key "label"', 'APPPATH\\Controllers\\Pages.php', 29)
 2 SYSTEMPATH\CodeIgniter.php(896): App\Controllers\Pages->index()
 3 SYSTEMPATH\CodeIgniter.php(466): CodeIgniter\CodeIgniter->runController(Object(App\Controllers\Pages))
 4 SYSTEMPATH\CodeIgniter.php(349): CodeIgniter\CodeIgniter->handleRequest(null, Object(Config\Cache), false)
 5 FCPATH\index.php(55): CodeIgniter\CodeIgniter->run()
 6 SYSTEMPATH\Commands\Server\rewrite.php(43): require_once('FCPATH\\index.php')
CRITICAL - 2022-07-26 00:43:54 --> Undefined array key "label"
in APPPATH\Controllers\Pages.php on line 29.
 1 APPPATH\Controllers\Pages.php(29): CodeIgniter\Debug\Exceptions->errorHandler(2, 'Undefined array key "label"', 'APPPATH\\Controllers\\Pages.php', 29)
 2 SYSTEMPATH\CodeIgniter.php(896): App\Controllers\Pages->index()
 3 SYSTEMPATH\CodeIgniter.php(466): CodeIgniter\CodeIgniter->runController(Object(App\Controllers\Pages))
 4 SYSTEMPATH\CodeIgniter.php(349): CodeIgniter\CodeIgniter->handleRequest(null, Object(Config\Cache), false)
 5 FCPATH\index.php(55): CodeIgniter\CodeIgniter->run()
 6 SYSTEMPATH\Commands\Server\rewrite.php(43): require_once('FCPATH\\index.php')
CRITICAL - 2022-07-26 00:43:55 --> Undefined array key "label"
in APPPATH\Controllers\Pages.php on line 29.
 1 APPPATH\Controllers\Pages.php(29): CodeIgniter\Debug\Exceptions->errorHandler(2, 'Undefined array key "label"', 'APPPATH\\Controllers\\Pages.php', 29)
 2 SYSTEMPATH\CodeIgniter.php(896): App\Controllers\Pages->index()
 3 SYSTEMPATH\CodeIgniter.php(466): CodeIgniter\CodeIgniter->runController(Object(App\Controllers\Pages))
 4 SYSTEMPATH\CodeIgniter.php(349): CodeIgniter\CodeIgniter->handleRequest(null, Object(Config\Cache), false)
 5 FCPATH\index.php(55): CodeIgniter\CodeIgniter->run()
 6 SYSTEMPATH\Commands\Server\rewrite.php(43): require_once('FCPATH\\index.php')
CRITICAL - 2022-07-26 00:44:21 --> Undefined array key "label"
in APPPATH\Controllers\Pages.php on line 29.
 1 APPPATH\Controllers\Pages.php(29): CodeIgniter\Debug\Exceptions->errorHandler(2, 'Undefined array key "label"', 'APPPATH\\Controllers\\Pages.php', 29)
 2 SYSTEMPATH\CodeIgniter.php(896): App\Controllers\Pages->index()
 3 SYSTEMPATH\CodeIgniter.php(466): CodeIgniter\CodeIgniter->runController(Object(App\Controllers\Pages))
 4 SYSTEMPATH\CodeIgniter.php(349): CodeIgniter\CodeIgniter->handleRequest(null, Object(Config\Cache), false)
 5 FCPATH\index.php(55): CodeIgniter\CodeIgniter->run()
 6 SYSTEMPATH\Commands\Server\rewrite.php(43): require_once('FCPATH\\index.php')
CRITICAL - 2022-07-26 00:44:22 --> Undefined array key "label"
in APPPATH\Controllers\Pages.php on line 29.
 1 APPPATH\Controllers\Pages.php(29): CodeIgniter\Debug\Exceptions->errorHandler(2, 'Undefined array key "label"', 'APPPATH\\Controllers\\Pages.php', 29)
 2 SYSTEMPATH\CodeIgniter.php(896): App\Controllers\Pages->index()
 3 SYSTEMPATH\CodeIgniter.php(466): CodeIgniter\CodeIgniter->runController(Object(App\Controllers\Pages))
 4 SYSTEMPATH\CodeIgniter.php(349): CodeIgniter\CodeIgniter->handleRequest(null, Object(Config\Cache), false)
 5 FCPATH\index.php(55): CodeIgniter\CodeIgniter->run()
 6 SYSTEMPATH\Commands\Server\rewrite.php(43): require_once('FCPATH\\index.php')
CRITICAL - 2022-07-26 00:44:40 --> Undefined array key "label"
in APPPATH\Controllers\Pages.php on line 29.
 1 APPPATH\Controllers\Pages.php(29): CodeIgniter\Debug\Exceptions->errorHandler(2, 'Undefined array key "label"', 'APPPATH\\Controllers\\Pages.php', 29)
 2 SYSTEMPATH\CodeIgniter.php(896): App\Controllers\Pages->index()
 3 SYSTEMPATH\CodeIgniter.php(466): CodeIgniter\CodeIgniter->runController(Object(App\Controllers\Pages))
 4 SYSTEMPATH\CodeIgniter.php(349): CodeIgniter\CodeIgniter->handleRequest(null, Object(Config\Cache), false)
 5 FCPATH\index.php(55): CodeIgniter\CodeIgniter->run()
 6 SYSTEMPATH\Commands\Server\rewrite.php(43): require_once('FCPATH\\index.php')
CRITICAL - 2022-07-26 00:44:41 --> Undefined array key "label"
in APPPATH\Controllers\Pages.php on line 29.
 1 APPPATH\Controllers\Pages.php(29): CodeIgniter\Debug\Exceptions->errorHandler(2, 'Undefined array key "label"', 'APPPATH\\Controllers\\Pages.php', 29)
 2 SYSTEMPATH\CodeIgniter.php(896): App\Controllers\Pages->index()
 3 SYSTEMPATH\CodeIgniter.php(466): CodeIgniter\CodeIgniter->runController(Object(App\Controllers\Pages))
 4 SYSTEMPATH\CodeIgniter.php(349): CodeIgniter\CodeIgniter->handleRequest(null, Object(Config\Cache), false)
 5 FCPATH\index.php(55): CodeIgniter\CodeIgniter->run()
 6 SYSTEMPATH\Commands\Server\rewrite.php(43): require_once('FCPATH\\index.php')
CRITICAL - 2022-07-26 00:45:27 --> Undefined array key "label"
in APPPATH\Controllers\Pages.php on line 29.
 1 APPPATH\Controllers\Pages.php(29): CodeIgniter\Debug\Exceptions->errorHandler(2, 'Undefined array key "label"', 'APPPATH\\Controllers\\Pages.php', 29)
 2 SYSTEMPATH\CodeIgniter.php(896): App\Controllers\Pages->index()
 3 SYSTEMPATH\CodeIgniter.php(466): CodeIgniter\CodeIgniter->runController(Object(App\Controllers\Pages))
 4 SYSTEMPATH\CodeIgniter.php(349): CodeIgniter\CodeIgniter->handleRequest(null, Object(Config\Cache), false)
 5 FCPATH\index.php(55): CodeIgniter\CodeIgniter->run()
 6 SYSTEMPATH\Commands\Server\rewrite.php(43): require_once('FCPATH\\index.php')
CRITICAL - 2022-07-26 00:45:41 --> Undefined array key "label"
in APPPATH\Controllers\Pages.php on line 29.
 1 APPPATH\Controllers\Pages.php(29): CodeIgniter\Debug\Exceptions->errorHandler(2, 'Undefined array key "label"', 'APPPATH\\Controllers\\Pages.php', 29)
 2 SYSTEMPATH\CodeIgniter.php(896): App\Controllers\Pages->index()
 3 SYSTEMPATH\CodeIgniter.php(466): CodeIgniter\CodeIgniter->runController(Object(App\Controllers\Pages))
 4 SYSTEMPATH\CodeIgniter.php(349): CodeIgniter\CodeIgniter->handleRequest(null, Object(Config\Cache), false)
 5 FCPATH\index.php(55): CodeIgniter\CodeIgniter->run()
 6 SYSTEMPATH\Commands\Server\rewrite.php(43): require_once('FCPATH\\index.php')
CRITICAL - 2022-07-26 00:45:42 --> Undefined array key "label"
in APPPATH\Controllers\Pages.php on line 29.
 1 APPPATH\Controllers\Pages.php(29): CodeIgniter\Debug\Exceptions->errorHandler(2, 'Undefined array key "label"', 'APPPATH\\Controllers\\Pages.php', 29)
 2 SYSTEMPATH\CodeIgniter.php(896): App\Controllers\Pages->index()
 3 SYSTEMPATH\CodeIgniter.php(466): CodeIgniter\CodeIgniter->runController(Object(App\Controllers\Pages))
 4 SYSTEMPATH\CodeIgniter.php(349): CodeIgniter\CodeIgniter->handleRequest(null, Object(Config\Cache), false)
 5 FCPATH\index.php(55): CodeIgniter\CodeIgniter->run()
 6 SYSTEMPATH\Commands\Server\rewrite.php(43): require_once('FCPATH\\index.php')
CRITICAL - 2022-07-26 00:46:30 --> Undefined array key "label"
in APPPATH\Controllers\Pages.php on line 29.
 1 APPPATH\Controllers\Pages.php(29): CodeIgniter\Debug\Exceptions->errorHandler(2, 'Undefined array key "label"', 'APPPATH\\Controllers\\Pages.php', 29)
 2 SYSTEMPATH\CodeIgniter.php(896): App\Controllers\Pages->index()
 3 SYSTEMPATH\CodeIgniter.php(466): CodeIgniter\CodeIgniter->runController(Object(App\Controllers\Pages))
 4 SYSTEMPATH\CodeIgniter.php(349): CodeIgniter\CodeIgniter->handleRequest(null, Object(Config\Cache), false)
 5 FCPATH\index.php(55): CodeIgniter\CodeIgniter->run()
 6 SYSTEMPATH\Commands\Server\rewrite.php(43): require_once('FCPATH\\index.php')
CRITICAL - 2022-07-26 00:54:42 --> Undefined array key "label"
in APPPATH\Controllers\Pages.php on line 30.
 1 APPPATH\Controllers\Pages.php(30): CodeIgniter\Debug\Exceptions->errorHandler(2, 'Undefined array key "label"', 'APPPATH\\Controllers\\Pages.php', 30)
 2 SYSTEMPATH\CodeIgniter.php(896): App\Controllers\Pages->index()
 3 SYSTEMPATH\CodeIgniter.php(466): CodeIgniter\CodeIgniter->runController(Object(App\Controllers\Pages))
 4 SYSTEMPATH\CodeIgniter.php(349): CodeIgniter\CodeIgniter->handleRequest(null, Object(Config\Cache), false)
 5 FCPATH\index.php(55): CodeIgniter\CodeIgniter->run()
 6 SYSTEMPATH\Commands\Server\rewrite.php(43): require_once('FCPATH\\index.php')
CRITICAL - 2022-07-26 00:55:26 --> Undefined array key "label"
in APPPATH\Controllers\Pages.php on line 30.
 1 APPPATH\Controllers\Pages.php(30): CodeIgniter\Debug\Exceptions->errorHandler(2, 'Undefined array key "label"', 'APPPATH\\Controllers\\Pages.php', 30)
 2 SYSTEMPATH\CodeIgniter.php(896): App\Controllers\Pages->index()
 3 SYSTEMPATH\CodeIgniter.php(466): CodeIgniter\CodeIgniter->runController(Object(App\Controllers\Pages))
 4 SYSTEMPATH\CodeIgniter.php(349): CodeIgniter\CodeIgniter->handleRequest(null, Object(Config\Cache), false)
 5 FCPATH\index.php(55): CodeIgniter\CodeIgniter->run()
 6 SYSTEMPATH\Commands\Server\rewrite.php(43): require_once('FCPATH\\index.php')
CRITICAL - 2022-07-26 00:55:27 --> Undefined array key "label"
in APPPATH\Controllers\Pages.php on line 30.
 1 APPPATH\Controllers\Pages.php(30): CodeIgniter\Debug\Exceptions->errorHandler(2, 'Undefined array key "label"', 'APPPATH\\Controllers\\Pages.php', 30)
 2 SYSTEMPATH\CodeIgniter.php(896): App\Controllers\Pages->index()
 3 SYSTEMPATH\CodeIgniter.php(466): CodeIgniter\CodeIgniter->runController(Object(App\Controllers\Pages))
 4 SYSTEMPATH\CodeIgniter.php(349): CodeIgniter\CodeIgniter->handleRequest(null, Object(Config\Cache), false)
 5 FCPATH\index.php(55): CodeIgniter\CodeIgniter->run()
 6 SYSTEMPATH\Commands\Server\rewrite.php(43): require_once('FCPATH\\index.php')
CRITICAL - 2022-07-26 00:56:15 --> Undefined array key "label"
in APPPATH\Controllers\Pages.php on line 30.
 1 APPPATH\Controllers\Pages.php(30): CodeIgniter\Debug\Exceptions->errorHandler(2, 'Undefined array key "label"', 'APPPATH\\Controllers\\Pages.php', 30)
 2 SYSTEMPATH\CodeIgniter.php(896): App\Controllers\Pages->index()
 3 SYSTEMPATH\CodeIgniter.php(466): CodeIgniter\CodeIgniter->runController(Object(App\Controllers\Pages))
 4 SYSTEMPATH\CodeIgniter.php(349): CodeIgniter\CodeIgniter->handleRequest(null, Object(Config\Cache), false)
 5 FCPATH\index.php(55): CodeIgniter\CodeIgniter->run()
 6 SYSTEMPATH\Commands\Server\rewrite.php(43): require_once('FCPATH\\index.php')
CRITICAL - 2022-07-26 00:56:55 --> Undefined array key "label"
in APPPATH\Controllers\Pages.php on line 30.
 1 APPPATH\Controllers\Pages.php(30): CodeIgniter\Debug\Exceptions->errorHandler(2, 'Undefined array key "label"', 'APPPATH\\Controllers\\Pages.php', 30)
 2 SYSTEMPATH\CodeIgniter.php(896): App\Controllers\Pages->index()
 3 SYSTEMPATH\CodeIgniter.php(466): CodeIgniter\CodeIgniter->runController(Object(App\Controllers\Pages))
 4 SYSTEMPATH\CodeIgniter.php(349): CodeIgniter\CodeIgniter->handleRequest(null, Object(Config\Cache), false)
 5 FCPATH\index.php(55): CodeIgniter\CodeIgniter->run()
 6 SYSTEMPATH\Commands\Server\rewrite.php(43): require_once('FCPATH\\index.php')
CRITICAL - 2022-07-26 00:56:55 --> Undefined array key "label"
in APPPATH\Controllers\Pages.php on line 30.
 1 APPPATH\Controllers\Pages.php(30): CodeIgniter\Debug\Exceptions->errorHandler(2, 'Undefined array key "label"', 'APPPATH\\Controllers\\Pages.php', 30)
 2 SYSTEMPATH\CodeIgniter.php(896): App\Controllers\Pages->index()
 3 SYSTEMPATH\CodeIgniter.php(466): CodeIgniter\CodeIgniter->runController(Object(App\Controllers\Pages))
 4 SYSTEMPATH\CodeIgniter.php(349): CodeIgniter\CodeIgniter->handleRequest(null, Object(Config\Cache), false)
 5 FCPATH\index.php(55): CodeIgniter\CodeIgniter->run()
 6 SYSTEMPATH\Commands\Server\rewrite.php(43): require_once('FCPATH\\index.php')
CRITICAL - 2022-07-26 00:57:05 --> Undefined array key "label"
in APPPATH\Controllers\Pages.php on line 30.
 1 APPPATH\Controllers\Pages.php(30): CodeIgniter\Debug\Exceptions->errorHandler(2, 'Undefined array key "label"', 'APPPATH\\Controllers\\Pages.php', 30)
 2 SYSTEMPATH\CodeIgniter.php(896): App\Controllers\Pages->index()
 3 SYSTEMPATH\CodeIgniter.php(466): CodeIgniter\CodeIgniter->runController(Object(App\Controllers\Pages))
 4 SYSTEMPATH\CodeIgniter.php(349): CodeIgniter\CodeIgniter->handleRequest(null, Object(Config\Cache), false)
 5 FCPATH\index.php(55): CodeIgniter\CodeIgniter->run()
 6 SYSTEMPATH\Commands\Server\rewrite.php(43): require_once('FCPATH\\index.php')
CRITICAL - 2022-07-26 01:00:06 --> Undefined array key "kategori"
in APPPATH\Controllers\Pages.php on line 29.
 1 APPPATH\Controllers\Pages.php(29): CodeIgniter\Debug\Exceptions->errorHandler(2, 'Undefined array key "kategori"', 'APPPATH\\Controllers\\Pages.php', 29)
 2 SYSTEMPATH\CodeIgniter.php(896): App\Controllers\Pages->index()
 3 SYSTEMPATH\CodeIgniter.php(466): CodeIgniter\CodeIgniter->runController(Object(App\Controllers\Pages))
 4 SYSTEMPATH\CodeIgniter.php(349): CodeIgniter\CodeIgniter->handleRequest(null, Object(Config\Cache), false)
 5 FCPATH\index.php(55): CodeIgniter\CodeIgniter->run()
 6 SYSTEMPATH\Commands\Server\rewrite.php(43): require_once('FCPATH\\index.php')
CRITICAL - 2022-07-26 01:00:39 --> Undefined array key "kategori"
in APPPATH\Controllers\Pages.php on line 29.
 1 APPPATH\Controllers\Pages.php(29): CodeIgniter\Debug\Exceptions->errorHandler(2, 'Undefined array key "kategori"', 'APPPATH\\Controllers\\Pages.php', 29)
 2 SYSTEMPATH\CodeIgniter.php(896): App\Controllers\Pages->index()
 3 SYSTEMPATH\CodeIgniter.php(466): CodeIgniter\CodeIgniter->runController(Object(App\Controllers\Pages))
 4 SYSTEMPATH\CodeIgniter.php(349): CodeIgniter\CodeIgniter->handleRequest(null, Object(Config\Cache), false)
 5 FCPATH\index.php(55): CodeIgniter\CodeIgniter->run()
 6 SYSTEMPATH\Commands\Server\rewrite.php(43): require_once('FCPATH\\index.php')
CRITICAL - 2022-07-26 01:00:40 --> Undefined array key "kategori"
in APPPATH\Controllers\Pages.php on line 29.
 1 APPPATH\Controllers\Pages.php(29): CodeIgniter\Debug\Exceptions->errorHandler(2, 'Undefined array key "kategori"', 'APPPATH\\Controllers\\Pages.php', 29)
 2 SYSTEMPATH\CodeIgniter.php(896): App\Controllers\Pages->index()
 3 SYSTEMPATH\CodeIgniter.php(466): CodeIgniter\CodeIgniter->runController(Object(App\Controllers\Pages))
 4 SYSTEMPATH\CodeIgniter.php(349): CodeIgniter\CodeIgniter->handleRequest(null, Object(Config\Cache), false)
 5 FCPATH\index.php(55): CodeIgniter\CodeIgniter->run()
 6 SYSTEMPATH\Commands\Server\rewrite.php(43): require_once('FCPATH\\index.php')
CRITICAL - 2022-07-26 01:00:40 --> Undefined array key "kategori"
in APPPATH\Controllers\Pages.php on line 29.
 1 APPPATH\Controllers\Pages.php(29): CodeIgniter\Debug\Exceptions->errorHandler(2, 'Undefined array key "kategori"', 'APPPATH\\Controllers\\Pages.php', 29)
 2 SYSTEMPATH\CodeIgniter.php(896): App\Controllers\Pages->index()
 3 SYSTEMPATH\CodeIgniter.php(466): CodeIgniter\CodeIgniter->runController(Object(App\Controllers\Pages))
 4 SYSTEMPATH\CodeIgniter.php(349): CodeIgniter\CodeIgniter->handleRequest(null, Object(Config\Cache), false)
 5 FCPATH\index.php(55): CodeIgniter\CodeIgniter->run()
 6 SYSTEMPATH\Commands\Server\rewrite.php(43): require_once('FCPATH\\index.php')
CRITICAL - 2022-07-26 01:03:10 --> Undefined array key "kategori"
in APPPATH\Controllers\Pages.php on line 29.
 1 APPPATH\Controllers\Pages.php(29): CodeIgniter\Debug\Exceptions->errorHandler(2, 'Undefined array key "kategori"', 'APPPATH\\Controllers\\Pages.php', 29)
 2 SYSTEMPATH\CodeIgniter.php(896): App\Controllers\Pages->index()
 3 SYSTEMPATH\CodeIgniter.php(466): CodeIgniter\CodeIgniter->runController(Object(App\Controllers\Pages))
 4 SYSTEMPATH\CodeIgniter.php(349): CodeIgniter\CodeIgniter->handleRequest(null, Object(Config\Cache), false)
 5 FCPATH\index.php(55): CodeIgniter\CodeIgniter->run()
 6 SYSTEMPATH\Commands\Server\rewrite.php(43): require_once('FCPATH\\index.php')
CRITICAL - 2022-07-26 01:04:48 --> Undefined array key "kategori"
in APPPATH\Controllers\Pages.php on line 30.
 1 APPPATH\Controllers\Pages.php(30): CodeIgniter\Debug\Exceptions->errorHandler(2, 'Undefined array key "kategori"', 'APPPATH\\Controllers\\Pages.php', 30)
 2 SYSTEMPATH\CodeIgniter.php(896): App\Controllers\Pages->index()
 3 SYSTEMPATH\CodeIgniter.php(466): CodeIgniter\CodeIgniter->runController(Object(App\Controllers\Pages))
 4 SYSTEMPATH\CodeIgniter.php(349): CodeIgniter\CodeIgniter->handleRequest(null, Object(Config\Cache), false)
 5 FCPATH\index.php(55): CodeIgniter\CodeIgniter->run()
 6 SYSTEMPATH\Commands\Server\rewrite.php(43): require_once('FCPATH\\index.php')
CRITICAL - 2022-07-26 01:05:13 --> Trying to access array offset on value of type null
in APPPATH\Controllers\Pages.php on line 30.
 1 APPPATH\Controllers\Pages.php(30): CodeIgniter\Debug\Exceptions->errorHandler(2, 'Trying to access array offset on value of type null', 'APPPATH\\Controllers\\Pages.php', 30)
 2 SYSTEMPATH\CodeIgniter.php(896): App\Controllers\Pages->index()
 3 SYSTEMPATH\CodeIgniter.php(466): CodeIgniter\CodeIgniter->runController(Object(App\Controllers\Pages))
 4 SYSTEMPATH\CodeIgniter.php(349): CodeIgniter\CodeIgniter->handleRequest(null, Object(Config\Cache), false)
 5 FCPATH\index.php(55): CodeIgniter\CodeIgniter->run()
 6 SYSTEMPATH\Commands\Server\rewrite.php(43): require_once('FCPATH\\index.php')
CRITICAL - 2022-07-26 01:06:43 --> Undefined array key "kategori"
in APPPATH\Controllers\Pages.php on line 29.
 1 APPPATH\Controllers\Pages.php(29): CodeIgniter\Debug\Exceptions->errorHandler(2, 'Undefined array key "kategori"', 'APPPATH\\Controllers\\Pages.php', 29)
 2 SYSTEMPATH\CodeIgniter.php(896): App\Controllers\Pages->index()
 3 SYSTEMPATH\CodeIgniter.php(466): CodeIgniter\CodeIgniter->runController(Object(App\Controllers\Pages))
 4 SYSTEMPATH\CodeIgniter.php(349): CodeIgniter\CodeIgniter->handleRequest(null, Object(Config\Cache), false)
 5 FCPATH\index.php(55): CodeIgniter\CodeIgniter->run()
 6 SYSTEMPATH\Commands\Server\rewrite.php(43): require_once('FCPATH\\index.php')
CRITICAL - 2022-07-26 01:06:56 --> Undefined array key "kategori"
in APPPATH\Controllers\Pages.php on line 29.
 1 APPPATH\Controllers\Pages.php(29): CodeIgniter\Debug\Exceptions->errorHandler(2, 'Undefined array key "kategori"', 'APPPATH\\Controllers\\Pages.php', 29)
 2 SYSTEMPATH\CodeIgniter.php(896): App\Controllers\Pages->index()
 3 SYSTEMPATH\CodeIgniter.php(466): CodeIgniter\CodeIgniter->runController(Object(App\Controllers\Pages))
 4 SYSTEMPATH\CodeIgniter.php(349): CodeIgniter\CodeIgniter->handleRequest(null, Object(Config\Cache), false)
 5 FCPATH\index.php(55): CodeIgniter\CodeIgniter->run()
 6 SYSTEMPATH\Commands\Server\rewrite.php(43): require_once('FCPATH\\index.php')
CRITICAL - 2022-07-26 01:07:20 --> Undefined array key "kategori"
in APPPATH\Controllers\Pages.php on line 29.
 1 APPPATH\Controllers\Pages.php(29): CodeIgniter\Debug\Exceptions->errorHandler(2, 'Undefined array key "kategori"', 'APPPATH\\Controllers\\Pages.php', 29)
 2 SYSTEMPATH\CodeIgniter.php(896): App\Controllers\Pages->index()
 3 SYSTEMPATH\CodeIgniter.php(466): CodeIgniter\CodeIgniter->runController(Object(App\Controllers\Pages))
 4 SYSTEMPATH\CodeIgniter.php(349): CodeIgniter\CodeIgniter->handleRequest(null, Object(Config\Cache), false)
 5 FCPATH\index.php(55): CodeIgniter\CodeIgniter->run()
 6 SYSTEMPATH\Commands\Server\rewrite.php(43): require_once('FCPATH\\index.php')
CRITICAL - 2022-07-26 01:07:52 --> Undefined array key "kategori"
in APPPATH\Controllers\Pages.php on line 29.
 1 APPPATH\Controllers\Pages.php(29): CodeIgniter\Debug\Exceptions->errorHandler(2, 'Undefined array key "kategori"', 'APPPATH\\Controllers\\Pages.php', 29)
 2 SYSTEMPATH\CodeIgniter.php(896): App\Controllers\Pages->index()
 3 SYSTEMPATH\CodeIgniter.php(466): CodeIgniter\CodeIgniter->runController(Object(App\Controllers\Pages))
 4 SYSTEMPATH\CodeIgniter.php(349): CodeIgniter\CodeIgniter->handleRequest(null, Object(Config\Cache), false)
 5 FCPATH\index.php(55): CodeIgniter\CodeIgniter->run()
 6 SYSTEMPATH\Commands\Server\rewrite.php(43): require_once('FCPATH\\index.php')
CRITICAL - 2022-07-26 01:08:21 --> Undefined array key "label"
in APPPATH\Controllers\Pages.php on line 29.
 1 APPPATH\Controllers\Pages.php(29): CodeIgniter\Debug\Exceptions->errorHandler(2, 'Undefined array key "label"', 'APPPATH\\Controllers\\Pages.php', 29)
 2 SYSTEMPATH\CodeIgniter.php(896): App\Controllers\Pages->index()
 3 SYSTEMPATH\CodeIgniter.php(466): CodeIgniter\CodeIgniter->runController(Object(App\Controllers\Pages))
 4 SYSTEMPATH\CodeIgniter.php(349): CodeIgniter\CodeIgniter->handleRequest(null, Object(Config\Cache), false)
 5 FCPATH\index.php(55): CodeIgniter\CodeIgniter->run()
 6 SYSTEMPATH\Commands\Server\rewrite.php(43): require_once('FCPATH\\index.php')
CRITICAL - 2022-07-26 01:08:44 --> Undefined array key "kategori"
in APPPATH\Controllers\Pages.php on line 29.
 1 APPPATH\Controllers\Pages.php(29): CodeIgniter\Debug\Exceptions->errorHandler(2, 'Undefined array key "kategori"', 'APPPATH\\Controllers\\Pages.php', 29)
 2 SYSTEMPATH\CodeIgniter.php(896): App\Controllers\Pages->index()
 3 SYSTEMPATH\CodeIgniter.php(466): CodeIgniter\CodeIgniter->runController(Object(App\Controllers\Pages))
 4 SYSTEMPATH\CodeIgniter.php(349): CodeIgniter\CodeIgniter->handleRequest(null, Object(Config\Cache), false)
 5 FCPATH\index.php(55): CodeIgniter\CodeIgniter->run()
 6 SYSTEMPATH\Commands\Server\rewrite.php(43): require_once('FCPATH\\index.php')
CRITICAL - 2022-07-26 01:09:00 --> Undefined array key "kategori"
in APPPATH\Controllers\Pages.php on line 29.
 1 APPPATH\Controllers\Pages.php(29): CodeIgniter\Debug\Exceptions->errorHandler(2, 'Undefined array key "kategori"', 'APPPATH\\Controllers\\Pages.php', 29)
 2 SYSTEMPATH\CodeIgniter.php(896): App\Controllers\Pages->index()
 3 SYSTEMPATH\CodeIgniter.php(466): CodeIgniter\CodeIgniter->runController(Object(App\Controllers\Pages))
 4 SYSTEMPATH\CodeIgniter.php(349): CodeIgniter\CodeIgniter->handleRequest(null, Object(Config\Cache), false)
 5 FCPATH\index.php(55): CodeIgniter\CodeIgniter->run()
 6 SYSTEMPATH\Commands\Server\rewrite.php(43): require_once('FCPATH\\index.php')
CRITICAL - 2022-07-26 01:09:50 --> Undefined array key "kategori"
in APPPATH\Controllers\Pages.php on line 29.
 1 APPPATH\Controllers\Pages.php(29): CodeIgniter\Debug\Exceptions->errorHandler(2, 'Undefined array key "kategori"', 'APPPATH\\Controllers\\Pages.php', 29)
 2 SYSTEMPATH\CodeIgniter.php(896): App\Controllers\Pages->index()
 3 SYSTEMPATH\CodeIgniter.php(466): CodeIgniter\CodeIgniter->runController(Object(App\Controllers\Pages))
 4 SYSTEMPATH\CodeIgniter.php(349): CodeIgniter\CodeIgniter->handleRequest(null, Object(Config\Cache), false)
 5 FCPATH\index.php(55): CodeIgniter\CodeIgniter->run()
 6 SYSTEMPATH\Commands\Server\rewrite.php(43): require_once('FCPATH\\index.php')
CRITICAL - 2022-07-26 01:10:11 --> Undefined array key "kategori"
in APPPATH\Controllers\Pages.php on line 29.
 1 APPPATH\Controllers\Pages.php(29): CodeIgniter\Debug\Exceptions->errorHandler(2, 'Undefined array key "kategori"', 'APPPATH\\Controllers\\Pages.php', 29)
 2 SYSTEMPATH\CodeIgniter.php(896): App\Controllers\Pages->index()
 3 SYSTEMPATH\CodeIgniter.php(466): CodeIgniter\CodeIgniter->runController(Object(App\Controllers\Pages))
 4 SYSTEMPATH\CodeIgniter.php(349): CodeIgniter\CodeIgniter->handleRequest(null, Object(Config\Cache), false)
 5 FCPATH\index.php(55): CodeIgniter\CodeIgniter->run()
 6 SYSTEMPATH\Commands\Server\rewrite.php(43): require_once('FCPATH\\index.php')
CRITICAL - 2022-07-26 01:10:22 --> Undefined array key "kategori"
in APPPATH\Controllers\Pages.php on line 28.
 1 APPPATH\Controllers\Pages.php(28): CodeIgniter\Debug\Exceptions->errorHandler(2, 'Undefined array key "kategori"', 'APPPATH\\Controllers\\Pages.php', 28)
 2 SYSTEMPATH\CodeIgniter.php(896): App\Controllers\Pages->index()
 3 SYSTEMPATH\CodeIgniter.php(466): CodeIgniter\CodeIgniter->runController(Object(App\Controllers\Pages))
 4 SYSTEMPATH\CodeIgniter.php(349): CodeIgniter\CodeIgniter->handleRequest(null, Object(Config\Cache), false)
 5 FCPATH\index.php(55): CodeIgniter\CodeIgniter->run()
 6 SYSTEMPATH\Commands\Server\rewrite.php(43): require_once('FCPATH\\index.php')
CRITICAL - 2022-07-26 01:10:42 --> Undefined array key "kategori"
in APPPATH\Controllers\Pages.php on line 28.
 1 APPPATH\Controllers\Pages.php(28): CodeIgniter\Debug\Exceptions->errorHandler(2, 'Undefined array key "kategori"', 'APPPATH\\Controllers\\Pages.php', 28)
 2 SYSTEMPATH\CodeIgniter.php(896): App\Controllers\Pages->index()
 3 SYSTEMPATH\CodeIgniter.php(466): CodeIgniter\CodeIgniter->runController(Object(App\Controllers\Pages))
 4 SYSTEMPATH\CodeIgniter.php(349): CodeIgniter\CodeIgniter->handleRequest(null, Object(Config\Cache), false)
 5 FCPATH\index.php(55): CodeIgniter\CodeIgniter->run()
 6 SYSTEMPATH\Commands\Server\rewrite.php(43): require_once('FCPATH\\index.php')
CRITICAL - 2022-07-26 01:12:17 --> Undefined array key "kategori"
in APPPATH\Controllers\Pages.php on line 29.
 1 APPPATH\Controllers\Pages.php(29): CodeIgniter\Debug\Exceptions->errorHandler(2, 'Undefined array key "kategori"', 'APPPATH\\Controllers\\Pages.php', 29)
 2 SYSTEMPATH\CodeIgniter.php(896): App\Controllers\Pages->index()
 3 SYSTEMPATH\CodeIgniter.php(466): CodeIgniter\CodeIgniter->runController(Object(App\Controllers\Pages))
 4 SYSTEMPATH\CodeIgniter.php(349): CodeIgniter\CodeIgniter->handleRequest(null, Object(Config\Cache), false)
 5 FCPATH\index.php(55): CodeIgniter\CodeIgniter->run()
 6 SYSTEMPATH\Commands\Server\rewrite.php(43): require_once('FCPATH\\index.php')
CRITICAL - 2022-07-26 01:16:51 --> Undefined array key "kategori"
in APPPATH\Controllers\Pages.php on line 43.
 1 APPPATH\Controllers\Pages.php(43): CodeIgniter\Debug\Exceptions->errorHandler(2, 'Undefined array key "kategori"', 'APPPATH\\Controllers\\Pages.php', 43)
 2 SYSTEMPATH\CodeIgniter.php(896): App\Controllers\Pages->index()
 3 SYSTEMPATH\CodeIgniter.php(466): CodeIgniter\CodeIgniter->runController(Object(App\Controllers\Pages))
 4 SYSTEMPATH\CodeIgniter.php(349): CodeIgniter\CodeIgniter->handleRequest(null, Object(Config\Cache), false)
 5 FCPATH\index.php(55): CodeIgniter\CodeIgniter->run()
 6 SYSTEMPATH\Commands\Server\rewrite.php(43): require_once('FCPATH\\index.php')
CRITICAL - 2022-07-26 01:17:29 --> Undefined array key "kategori"
in APPPATH\Controllers\Pages.php on line 43.
 1 APPPATH\Controllers\Pages.php(43): CodeIgniter\Debug\Exceptions->errorHandler(2, 'Undefined array key "kategori"', 'APPPATH\\Controllers\\Pages.php', 43)
 2 SYSTEMPATH\CodeIgniter.php(896): App\Controllers\Pages->index()
 3 SYSTEMPATH\CodeIgniter.php(466): CodeIgniter\CodeIgniter->runController(Object(App\Controllers\Pages))
 4 SYSTEMPATH\CodeIgniter.php(349): CodeIgniter\CodeIgniter->handleRequest(null, Object(Config\Cache), false)
 5 FCPATH\index.php(55): CodeIgniter\CodeIgniter->run()
 6 SYSTEMPATH\Commands\Server\rewrite.php(43): require_once('FCPATH\\index.php')
CRITICAL - 2022-07-26 01:22:12 --> Undefined array key "judul_dokumen"
in APPPATH\Views\pages\crud.php on line 98.
 1 APPPATH\Views\pages\crud.php(98): CodeIgniter\Debug\Exceptions->errorHandler(2, 'Undefined array key "judul_dokumen"', 'APPPATH\\Views\\pages\\crud.php', 98)
 2 SYSTEMPATH\View\View.php(213): include('APPPATH\\Views\\pages\\crud.php')
 3 SYSTEMPATH\View\View.php(216): CodeIgniter\View\View->CodeIgniter\View\{closure}()
 4 SYSTEMPATH\Common.php(1135): CodeIgniter\View\View->render('pages/crud', [], true)
 5 APPPATH\Controllers\Pages.php(60): view('pages/crud', [...])
 6 SYSTEMPATH\CodeIgniter.php(896): App\Controllers\Pages->index()
 7 SYSTEMPATH\CodeIgniter.php(466): CodeIgniter\CodeIgniter->runController(Object(App\Controllers\Pages))
 8 SYSTEMPATH\CodeIgniter.php(349): CodeIgniter\CodeIgniter->handleRequest(null, Object(Config\Cache), false)
 9 FCPATH\index.php(55): CodeIgniter\CodeIgniter->run()
10 SYSTEMPATH\Commands\Server\rewrite.php(43): require_once('FCPATH\\index.php')
CRITICAL - 2022-07-26 01:29:36 --> Undefined array key "label"
in APPPATH\Views\pages\crud.php on line 97.
 1 APPPATH\Views\pages\crud.php(97): CodeIgniter\Debug\Exceptions->errorHandler(2, 'Undefined array key "label"', 'APPPATH\\Views\\pages\\crud.php', 97)
 2 SYSTEMPATH\View\View.php(213): include('APPPATH\\Views\\pages\\crud.php')
 3 SYSTEMPATH\View\View.php(216): CodeIgniter\View\View->CodeIgniter\View\{closure}()
 4 SYSTEMPATH\Common.php(1135): CodeIgniter\View\View->render('pages/crud', [], true)
 5 APPPATH\Controllers\Pages.php(61): view('pages/crud', [...])
 6 SYSTEMPATH\CodeIgniter.php(896): App\Controllers\Pages->index()
 7 SYSTEMPATH\CodeIgniter.php(466): CodeIgniter\CodeIgniter->runController(Object(App\Controllers\Pages))
 8 SYSTEMPATH\CodeIgniter.php(349): CodeIgniter\CodeIgniter->handleRequest(null, Object(Config\Cache), false)
 9 FCPATH\index.php(55): CodeIgniter\CodeIgniter->run()
10 SYSTEMPATH\Commands\Server\rewrite.php(43): require_once('FCPATH\\index.php')
CRITICAL - 2022-07-26 01:29:54 --> Undefined array key "judul_dokumen"
in APPPATH\Views\pages\crud.php on line 98.
 1 APPPATH\Views\pages\crud.php(98): CodeIgniter\Debug\Exceptions->errorHandler(2, 'Undefined array key "judul_dokumen"', 'APPPATH\\Views\\pages\\crud.php', 98)
 2 SYSTEMPATH\View\View.php(213): include('APPPATH\\Views\\pages\\crud.php')
 3 SYSTEMPATH\View\View.php(216): CodeIgniter\View\View->CodeIgniter\View\{closure}()
 4 SYSTEMPATH\Common.php(1135): CodeIgniter\View\View->render('pages/crud', [], true)
 5 APPPATH\Controllers\Pages.php(61): view('pages/crud', [...])
 6 SYSTEMPATH\CodeIgniter.php(896): App\Controllers\Pages->index()
 7 SYSTEMPATH\CodeIgniter.php(466): CodeIgniter\CodeIgniter->runController(Object(App\Controllers\Pages))
 8 SYSTEMPATH\CodeIgniter.php(349): CodeIgniter\CodeIgniter->handleRequest(null, Object(Config\Cache), false)
 9 FCPATH\index.php(55): CodeIgniter\CodeIgniter->run()
10 SYSTEMPATH\Commands\Server\rewrite.php(43): require_once('FCPATH\\index.php')
CRITICAL - 2022-07-26 02:33:21 --> Undefined variable $keyword
in APPPATH\Views\pages\crud.php on line 49.
 1 APPPATH\Views\pages\crud.php(49): CodeIgniter\Debug\Exceptions->errorHandler(2, 'Undefined variable $keyword', 'APPPATH\\Views\\pages\\crud.php', 49)
 2 SYSTEMPATH\View\View.php(213): include('APPPATH\\Views\\pages\\crud.php')
 3 SYSTEMPATH\View\View.php(216): CodeIgniter\View\View->CodeIgniter\View\{closure}()
 4 SYSTEMPATH\Common.php(1135): CodeIgniter\View\View->render('pages/crud', [], true)
 5 APPPATH\Controllers\Pages.php(57): view('pages/crud', [...])
 6 SYSTEMPATH\CodeIgniter.php(896): App\Controllers\Pages->index()
 7 SYSTEMPATH\CodeIgniter.php(466): CodeIgniter\CodeIgniter->runController(Object(App\Controllers\Pages))
 8 SYSTEMPATH\CodeIgniter.php(349): CodeIgniter\CodeIgniter->handleRequest(null, Object(Config\Cache), false)
 9 FCPATH\index.php(55): CodeIgniter\CodeIgniter->run()
10 SYSTEMPATH\Commands\Server\rewrite.php(43): require_once('FCPATH\\index.php')
CRITICAL - 2022-07-26 02:42:56 --> CodeIgniter\Database\BaseBuilder::like(): Argument #2 ($match) must be of type string, null given, called in C:\xampp\htdocs\Catalog-PAL\system\Model.php on line 771
in SYSTEMPATH\Database\BaseBuilder.php on line 954.
 1 SYSTEMPATH\Model.php(771): CodeIgniter\Database\BaseBuilder->like('judul_dokumen', null)
 2 APPPATH\Models\M_DataEx.php(35): CodeIgniter\Model->__call('Like', [...])
 3 APPPATH\Controllers\Pages.php(45): App\Models\M_DataEx->katDokumen(null)
 4 SYSTEMPATH\CodeIgniter.php(896): App\Controllers\Pages->index()
 5 SYSTEMPATH\CodeIgniter.php(466): CodeIgniter\CodeIgniter->runController(Object(App\Controllers\Pages))
 6 SYSTEMPATH\CodeIgniter.php(349): CodeIgniter\CodeIgniter->handleRequest(null, Object(Config\Cache), false)
 7 FCPATH\index.php(55): CodeIgniter\CodeIgniter->run()
 8 SYSTEMPATH\Commands\Server\rewrite.php(43): require_once('FCPATH\\index.php')
CRITICAL - 2022-07-26 02:44:00 --> Undefined array key "submitK2"
in APPPATH\Controllers\Pages.php on line 43.
 1 APPPATH\Controllers\Pages.php(43): CodeIgniter\Debug\Exceptions->errorHandler(2, 'Undefined array key "submitK2"', 'APPPATH\\Controllers\\Pages.php', 43)
 2 SYSTEMPATH\CodeIgniter.php(896): App\Controllers\Pages->index()
 3 SYSTEMPATH\CodeIgniter.php(466): CodeIgniter\CodeIgniter->runController(Object(App\Controllers\Pages))
 4 SYSTEMPATH\CodeIgniter.php(349): CodeIgniter\CodeIgniter->handleRequest(null, Object(Config\Cache), false)
 5 FCPATH\index.php(55): CodeIgniter\CodeIgniter->run()
 6 SYSTEMPATH\Commands\Server\rewrite.php(43): require_once('FCPATH\\index.php')
CRITICAL - 2022-07-26 02:48:36 --> Undefined array key "kategori"
in APPPATH\Controllers\Pages.php on line 29.
 1 APPPATH\Controllers\Pages.php(29): CodeIgniter\Debug\Exceptions->errorHandler(2, 'Undefined array key "kategori"', 'APPPATH\\Controllers\\Pages.php', 29)
 2 SYSTEMPATH\CodeIgniter.php(896): App\Controllers\Pages->index()
 3 SYSTEMPATH\CodeIgniter.php(466): CodeIgniter\CodeIgniter->runController(Object(App\Controllers\Pages))
 4 SYSTEMPATH\CodeIgniter.php(349): CodeIgniter\CodeIgniter->handleRequest(null, Object(Config\Cache), false)
 5 FCPATH\index.php(55): CodeIgniter\CodeIgniter->run()
 6 SYSTEMPATH\Commands\Server\rewrite.php(43): require_once('FCPATH\\index.php')
CRITICAL - 2022-07-26 02:49:40 --> Undefined array key "kategori"
in APPPATH\Controllers\Pages.php on line 29.
 1 APPPATH\Controllers\Pages.php(29): CodeIgniter\Debug\Exceptions->errorHandler(2, 'Undefined array key "kategori"', 'APPPATH\\Controllers\\Pages.php', 29)
 2 SYSTEMPATH\CodeIgniter.php(896): App\Controllers\Pages->index()
 3 SYSTEMPATH\CodeIgniter.php(466): CodeIgniter\CodeIgniter->runController(Object(App\Controllers\Pages))
 4 SYSTEMPATH\CodeIgniter.php(349): CodeIgniter\CodeIgniter->handleRequest(null, Object(Config\Cache), false)
 5 FCPATH\index.php(55): CodeIgniter\CodeIgniter->run()
 6 SYSTEMPATH\Commands\Server\rewrite.php(43): require_once('FCPATH\\index.php')
CRITICAL - 2022-07-26 02:51:18 --> Undefined array key "kategori"
in APPPATH\Controllers\Pages.php on line 29.
 1 APPPATH\Controllers\Pages.php(29): CodeIgniter\Debug\Exceptions->errorHandler(2, 'Undefined array key "kategori"', 'APPPATH\\Controllers\\Pages.php', 29)
 2 SYSTEMPATH\CodeIgniter.php(896): App\Controllers\Pages->index()
 3 SYSTEMPATH\CodeIgniter.php(466): CodeIgniter\CodeIgniter->runController(Object(App\Controllers\Pages))
 4 SYSTEMPATH\CodeIgniter.php(349): CodeIgniter\CodeIgniter->handleRequest(null, Object(Config\Cache), false)
 5 FCPATH\index.php(55): CodeIgniter\CodeIgniter->run()
 6 SYSTEMPATH\Commands\Server\rewrite.php(43): require_once('FCPATH\\index.php')
CRITICAL - 2022-07-26 02:51:43 --> Undefined array key "kategori"
in APPPATH\Controllers\Pages.php on line 29.
 1 APPPATH\Controllers\Pages.php(29): CodeIgniter\Debug\Exceptions->errorHandler(2, 'Undefined array key "kategori"', 'APPPATH\\Controllers\\Pages.php', 29)
 2 SYSTEMPATH\CodeIgniter.php(896): App\Controllers\Pages->index()
 3 SYSTEMPATH\CodeIgniter.php(466): CodeIgniter\CodeIgniter->runController(Object(App\Controllers\Pages))
 4 SYSTEMPATH\CodeIgniter.php(349): CodeIgniter\CodeIgniter->handleRequest(null, Object(Config\Cache), false)
 5 FCPATH\index.php(55): CodeIgniter\CodeIgniter->run()
 6 SYSTEMPATH\Commands\Server\rewrite.php(43): require_once('FCPATH\\index.php')
CRITICAL - 2022-07-26 02:52:50 --> Undefined array key "kategori"
in APPPATH\Controllers\Pages.php on line 29.
 1 APPPATH\Controllers\Pages.php(29): CodeIgniter\Debug\Exceptions->errorHandler(2, 'Undefined array key "kategori"', 'APPPATH\\Controllers\\Pages.php', 29)
 2 SYSTEMPATH\CodeIgniter.php(896): App\Controllers\Pages->index()
 3 SYSTEMPATH\CodeIgniter.php(466): CodeIgniter\CodeIgniter->runController(Object(App\Controllers\Pages))
 4 SYSTEMPATH\CodeIgniter.php(349): CodeIgniter\CodeIgniter->handleRequest(null, Object(Config\Cache), false)
 5 FCPATH\index.php(55): CodeIgniter\CodeIgniter->run()
 6 SYSTEMPATH\Commands\Server\rewrite.php(43): require_once('FCPATH\\index.php')
CRITICAL - 2022-07-26 02:53:04 --> Undefined array key "kategori"
in APPPATH\Controllers\Pages.php on line 29.
 1 APPPATH\Controllers\Pages.php(29): CodeIgniter\Debug\Exceptions->errorHandler(2, 'Undefined array key "kategori"', 'APPPATH\\Controllers\\Pages.php', 29)
 2 SYSTEMPATH\CodeIgniter.php(896): App\Controllers\Pages->index()
 3 SYSTEMPATH\CodeIgniter.php(466): CodeIgniter\CodeIgniter->runController(Object(App\Controllers\Pages))
 4 SYSTEMPATH\CodeIgniter.php(349): CodeIgniter\CodeIgniter->handleRequest(null, Object(Config\Cache), false)
 5 FCPATH\index.php(55): CodeIgniter\CodeIgniter->run()
 6 SYSTEMPATH\Commands\Server\rewrite.php(43): require_once('FCPATH\\index.php')
CRITICAL - 2022-07-26 02:53:48 --> Undefined array key "kategori"
in APPPATH\Controllers\Pages.php on line 29.
 1 APPPATH\Controllers\Pages.php(29): CodeIgniter\Debug\Exceptions->errorHandler(2, 'Undefined array key "kategori"', 'APPPATH\\Controllers\\Pages.php', 29)
 2 SYSTEMPATH\CodeIgniter.php(896): App\Controllers\Pages->index()
 3 SYSTEMPATH\CodeIgniter.php(466): CodeIgniter\CodeIgniter->runController(Object(App\Controllers\Pages))
 4 SYSTEMPATH\CodeIgniter.php(349): CodeIgniter\CodeIgniter->handleRequest(null, Object(Config\Cache), false)
 5 FCPATH\index.php(55): CodeIgniter\CodeIgniter->run()
 6 SYSTEMPATH\Commands\Server\rewrite.php(43): require_once('FCPATH\\index.php')
CRITICAL - 2022-07-26 02:53:55 --> Undefined array key "kategori"
in APPPATH\Controllers\Pages.php on line 29.
 1 APPPATH\Controllers\Pages.php(29): CodeIgniter\Debug\Exceptions->errorHandler(2, 'Undefined array key "kategori"', 'APPPATH\\Controllers\\Pages.php', 29)
 2 SYSTEMPATH\CodeIgniter.php(896): App\Controllers\Pages->index()
 3 SYSTEMPATH\CodeIgniter.php(466): CodeIgniter\CodeIgniter->runController(Object(App\Controllers\Pages))
 4 SYSTEMPATH\CodeIgniter.php(349): CodeIgniter\CodeIgniter->handleRequest(null, Object(Config\Cache), false)
 5 FCPATH\index.php(55): CodeIgniter\CodeIgniter->run()
 6 SYSTEMPATH\Commands\Server\rewrite.php(43): require_once('FCPATH\\index.php')
CRITICAL - 2022-07-26 02:54:55 --> Undefined array key "kategori"
in APPPATH\Controllers\Pages.php on line 29.
 1 APPPATH\Controllers\Pages.php(29): CodeIgniter\Debug\Exceptions->errorHandler(2, 'Undefined array key "kategori"', 'APPPATH\\Controllers\\Pages.php', 29)
 2 SYSTEMPATH\CodeIgniter.php(896): App\Controllers\Pages->index()
 3 SYSTEMPATH\CodeIgniter.php(466): CodeIgniter\CodeIgniter->runController(Object(App\Controllers\Pages))
 4 SYSTEMPATH\CodeIgniter.php(349): CodeIgniter\CodeIgniter->handleRequest(null, Object(Config\Cache), false)
 5 FCPATH\index.php(55): CodeIgniter\CodeIgniter->run()
 6 SYSTEMPATH\Commands\Server\rewrite.php(43): require_once('FCPATH\\index.php')
CRITICAL - 2022-07-26 02:55:01 --> Undefined array key "kategori"
in APPPATH\Controllers\Pages.php on line 29.
 1 APPPATH\Controllers\Pages.php(29): CodeIgniter\Debug\Exceptions->errorHandler(2, 'Undefined array key "kategori"', 'APPPATH\\Controllers\\Pages.php', 29)
 2 SYSTEMPATH\CodeIgniter.php(896): App\Controllers\Pages->index()
 3 SYSTEMPATH\CodeIgniter.php(466): CodeIgniter\CodeIgniter->runController(Object(App\Controllers\Pages))
 4 SYSTEMPATH\CodeIgniter.php(349): CodeIgniter\CodeIgniter->handleRequest(null, Object(Config\Cache), false)
 5 FCPATH\index.php(55): CodeIgniter\CodeIgniter->run()
 6 SYSTEMPATH\Commands\Server\rewrite.php(43): require_once('FCPATH\\index.php')
CRITICAL - 2022-07-26 02:55:18 --> Undefined array key "kategori"
in APPPATH\Controllers\Pages.php on line 29.
 1 APPPATH\Controllers\Pages.php(29): CodeIgniter\Debug\Exceptions->errorHandler(2, 'Undefined array key "kategori"', 'APPPATH\\Controllers\\Pages.php', 29)
 2 SYSTEMPATH\CodeIgniter.php(896): App\Controllers\Pages->index()
 3 SYSTEMPATH\CodeIgniter.php(466): CodeIgniter\CodeIgniter->runController(Object(App\Controllers\Pages))
 4 SYSTEMPATH\CodeIgniter.php(349): CodeIgniter\CodeIgniter->handleRequest(null, Object(Config\Cache), false)
 5 FCPATH\index.php(55): CodeIgniter\CodeIgniter->run()
 6 SYSTEMPATH\Commands\Server\rewrite.php(43): require_once('FCPATH\\index.php')
CRITICAL - 2022-07-26 02:55:30 --> Undefined array key "kategori"
in APPPATH\Controllers\Pages.php on line 29.
 1 APPPATH\Controllers\Pages.php(29): CodeIgniter\Debug\Exceptions->errorHandler(2, 'Undefined array key "kategori"', 'APPPATH\\Controllers\\Pages.php', 29)
 2 SYSTEMPATH\CodeIgniter.php(896): App\Controllers\Pages->index()
 3 SYSTEMPATH\CodeIgniter.php(466): CodeIgniter\CodeIgniter->runController(Object(App\Controllers\Pages))
 4 SYSTEMPATH\CodeIgniter.php(349): CodeIgniter\CodeIgniter->handleRequest(null, Object(Config\Cache), false)
 5 FCPATH\index.php(55): CodeIgniter\CodeIgniter->run()
 6 SYSTEMPATH\Commands\Server\rewrite.php(43): require_once('FCPATH\\index.php')
