CRITICAL - 2022-08-15 01:54:54 --> Argument 2 passed to CodeIgniter\Database\BaseBuilder::like() must be of the type string, null given, called in C:\xampp\htdocs\PAL\system\Model.php on line 771
in SYSTEMPATH\Database\BaseBuilder.php on line 954.
 1 SYSTEMPATH\Model.php(771): CodeIgniter\Database\BaseBuilder->like('LABEL', null)
 2 APPPATH\Models\M_DataEx.php(23): CodeIgniter\Model->__call('Like', [...])
 3 APPPATH\Controllers\Pages.php(272): App\Models\M_DataEx->search(null)
 4 SYSTEMPATH\CodeIgniter.php(896): App\Controllers\Pages->crud()
 5 SYSTEMPATH\CodeIgniter.php(466): CodeIgniter\CodeIgniter->runController(Object(App\Controllers\Pages))
 6 SYSTEMPATH\CodeIgniter.php(349): CodeIgniter\CodeIgniter->handleRequest(null, Object(Config\Cache), false)
 7 FCPATH\index.php(55): CodeIgniter\CodeIgniter->run()
 8 SYSTEMPATH\Commands\Server\rewrite.php(43): require_once('FCPATH\\index.php')
ERROR - 2022-08-15 01:55:58 --> Error connecting to the database: No connection could be made because the target machine actively refused it.

CRITICAL - 2022-08-15 01:55:58 --> Unable to connect to the database.
Main connection [MySQLi]: No connection could be made because the target machine actively refused it.

in SYSTEMPATH\Database\BaseConnection.php on line 416.
 1 SYSTEMPATH\Database\BaseConnection.php(586): CodeIgniter\Database\BaseConnection->initialize()
 2 SYSTEMPATH\Database\BaseBuilder.php(1669): CodeIgniter\Database\BaseConnection->query('SELECT COUNT(*) AS `numrows`
FROM `data_catalog`', [], false)
 3 SYSTEMPATH\Model.php(550): CodeIgniter\Database\BaseBuilder->countAllResults(false)
 4 SYSTEMPATH\BaseModel.php(1084): CodeIgniter\Model->countAllResults(false)
 5 APPPATH\Controllers\Pages.php(53): CodeIgniter\BaseModel->paginate(10, 'data_catalog')
 6 SYSTEMPATH\CodeIgniter.php(896): App\Controllers\Pages->caripengguna()
 7 SYSTEMPATH\CodeIgniter.php(466): CodeIgniter\CodeIgniter->runController(Object(App\Controllers\Pages))
 8 SYSTEMPATH\CodeIgniter.php(349): CodeIgniter\CodeIgniter->handleRequest(null, Object(Config\Cache), false)
 9 FCPATH\index.php(55): CodeIgniter\CodeIgniter->run()
10 SYSTEMPATH\Commands\Server\rewrite.php(43): require_once('FCPATH\\index.php')
CRITICAL - 2022-08-15 02:00:30 --> Argument 2 passed to CodeIgniter\Database\BaseBuilder::like() must be of the type string, null given, called in C:\xampp\htdocs\CatalogPAL\system\Model.php on line 771
in SYSTEMPATH\Database\BaseBuilder.php on line 954.
 1 SYSTEMPATH\Model.php(771): CodeIgniter\Database\BaseBuilder->like('LABEL', null)
 2 APPPATH\Models\M_DataEx.php(23): CodeIgniter\Model->__call('Like', [...])
 3 APPPATH\Controllers\Pages.php(272): App\Models\M_DataEx->search(null)
 4 SYSTEMPATH\CodeIgniter.php(896): App\Controllers\Pages->crud()
 5 SYSTEMPATH\CodeIgniter.php(466): CodeIgniter\CodeIgniter->runController(Object(App\Controllers\Pages))
 6 SYSTEMPATH\CodeIgniter.php(349): CodeIgniter\CodeIgniter->handleRequest(null, Object(Config\Cache), false)
 7 FCPATH\index.php(55): CodeIgniter\CodeIgniter->run()
 8 SYSTEMPATH\Commands\Server\rewrite.php(43): require_once('FCPATH\\index.php')
CRITICAL - 2022-08-15 02:00:50 --> Argument 2 passed to CodeIgniter\Database\BaseBuilder::like() must be of the type string, null given, called in C:\xampp\htdocs\CatalogPAL\system\Model.php on line 771
in SYSTEMPATH\Database\BaseBuilder.php on line 954.
 1 SYSTEMPATH\Model.php(771): CodeIgniter\Database\BaseBuilder->like('LABEL', null)
 2 APPPATH\Models\M_DataEx.php(23): CodeIgniter\Model->__call('Like', [...])
 3 APPPATH\Controllers\Pages.php(272): App\Models\M_DataEx->search(null)
 4 SYSTEMPATH\CodeIgniter.php(896): App\Controllers\Pages->crud()
 5 SYSTEMPATH\CodeIgniter.php(466): CodeIgniter\CodeIgniter->runController(Object(App\Controllers\Pages))
 6 SYSTEMPATH\CodeIgniter.php(349): CodeIgniter\CodeIgniter->handleRequest(null, Object(Config\Cache), false)
 7 FCPATH\index.php(55): CodeIgniter\CodeIgniter->run()
 8 SYSTEMPATH\Commands\Server\rewrite.php(43): require_once('FCPATH\\index.php')
CRITICAL - 2022-08-15 02:03:08 --> Argument 2 passed to CodeIgniter\Database\BaseBuilder::like() must be of the type string, null given, called in C:\xampp\htdocs\CatalogPAL\system\Model.php on line 771
in SYSTEMPATH\Database\BaseBuilder.php on line 954.
 1 SYSTEMPATH\Model.php(771): CodeIgniter\Database\BaseBuilder->like('LABEL', null)
 2 APPPATH\Models\M_DataEx.php(23): CodeIgniter\Model->__call('Like', [...])
 3 APPPATH\Controllers\Pages.php(272): App\Models\M_DataEx->search(null)
 4 SYSTEMPATH\CodeIgniter.php(896): App\Controllers\Pages->crud()
 5 SYSTEMPATH\CodeIgniter.php(466): CodeIgniter\CodeIgniter->runController(Object(App\Controllers\Pages))
 6 SYSTEMPATH\CodeIgniter.php(349): CodeIgniter\CodeIgniter->handleRequest(null, Object(Config\Cache), false)
 7 FCPATH\index.php(55): CodeIgniter\CodeIgniter->run()
 8 SYSTEMPATH\Commands\Server\rewrite.php(43): require_once('FCPATH\\index.php')
CRITICAL - 2022-08-15 02:03:18 --> Argument 2 passed to CodeIgniter\Database\BaseBuilder::like() must be of the type string, null given, called in C:\xampp\htdocs\CatalogPAL\system\Model.php on line 771
in SYSTEMPATH\Database\BaseBuilder.php on line 954.
 1 SYSTEMPATH\Model.php(771): CodeIgniter\Database\BaseBuilder->like('LABEL', null)
 2 APPPATH\Models\M_DataEx.php(23): CodeIgniter\Model->__call('Like', [...])
 3 APPPATH\Controllers\Pages.php(47): App\Models\M_DataEx->search(null)
 4 SYSTEMPATH\CodeIgniter.php(896): App\Controllers\Pages->caripengguna()
 5 SYSTEMPATH\CodeIgniter.php(466): CodeIgniter\CodeIgniter->runController(Object(App\Controllers\Pages))
 6 SYSTEMPATH\CodeIgniter.php(349): CodeIgniter\CodeIgniter->handleRequest(null, Object(Config\Cache), false)
 7 FCPATH\index.php(55): CodeIgniter\CodeIgniter->run()
 8 SYSTEMPATH\Commands\Server\rewrite.php(43): require_once('FCPATH\\index.php')
CRITICAL - 2022-08-15 02:03:19 --> Argument 2 passed to CodeIgniter\Database\BaseBuilder::like() must be of the type string, null given, called in C:\xampp\htdocs\CatalogPAL\system\Model.php on line 771
in SYSTEMPATH\Database\BaseBuilder.php on line 954.
 1 SYSTEMPATH\Model.php(771): CodeIgniter\Database\BaseBuilder->like('LABEL', null)
 2 APPPATH\Models\M_DataEx.php(23): CodeIgniter\Model->__call('Like', [...])
 3 APPPATH\Controllers\Pages.php(47): App\Models\M_DataEx->search(null)
 4 SYSTEMPATH\CodeIgniter.php(896): App\Controllers\Pages->caripengguna()
 5 SYSTEMPATH\CodeIgniter.php(466): CodeIgniter\CodeIgniter->runController(Object(App\Controllers\Pages))
 6 SYSTEMPATH\CodeIgniter.php(349): CodeIgniter\CodeIgniter->handleRequest(null, Object(Config\Cache), false)
 7 FCPATH\index.php(55): CodeIgniter\CodeIgniter->run()
 8 SYSTEMPATH\Commands\Server\rewrite.php(43): require_once('FCPATH\\index.php')
CRITICAL - 2022-08-15 02:03:58 --> Argument 2 passed to CodeIgniter\Database\BaseBuilder::like() must be of the type string, null given, called in C:\xampp\htdocs\CatalogPAL\system\Model.php on line 771
in SYSTEMPATH\Database\BaseBuilder.php on line 954.
 1 SYSTEMPATH\Model.php(771): CodeIgniter\Database\BaseBuilder->like('LABEL', null)
 2 APPPATH\Models\M_DataEx.php(23): CodeIgniter\Model->__call('Like', [...])
 3 APPPATH\Controllers\Pages.php(272): App\Models\M_DataEx->search(null)
 4 SYSTEMPATH\CodeIgniter.php(896): App\Controllers\Pages->crud()
 5 SYSTEMPATH\CodeIgniter.php(466): CodeIgniter\CodeIgniter->runController(Object(App\Controllers\Pages))
 6 SYSTEMPATH\CodeIgniter.php(349): CodeIgniter\CodeIgniter->handleRequest(null, Object(Config\Cache), false)
 7 FCPATH\index.php(55): CodeIgniter\CodeIgniter->run()
 8 SYSTEMPATH\Commands\Server\rewrite.php(43): require_once('FCPATH\\index.php')
CRITICAL - 2022-08-15 02:04:36 --> Trying to access array offset on value of type null
in APPPATH\Views\pages\editBerkas.php on line 57.
 1 APPPATH\Views\pages\editBerkas.php(57): CodeIgniter\Debug\Exceptions->errorHandler(8, 'Trying to access array offset on value of type null', 'APPPATH\\Views\\pages\\editBerkas.php', 57, [...])
 2 SYSTEMPATH\View\View.php(213): include('APPPATH\\Views\\pages\\editBerkas.php')
 3 SYSTEMPATH\View\View.php(216): CodeIgniter\View\View->CodeIgniter\View\{closure}()
 4 SYSTEMPATH\Common.php(1135): CodeIgniter\View\View->render('pages/editBerkas', [], true)
 5 APPPATH\Controllers\Pages.php(132): view('pages/editBerkas', [...])
 6 SYSTEMPATH\CodeIgniter.php(896): App\Controllers\Pages->editBerkas('249')
 7 SYSTEMPATH\CodeIgniter.php(466): CodeIgniter\CodeIgniter->runController(Object(App\Controllers\Pages))
 8 SYSTEMPATH\CodeIgniter.php(349): CodeIgniter\CodeIgniter->handleRequest(null, Object(Config\Cache), false)
 9 FCPATH\index.php(55): CodeIgniter\CodeIgniter->run()
10 SYSTEMPATH\Commands\Server\rewrite.php(43): require_once('FCPATH\\index.php')
CRITICAL - 2022-08-15 02:04:44 --> Argument 2 passed to CodeIgniter\Database\BaseBuilder::like() must be of the type string, null given, called in C:\xampp\htdocs\CatalogPAL\system\Model.php on line 771
in SYSTEMPATH\Database\BaseBuilder.php on line 954.
 1 SYSTEMPATH\Model.php(771): CodeIgniter\Database\BaseBuilder->like('LABEL', null)
 2 APPPATH\Models\M_DataEx.php(23): CodeIgniter\Model->__call('Like', [...])
 3 APPPATH\Controllers\Pages.php(272): App\Models\M_DataEx->search(null)
 4 SYSTEMPATH\CodeIgniter.php(896): App\Controllers\Pages->crud()
 5 SYSTEMPATH\CodeIgniter.php(466): CodeIgniter\CodeIgniter->runController(Object(App\Controllers\Pages))
 6 SYSTEMPATH\CodeIgniter.php(349): CodeIgniter\CodeIgniter->handleRequest(null, Object(Config\Cache), false)
 7 FCPATH\index.php(55): CodeIgniter\CodeIgniter->run()
 8 SYSTEMPATH\Commands\Server\rewrite.php(43): require_once('FCPATH\\index.php')
CRITICAL - 2022-08-15 02:06:01 --> Undefined variable: dt_catalog
in APPPATH\Controllers\Pages.php on line 278.
 1 APPPATH\Controllers\Pages.php(278): CodeIgniter\Debug\Exceptions->errorHandler(8, 'Undefined variable: dt_catalog', 'APPPATH\\Controllers\\Pages.php', 278, [...])
 2 SYSTEMPATH\CodeIgniter.php(896): App\Controllers\Pages->crud()
 3 SYSTEMPATH\CodeIgniter.php(466): CodeIgniter\CodeIgniter->runController(Object(App\Controllers\Pages))
 4 SYSTEMPATH\CodeIgniter.php(349): CodeIgniter\CodeIgniter->handleRequest(null, Object(Config\Cache), false)
 5 FCPATH\index.php(55): CodeIgniter\CodeIgniter->run()
 6 SYSTEMPATH\Commands\Server\rewrite.php(43): require_once('FCPATH\\index.php')
CRITICAL - 2022-08-15 02:06:02 --> Undefined variable: dt_catalog
in APPPATH\Controllers\Pages.php on line 278.
 1 APPPATH\Controllers\Pages.php(278): CodeIgniter\Debug\Exceptions->errorHandler(8, 'Undefined variable: dt_catalog', 'APPPATH\\Controllers\\Pages.php', 278, [...])
 2 SYSTEMPATH\CodeIgniter.php(896): App\Controllers\Pages->crud()
 3 SYSTEMPATH\CodeIgniter.php(466): CodeIgniter\CodeIgniter->runController(Object(App\Controllers\Pages))
 4 SYSTEMPATH\CodeIgniter.php(349): CodeIgniter\CodeIgniter->handleRequest(null, Object(Config\Cache), false)
 5 FCPATH\index.php(55): CodeIgniter\CodeIgniter->run()
 6 SYSTEMPATH\Commands\Server\rewrite.php(43): require_once('FCPATH\\index.php')
CRITICAL - 2022-08-15 02:10:46 --> Argument 2 passed to CodeIgniter\Database\BaseBuilder::like() must be of the type string, null given, called in C:\xampp\htdocs\CatalogPAL\system\Model.php on line 771
in SYSTEMPATH\Database\BaseBuilder.php on line 954.
 1 SYSTEMPATH\Model.php(771): CodeIgniter\Database\BaseBuilder->like('LABEL', null)
 2 APPPATH\Models\M_DataEx.php(23): CodeIgniter\Model->__call('Like', [...])
 3 APPPATH\Controllers\Pages.php(271): App\Models\M_DataEx->search(null)
 4 SYSTEMPATH\CodeIgniter.php(896): App\Controllers\Pages->crud()
 5 SYSTEMPATH\CodeIgniter.php(466): CodeIgniter\CodeIgniter->runController(Object(App\Controllers\Pages))
 6 SYSTEMPATH\CodeIgniter.php(349): CodeIgniter\CodeIgniter->handleRequest(null, Object(Config\Cache), false)
 7 FCPATH\index.php(55): CodeIgniter\CodeIgniter->run()
 8 SYSTEMPATH\Commands\Server\rewrite.php(43): require_once('FCPATH\\index.php')
CRITICAL - 2022-08-15 02:10:46 --> Argument 2 passed to CodeIgniter\Database\BaseBuilder::like() must be of the type string, null given, called in C:\xampp\htdocs\CatalogPAL\system\Model.php on line 771
in SYSTEMPATH\Database\BaseBuilder.php on line 954.
 1 SYSTEMPATH\Model.php(771): CodeIgniter\Database\BaseBuilder->like('LABEL', null)
 2 APPPATH\Models\M_DataEx.php(23): CodeIgniter\Model->__call('Like', [...])
 3 APPPATH\Controllers\Pages.php(271): App\Models\M_DataEx->search(null)
 4 SYSTEMPATH\CodeIgniter.php(896): App\Controllers\Pages->crud()
 5 SYSTEMPATH\CodeIgniter.php(466): CodeIgniter\CodeIgniter->runController(Object(App\Controllers\Pages))
 6 SYSTEMPATH\CodeIgniter.php(349): CodeIgniter\CodeIgniter->handleRequest(null, Object(Config\Cache), false)
 7 FCPATH\index.php(55): CodeIgniter\CodeIgniter->run()
 8 SYSTEMPATH\Commands\Server\rewrite.php(43): require_once('FCPATH\\index.php')
CRITICAL - 2022-08-15 02:20:38 --> Argument 2 passed to CodeIgniter\Database\BaseBuilder::like() must be of the type string, null given, called in C:\xampp\htdocs\CatalogPAL\system\Model.php on line 771
in SYSTEMPATH\Database\BaseBuilder.php on line 954.
 1 SYSTEMPATH\Model.php(771): CodeIgniter\Database\BaseBuilder->like('LABEL', null)
 2 APPPATH\Models\M_DataEx.php(23): CodeIgniter\Model->__call('Like', [...])
 3 APPPATH\Controllers\Pages.php(271): App\Models\M_DataEx->search(null)
 4 SYSTEMPATH\CodeIgniter.php(896): App\Controllers\Pages->crud()
 5 SYSTEMPATH\CodeIgniter.php(466): CodeIgniter\CodeIgniter->runController(Object(App\Controllers\Pages))
 6 SYSTEMPATH\CodeIgniter.php(349): CodeIgniter\CodeIgniter->handleRequest(null, Object(Config\Cache), false)
 7 FCPATH\index.php(55): CodeIgniter\CodeIgniter->run()
 8 SYSTEMPATH\Commands\Server\rewrite.php(43): require_once('FCPATH\\index.php')
CRITICAL - 2022-08-15 12:13:06 --> Undefined variable: currentPage
in APPPATH\Views\pages\caripengguna.php on line 64.
 1 APPPATH\Views\pages\caripengguna.php(64): CodeIgniter\Debug\Exceptions->errorHandler(8, 'Undefined variable: currentPage', 'APPPATH\\Views\\pages\\caripengguna.php', 64, [])
 2 SYSTEMPATH\View\View.php(213): include('APPPATH\\Views\\pages\\caripengguna.php')
 3 SYSTEMPATH\View\View.php(216): CodeIgniter\View\View->CodeIgniter\View\{closure}()
 4 SYSTEMPATH\Common.php(1135): CodeIgniter\View\View->render('pages/caripengguna', [], true)
 5 APPPATH\Controllers\Caripengguna.php(36): view('pages/caripengguna')
 6 SYSTEMPATH\CodeIgniter.php(896): App\Controllers\Caripengguna->search()
 7 SYSTEMPATH\CodeIgniter.php(466): CodeIgniter\CodeIgniter->runController(Object(App\Controllers\Caripengguna))
 8 SYSTEMPATH\CodeIgniter.php(349): CodeIgniter\CodeIgniter->handleRequest(null, Object(Config\Cache), false)
 9 FCPATH\index.php(55): CodeIgniter\CodeIgniter->run()
10 SYSTEMPATH\Commands\Server\rewrite.php(43): require_once('FCPATH\\index.php')
CRITICAL - 2022-08-15 12:15:14 --> Undefined variable: currentPage
in APPPATH\Views\pages\caripengguna.php on line 64.
 1 APPPATH\Views\pages\caripengguna.php(64): CodeIgniter\Debug\Exceptions->errorHandler(8, 'Undefined variable: currentPage', 'APPPATH\\Views\\pages\\caripengguna.php', 64, [])
 2 SYSTEMPATH\View\View.php(213): include('APPPATH\\Views\\pages\\caripengguna.php')
 3 SYSTEMPATH\View\View.php(216): CodeIgniter\View\View->CodeIgniter\View\{closure}()
 4 SYSTEMPATH\Common.php(1135): CodeIgniter\View\View->render('pages/caripengguna', [], true)
 5 APPPATH\Controllers\Caripengguna.php(36): view('pages/caripengguna')
 6 SYSTEMPATH\CodeIgniter.php(896): App\Controllers\Caripengguna->search()
 7 SYSTEMPATH\CodeIgniter.php(466): CodeIgniter\CodeIgniter->runController(Object(App\Controllers\Caripengguna))
 8 SYSTEMPATH\CodeIgniter.php(349): CodeIgniter\CodeIgniter->handleRequest(null, Object(Config\Cache), false)
 9 FCPATH\index.php(55): CodeIgniter\CodeIgniter->run()
10 SYSTEMPATH\Commands\Server\rewrite.php(43): require_once('FCPATH\\index.php')
CRITICAL - 2022-08-15 12:20:49 --> Undefined variable: currentPage
in APPPATH\Views\pages\caripengguna.php on line 64.
 1 APPPATH\Views\pages\caripengguna.php(64): CodeIgniter\Debug\Exceptions->errorHandler(8, 'Undefined variable: currentPage', 'APPPATH\\Views\\pages\\caripengguna.php', 64, [])
 2 SYSTEMPATH\View\View.php(213): include('APPPATH\\Views\\pages\\caripengguna.php')
 3 SYSTEMPATH\View\View.php(216): CodeIgniter\View\View->CodeIgniter\View\{closure}()
 4 SYSTEMPATH\Common.php(1135): CodeIgniter\View\View->render('pages/caripengguna', [], true)
 5 APPPATH\Controllers\Caripengguna.php(36): view('pages/caripengguna')
 6 SYSTEMPATH\CodeIgniter.php(896): App\Controllers\Caripengguna->search()
 7 SYSTEMPATH\CodeIgniter.php(466): CodeIgniter\CodeIgniter->runController(Object(App\Controllers\Caripengguna))
 8 SYSTEMPATH\CodeIgniter.php(349): CodeIgniter\CodeIgniter->handleRequest(null, Object(Config\Cache), false)
 9 FCPATH\index.php(55): CodeIgniter\CodeIgniter->run()
10 SYSTEMPATH\Commands\Server\rewrite.php(43): require_once('FCPATH\\index.php')
CRITICAL - 2022-08-15 12:21:05 --> Undefined variable: currentPage
in APPPATH\Views\pages\caripengguna.php on line 64.
 1 APPPATH\Views\pages\caripengguna.php(64): CodeIgniter\Debug\Exceptions->errorHandler(8, 'Undefined variable: currentPage', 'APPPATH\\Views\\pages\\caripengguna.php', 64, [])
 2 SYSTEMPATH\View\View.php(213): include('APPPATH\\Views\\pages\\caripengguna.php')
 3 SYSTEMPATH\View\View.php(216): CodeIgniter\View\View->CodeIgniter\View\{closure}()
 4 SYSTEMPATH\Common.php(1135): CodeIgniter\View\View->render('pages/caripengguna', [], true)
 5 APPPATH\Controllers\Caripengguna.php(36): view('pages/caripengguna')
 6 SYSTEMPATH\CodeIgniter.php(896): App\Controllers\Caripengguna->search()
 7 SYSTEMPATH\CodeIgniter.php(466): CodeIgniter\CodeIgniter->runController(Object(App\Controllers\Caripengguna))
 8 SYSTEMPATH\CodeIgniter.php(349): CodeIgniter\CodeIgniter->handleRequest(null, Object(Config\Cache), false)
 9 FCPATH\index.php(55): CodeIgniter\CodeIgniter->run()
10 SYSTEMPATH\Commands\Server\rewrite.php(43): require_once('FCPATH\\index.php')
CRITICAL - 2022-08-15 12:21:49 --> View themes, no current section.
in SYSTEMPATH\View\View.php on line 392.
 1 APPPATH\Views\pages\caripengguna.php(171): CodeIgniter\View\View->endSection()
 2 SYSTEMPATH\View\View.php(213): include('APPPATH\\Views\\pages\\caripengguna.php')
 3 SYSTEMPATH\View\View.php(216): CodeIgniter\View\View->CodeIgniter\View\{closure}()
 4 SYSTEMPATH\Common.php(1135): CodeIgniter\View\View->render('pages/caripengguna', [], true)
 5 APPPATH\Controllers\Pages.php(57): view('pages/caripengguna', [...])
 6 SYSTEMPATH\CodeIgniter.php(896): App\Controllers\Pages->caripengguna()
 7 SYSTEMPATH\CodeIgniter.php(466): CodeIgniter\CodeIgniter->runController(Object(App\Controllers\Pages))
 8 SYSTEMPATH\CodeIgniter.php(349): CodeIgniter\CodeIgniter->handleRequest(null, Object(Config\Cache), false)
 9 FCPATH\index.php(55): CodeIgniter\CodeIgniter->run()
10 SYSTEMPATH\Commands\Server\rewrite.php(43): require_once('FCPATH\\index.php')
CRITICAL - 2022-08-15 12:22:09 --> Undefined variable: currentPage
in APPPATH\Views\pages\caripengguna.php on line 64.
 1 APPPATH\Views\pages\caripengguna.php(64): CodeIgniter\Debug\Exceptions->errorHandler(8, 'Undefined variable: currentPage', 'APPPATH\\Views\\pages\\caripengguna.php', 64, [])
 2 SYSTEMPATH\View\View.php(213): include('APPPATH\\Views\\pages\\caripengguna.php')
 3 SYSTEMPATH\View\View.php(216): CodeIgniter\View\View->CodeIgniter\View\{closure}()
 4 SYSTEMPATH\Common.php(1135): CodeIgniter\View\View->render('pages/caripengguna', [], true)
 5 APPPATH\Controllers\Caripengguna.php(36): view('pages/caripengguna')
 6 SYSTEMPATH\CodeIgniter.php(896): App\Controllers\Caripengguna->search()
 7 SYSTEMPATH\CodeIgniter.php(466): CodeIgniter\CodeIgniter->runController(Object(App\Controllers\Caripengguna))
 8 SYSTEMPATH\CodeIgniter.php(349): CodeIgniter\CodeIgniter->handleRequest(null, Object(Config\Cache), false)
 9 FCPATH\index.php(55): CodeIgniter\CodeIgniter->run()
10 SYSTEMPATH\Commands\Server\rewrite.php(43): require_once('FCPATH\\index.php')
CRITICAL - 2022-08-15 12:58:32 --> Undefined variable: currentPage
in APPPATH\Views\pages\caripengguna.php on line 64.
 1 APPPATH\Views\pages\caripengguna.php(64): CodeIgniter\Debug\Exceptions->errorHandler(8, 'Undefined variable: currentPage', 'APPPATH\\Views\\pages\\caripengguna.php', 64, [])
 2 SYSTEMPATH\View\View.php(213): include('APPPATH\\Views\\pages\\caripengguna.php')
 3 SYSTEMPATH\View\View.php(216): CodeIgniter\View\View->CodeIgniter\View\{closure}()
 4 SYSTEMPATH\Common.php(1135): CodeIgniter\View\View->render('pages/caripengguna', [], true)
 5 APPPATH\Controllers\Caripengguna.php(36): view('pages/caripengguna')
 6 SYSTEMPATH\CodeIgniter.php(896): App\Controllers\Caripengguna->search()
 7 SYSTEMPATH\CodeIgniter.php(466): CodeIgniter\CodeIgniter->runController(Object(App\Controllers\Caripengguna))
 8 SYSTEMPATH\CodeIgniter.php(349): CodeIgniter\CodeIgniter->handleRequest(null, Object(Config\Cache), false)
 9 FCPATH\index.php(55): CodeIgniter\CodeIgniter->run()
10 SYSTEMPATH\Commands\Server\rewrite.php(43): require_once('FCPATH\\index.php')
CRITICAL - 2022-08-15 12:58:42 --> Undefined variable: currentPage
in APPPATH\Views\pages\caripengguna.php on line 64.
 1 APPPATH\Views\pages\caripengguna.php(64): CodeIgniter\Debug\Exceptions->errorHandler(8, 'Undefined variable: currentPage', 'APPPATH\\Views\\pages\\caripengguna.php', 64, [])
 2 SYSTEMPATH\View\View.php(213): include('APPPATH\\Views\\pages\\caripengguna.php')
 3 SYSTEMPATH\View\View.php(216): CodeIgniter\View\View->CodeIgniter\View\{closure}()
 4 SYSTEMPATH\Common.php(1135): CodeIgniter\View\View->render('pages/caripengguna', [], true)
 5 APPPATH\Controllers\Caripengguna.php(36): view('pages/caripengguna')
 6 SYSTEMPATH\CodeIgniter.php(896): App\Controllers\Caripengguna->search()
 7 SYSTEMPATH\CodeIgniter.php(466): CodeIgniter\CodeIgniter->runController(Object(App\Controllers\Caripengguna))
 8 SYSTEMPATH\CodeIgniter.php(349): CodeIgniter\CodeIgniter->handleRequest(null, Object(Config\Cache), false)
 9 FCPATH\index.php(55): CodeIgniter\CodeIgniter->run()
10 SYSTEMPATH\Commands\Server\rewrite.php(43): require_once('FCPATH\\index.php')
CRITICAL - 2022-08-15 13:00:22 --> Undefined variable: currentPage
in APPPATH\Views\pages\caripengguna.php on line 64.
 1 APPPATH\Views\pages\caripengguna.php(64): CodeIgniter\Debug\Exceptions->errorHandler(8, 'Undefined variable: currentPage', 'APPPATH\\Views\\pages\\caripengguna.php', 64, [])
 2 SYSTEMPATH\View\View.php(213): include('APPPATH\\Views\\pages\\caripengguna.php')
 3 SYSTEMPATH\View\View.php(216): CodeIgniter\View\View->CodeIgniter\View\{closure}()
 4 SYSTEMPATH\Common.php(1135): CodeIgniter\View\View->render('pages/caripengguna', [], true)
 5 APPPATH\Controllers\Login.php(15): view('pages/caripengguna')
 6 SYSTEMPATH\CodeIgniter.php(896): App\Controllers\Login->index()
 7 SYSTEMPATH\CodeIgniter.php(466): CodeIgniter\CodeIgniter->runController(Object(App\Controllers\Login))
 8 SYSTEMPATH\CodeIgniter.php(349): CodeIgniter\CodeIgniter->handleRequest(null, Object(Config\Cache), false)
 9 FCPATH\index.php(55): CodeIgniter\CodeIgniter->run()
10 SYSTEMPATH\Commands\Server\rewrite.php(43): require_once('FCPATH\\index.php')
CRITICAL - 2022-08-15 13:00:23 --> Undefined variable: currentPage
in APPPATH\Views\pages\caripengguna.php on line 64.
 1 APPPATH\Views\pages\caripengguna.php(64): CodeIgniter\Debug\Exceptions->errorHandler(8, 'Undefined variable: currentPage', 'APPPATH\\Views\\pages\\caripengguna.php', 64, [])
 2 SYSTEMPATH\View\View.php(213): include('APPPATH\\Views\\pages\\caripengguna.php')
 3 SYSTEMPATH\View\View.php(216): CodeIgniter\View\View->CodeIgniter\View\{closure}()
 4 SYSTEMPATH\Common.php(1135): CodeIgniter\View\View->render('pages/caripengguna', [], true)
 5 APPPATH\Controllers\Login.php(15): view('pages/caripengguna')
 6 SYSTEMPATH\CodeIgniter.php(896): App\Controllers\Login->index()
 7 SYSTEMPATH\CodeIgniter.php(466): CodeIgniter\CodeIgniter->runController(Object(App\Controllers\Login))
 8 SYSTEMPATH\CodeIgniter.php(349): CodeIgniter\CodeIgniter->handleRequest(null, Object(Config\Cache), false)
 9 FCPATH\index.php(55): CodeIgniter\CodeIgniter->run()
10 SYSTEMPATH\Commands\Server\rewrite.php(43): require_once('FCPATH\\index.php')
CRITICAL - 2022-08-15 13:08:42 --> Undefined variable: currentPage
in APPPATH\Views\pages\caripengguna.php on line 64.
 1 APPPATH\Views\pages\caripengguna.php(64): CodeIgniter\Debug\Exceptions->errorHandler(8, 'Undefined variable: currentPage', 'APPPATH\\Views\\pages\\caripengguna.php', 64, [])
 2 SYSTEMPATH\View\View.php(213): include('APPPATH\\Views\\pages\\caripengguna.php')
 3 SYSTEMPATH\View\View.php(216): CodeIgniter\View\View->CodeIgniter\View\{closure}()
 4 SYSTEMPATH\Common.php(1135): CodeIgniter\View\View->render('pages/caripengguna', [], true)
 5 APPPATH\Controllers\Caripengguna.php(36): view('pages/caripengguna')
 6 SYSTEMPATH\CodeIgniter.php(896): App\Controllers\Caripengguna->search()
 7 SYSTEMPATH\CodeIgniter.php(466): CodeIgniter\CodeIgniter->runController(Object(App\Controllers\Caripengguna))
 8 SYSTEMPATH\CodeIgniter.php(349): CodeIgniter\CodeIgniter->handleRequest(null, Object(Config\Cache), false)
 9 FCPATH\index.php(55): CodeIgniter\CodeIgniter->run()
10 SYSTEMPATH\Commands\Server\rewrite.php(43): require_once('FCPATH\\index.php')
CRITICAL - 2022-08-15 13:13:04 --> Undefined variable: currentPage
in APPPATH\Views\pages\caripengguna.php on line 64.
 1 APPPATH\Views\pages\caripengguna.php(64): CodeIgniter\Debug\Exceptions->errorHandler(8, 'Undefined variable: currentPage', 'APPPATH\\Views\\pages\\caripengguna.php', 64, [])
 2 SYSTEMPATH\View\View.php(213): include('APPPATH\\Views\\pages\\caripengguna.php')
 3 SYSTEMPATH\View\View.php(216): CodeIgniter\View\View->CodeIgniter\View\{closure}()
 4 SYSTEMPATH\Common.php(1135): CodeIgniter\View\View->render('pages/caripengguna', [], true)
 5 APPPATH\Controllers\Login.php(57): view('pages/caripengguna')
 6 SYSTEMPATH\CodeIgniter.php(896): App\Controllers\Login->search()
 7 SYSTEMPATH\CodeIgniter.php(466): CodeIgniter\CodeIgniter->runController(Object(App\Controllers\Login))
 8 SYSTEMPATH\CodeIgniter.php(349): CodeIgniter\CodeIgniter->handleRequest(null, Object(Config\Cache), false)
 9 FCPATH\index.php(55): CodeIgniter\CodeIgniter->run()
10 SYSTEMPATH\Commands\Server\rewrite.php(43): require_once('FCPATH\\index.php')
CRITICAL - 2022-08-15 13:13:50 --> Undefined variable: currentPage
in APPPATH\Views\pages\caripengguna.php on line 64.
 1 APPPATH\Views\pages\caripengguna.php(64): CodeIgniter\Debug\Exceptions->errorHandler(8, 'Undefined variable: currentPage', 'APPPATH\\Views\\pages\\caripengguna.php', 64, [])
 2 SYSTEMPATH\View\View.php(213): include('APPPATH\\Views\\pages\\caripengguna.php')
 3 SYSTEMPATH\View\View.php(216): CodeIgniter\View\View->CodeIgniter\View\{closure}()
 4 SYSTEMPATH\Common.php(1135): CodeIgniter\View\View->render('pages/caripengguna', [], true)
 5 APPPATH\Controllers\Login.php(57): view('pages/caripengguna')
 6 SYSTEMPATH\CodeIgniter.php(896): App\Controllers\Login->search()
 7 SYSTEMPATH\CodeIgniter.php(466): CodeIgniter\CodeIgniter->runController(Object(App\Controllers\Login))
 8 SYSTEMPATH\CodeIgniter.php(349): CodeIgniter\CodeIgniter->handleRequest(null, Object(Config\Cache), false)
 9 FCPATH\index.php(55): CodeIgniter\CodeIgniter->run()
10 SYSTEMPATH\Commands\Server\rewrite.php(43): require_once('FCPATH\\index.php')
