CRITICAL - 2022-08-16 01:23:03 --> syntax error, unexpected ')', expecting ']'
in APPPATH\Controllers\Pages.php on line 112.
 1 SYSTEMPATH\Autoloader\Autoloader.php(261): CodeIgniter\Autoloader\Autoloader->includeFile('APPPATH\\Controllers\\Pages.php')
 2 SYSTEMPATH\Autoloader\Autoloader.php(239): CodeIgniter\Autoloader\Autoloader->loadInNamespace('App\\Controllers\\Pages')
 3 [internal function]: CodeIgniter\Autoloader\Autoloader->loadClass('App\\Controllers\\Pages')
 4 [internal function]: spl_autoload_call('App\\Controllers\\Pages')
 5 SYSTEMPATH\CodeIgniter.php(846): class_exists('\\App\\Controllers\\Pages', true)
 6 SYSTEMPATH\CodeIgniter.php(453): CodeIgniter\CodeIgniter->startController()
 7 SYSTEMPATH\CodeIgniter.php(349): CodeIgniter\CodeIgniter->handleRequest(null, Object(Config\Cache), false)
 8 FCPATH\index.php(55): CodeIgniter\CodeIgniter->run()
 9 SYSTEMPATH\Commands\Server\rewrite.php(43): require_once('FCPATH\\index.php')
ERROR - 2022-08-16 01:23:54 --> Unknown column 'FILE' in 'field list'
CRITICAL - 2022-08-16 01:23:54 --> Unknown column 'FILE' in 'field list'
in SYSTEMPATH\Database\MySQLi\Connection.php on line 292.
 1 SYSTEMPATH\Database\MySQLi\Connection.php(292): mysqli->query('INSERT INTO `data_catalog` (`LABEL`, `REFF_KONTRAK`, `TANGGAL`, `PENYEDIA`, `JUDUL_DOKUMEN`, `JUDUL_PROYEK`, `FILE`) VALUES (\'d111\', \'dsad\', \'2022-08-16\', \'sda\', \'dasad\', \'sada\', \'64-Article Text-1105-1-10-20200721.pdf\')', 0)
 2 SYSTEMPATH\Database\BaseConnection.php(695): CodeIgniter\Database\MySQLi\Connection->execute('INSERT INTO `data_catalog` (`LABEL`, `REFF_KONTRAK`, `TANGGAL`, `PENYEDIA`, `JUDUL_DOKUMEN`, `JUDUL_PROYEK`, `FILE`) VALUES (\'d111\', \'dsad\', \'2022-08-16\', \'sda\', \'dasad\', \'sada\', \'64-Article Text-1105-1-10-20200721.pdf\')')
 3 SYSTEMPATH\Database\BaseConnection.php(609): CodeIgniter\Database\BaseConnection->simpleQuery('INSERT INTO `data_catalog` (`LABEL`, `REFF_KONTRAK`, `TANGGAL`, `PENYEDIA`, `JUDUL_DOKUMEN`, `JUDUL_PROYEK`, `FILE`) VALUES (\'d111\', \'dsad\', \'2022-08-16\', \'sda\', \'dasad\', \'sada\', \'64-Article Text-1105-1-10-20200721.pdf\')')
 4 SYSTEMPATH\Database\BaseBuilder.php(1904): CodeIgniter\Database\BaseConnection->query('INSERT INTO `data_catalog` (`LABEL`, `REFF_KONTRAK`, `TANGGAL`, `PENYEDIA`, `JUDUL_DOKUMEN`, `JUDUL_PROYEK`, `FILE`) VALUES (:LABEL:, :REFF_KONTRAK:, :TANGGAL:, :PENYEDIA:, :JUDUL_DOKUMEN:, :JUDUL_PROYEK:, :FILE:)', [...], false)
 5 SYSTEMPATH\Model.php(278): CodeIgniter\Database\BaseBuilder->insert()
 6 SYSTEMPATH\BaseModel.php(738): CodeIgniter\Model->doInsert([...])
 7 SYSTEMPATH\Model.php(666): CodeIgniter\BaseModel->insert([...], false)
 8 SYSTEMPATH\BaseModel.php(658): CodeIgniter\Model->insert([...], false)
 9 APPPATH\Controllers\Pages.php(125): CodeIgniter\BaseModel->save([...])
10 SYSTEMPATH\CodeIgniter.php(896): App\Controllers\Pages->save()
11 SYSTEMPATH\CodeIgniter.php(466): CodeIgniter\CodeIgniter->runController(Object(App\Controllers\Pages))
12 SYSTEMPATH\CodeIgniter.php(349): CodeIgniter\CodeIgniter->handleRequest(null, Object(Config\Cache), false)
13 FCPATH\index.php(55): CodeIgniter\CodeIgniter->run()
14 SYSTEMPATH\Commands\Server\rewrite.php(43): require_once('FCPATH\\index.php')
CRITICAL - 2022-08-16 02:06:14 --> Trying to access array offset on value of type null
in APPPATH\Views\pages\editBerkas.php on line 57.
 1 APPPATH\Views\pages\editBerkas.php(57): CodeIgniter\Debug\Exceptions->errorHandler(8, 'Trying to access array offset on value of type null', 'APPPATH\\Views\\pages\\editBerkas.php', 57, [...])
 2 SYSTEMPATH\View\View.php(213): include('APPPATH\\Views\\pages\\editBerkas.php')
 3 SYSTEMPATH\View\View.php(216): CodeIgniter\View\View->CodeIgniter\View\{closure}()
 4 SYSTEMPATH\Common.php(1135): CodeIgniter\View\View->render('pages/editBerkas', [], true)
 5 APPPATH\Controllers\Pages.php(142): view('pages/editBerkas', [...])
 6 SYSTEMPATH\CodeIgniter.php(896): App\Controllers\Pages->editBerkas('248')
 7 SYSTEMPATH\CodeIgniter.php(466): CodeIgniter\CodeIgniter->runController(Object(App\Controllers\Pages))
 8 SYSTEMPATH\CodeIgniter.php(349): CodeIgniter\CodeIgniter->handleRequest(null, Object(Config\Cache), false)
 9 FCPATH\index.php(55): CodeIgniter\CodeIgniter->run()
10 SYSTEMPATH\Commands\Server\rewrite.php(43): require_once('FCPATH\\index.php')
CRITICAL - 2022-08-16 02:08:01 --> Trying to access array offset on value of type null
in APPPATH\Views\pages\editBerkas.php on line 57.
 1 APPPATH\Views\pages\editBerkas.php(57): CodeIgniter\Debug\Exceptions->errorHandler(8, 'Trying to access array offset on value of type null', 'APPPATH\\Views\\pages\\editBerkas.php', 57, [...])
 2 SYSTEMPATH\View\View.php(213): include('APPPATH\\Views\\pages\\editBerkas.php')
 3 SYSTEMPATH\View\View.php(216): CodeIgniter\View\View->CodeIgniter\View\{closure}()
 4 SYSTEMPATH\Common.php(1135): CodeIgniter\View\View->render('pages/editBerkas', [], true)
 5 APPPATH\Controllers\Pages.php(142): view('pages/editBerkas', [...])
 6 SYSTEMPATH\CodeIgniter.php(896): App\Controllers\Pages->editBerkas('248')
 7 SYSTEMPATH\CodeIgniter.php(466): CodeIgniter\CodeIgniter->runController(Object(App\Controllers\Pages))
 8 SYSTEMPATH\CodeIgniter.php(349): CodeIgniter\CodeIgniter->handleRequest(null, Object(Config\Cache), false)
 9 FCPATH\index.php(55): CodeIgniter\CodeIgniter->run()
10 SYSTEMPATH\Commands\Server\rewrite.php(43): require_once('FCPATH\\index.php')
ERROR - 2022-08-16 08:00:22 --> Column 'FILE' cannot be null
CRITICAL - 2022-08-16 08:00:22 --> Column 'FILE' cannot be null
in SYSTEMPATH\Database\MySQLi\Connection.php on line 292.
 1 SYSTEMPATH\Database\MySQLi\Connection.php(292): mysqli->query('INSERT INTO `data_catalog` (`LABEL`, `REFF_KONTRAK`, `TANGGAL`, `PENYEDIA`, `JUDUL_DOKUMEN`, `JUDUL_PROYEK`, `FILE`) VALUES (\'aa1\', \'dfd\', \'2022-08-05\', \'fsdfs\', \'fdsf\', \'frf\', NULL)', 0)
 2 SYSTEMPATH\Database\BaseConnection.php(695): CodeIgniter\Database\MySQLi\Connection->execute('INSERT INTO `data_catalog` (`LABEL`, `REFF_KONTRAK`, `TANGGAL`, `PENYEDIA`, `JUDUL_DOKUMEN`, `JUDUL_PROYEK`, `FILE`) VALUES (\'aa1\', \'dfd\', \'2022-08-05\', \'fsdfs\', \'fdsf\', \'frf\', NULL)')
 3 SYSTEMPATH\Database\BaseConnection.php(609): CodeIgniter\Database\BaseConnection->simpleQuery('INSERT INTO `data_catalog` (`LABEL`, `REFF_KONTRAK`, `TANGGAL`, `PENYEDIA`, `JUDUL_DOKUMEN`, `JUDUL_PROYEK`, `FILE`) VALUES (\'aa1\', \'dfd\', \'2022-08-05\', \'fsdfs\', \'fdsf\', \'frf\', NULL)')
 4 SYSTEMPATH\Database\BaseBuilder.php(1904): CodeIgniter\Database\BaseConnection->query('INSERT INTO `data_catalog` (`LABEL`, `REFF_KONTRAK`, `TANGGAL`, `PENYEDIA`, `JUDUL_DOKUMEN`, `JUDUL_PROYEK`, `FILE`) VALUES (:LABEL:, :REFF_KONTRAK:, :TANGGAL:, :PENYEDIA:, :JUDUL_DOKUMEN:, :JUDUL_PROYEK:, :FILE:)', [...], false)
 5 SYSTEMPATH\Model.php(278): CodeIgniter\Database\BaseBuilder->insert()
 6 SYSTEMPATH\BaseModel.php(738): CodeIgniter\Model->doInsert([...])
 7 SYSTEMPATH\Model.php(666): CodeIgniter\BaseModel->insert([...], false)
 8 SYSTEMPATH\BaseModel.php(658): CodeIgniter\Model->insert([...], false)
 9 APPPATH\Controllers\Pages.php(124): CodeIgniter\BaseModel->save([...])
10 SYSTEMPATH\CodeIgniter.php(896): App\Controllers\Pages->save()
11 SYSTEMPATH\CodeIgniter.php(466): CodeIgniter\CodeIgniter->runController(Object(App\Controllers\Pages))
12 SYSTEMPATH\CodeIgniter.php(349): CodeIgniter\CodeIgniter->handleRequest(null, Object(Config\Cache), false)
13 FCPATH\index.php(55): CodeIgniter\CodeIgniter->run()
14 SYSTEMPATH\Commands\Server\rewrite.php(43): require_once('FCPATH\\index.php')
ERROR - 2022-08-16 08:07:55 --> Column 'FILE' cannot be null
CRITICAL - 2022-08-16 08:07:55 --> Column 'FILE' cannot be null
in SYSTEMPATH\Database\MySQLi\Connection.php on line 292.
 1 SYSTEMPATH\Database\MySQLi\Connection.php(292): mysqli->query('INSERT INTO `data_catalog` (`LABEL`, `REFF_KONTRAK`, `TANGGAL`, `PENYEDIA`, `JUDUL_DOKUMEN`, `JUDUL_PROYEK`, `FILE`) VALUES (\'aa1\', \'dfd\', \'2022-08-05\', \'fsdfs\', \'fdsf\', \'frf\', NULL)', 0)
 2 SYSTEMPATH\Database\BaseConnection.php(695): CodeIgniter\Database\MySQLi\Connection->execute('INSERT INTO `data_catalog` (`LABEL`, `REFF_KONTRAK`, `TANGGAL`, `PENYEDIA`, `JUDUL_DOKUMEN`, `JUDUL_PROYEK`, `FILE`) VALUES (\'aa1\', \'dfd\', \'2022-08-05\', \'fsdfs\', \'fdsf\', \'frf\', NULL)')
 3 SYSTEMPATH\Database\BaseConnection.php(609): CodeIgniter\Database\BaseConnection->simpleQuery('INSERT INTO `data_catalog` (`LABEL`, `REFF_KONTRAK`, `TANGGAL`, `PENYEDIA`, `JUDUL_DOKUMEN`, `JUDUL_PROYEK`, `FILE`) VALUES (\'aa1\', \'dfd\', \'2022-08-05\', \'fsdfs\', \'fdsf\', \'frf\', NULL)')
 4 SYSTEMPATH\Database\BaseBuilder.php(1904): CodeIgniter\Database\BaseConnection->query('INSERT INTO `data_catalog` (`LABEL`, `REFF_KONTRAK`, `TANGGAL`, `PENYEDIA`, `JUDUL_DOKUMEN`, `JUDUL_PROYEK`, `FILE`) VALUES (:LABEL:, :REFF_KONTRAK:, :TANGGAL:, :PENYEDIA:, :JUDUL_DOKUMEN:, :JUDUL_PROYEK:, :FILE:)', [...], false)
 5 SYSTEMPATH\Model.php(278): CodeIgniter\Database\BaseBuilder->insert()
 6 SYSTEMPATH\BaseModel.php(738): CodeIgniter\Model->doInsert([...])
 7 SYSTEMPATH\Model.php(666): CodeIgniter\BaseModel->insert([...], false)
 8 SYSTEMPATH\BaseModel.php(658): CodeIgniter\Model->insert([...], false)
 9 APPPATH\Controllers\Pages.php(124): CodeIgniter\BaseModel->save([...])
10 SYSTEMPATH\CodeIgniter.php(896): App\Controllers\Pages->save()
11 SYSTEMPATH\CodeIgniter.php(466): CodeIgniter\CodeIgniter->runController(Object(App\Controllers\Pages))
12 SYSTEMPATH\CodeIgniter.php(349): CodeIgniter\CodeIgniter->handleRequest(null, Object(Config\Cache), false)
13 FCPATH\index.php(55): CodeIgniter\CodeIgniter->run()
14 SYSTEMPATH\Commands\Server\rewrite.php(43): require_once('FCPATH\\index.php')
ERROR - 2022-08-16 08:09:32 --> Column 'FILE' cannot be null
CRITICAL - 2022-08-16 08:09:32 --> Column 'FILE' cannot be null
in SYSTEMPATH\Database\MySQLi\Connection.php on line 292.
 1 SYSTEMPATH\Database\MySQLi\Connection.php(292): mysqli->query('INSERT INTO `data_catalog` (`LABEL`, `REFF_KONTRAK`, `TANGGAL`, `PENYEDIA`, `JUDUL_DOKUMEN`, `JUDUL_PROYEK`, `FILE`) VALUES (\'aa1\', \'dfd\', \'2022-08-05\', \'fsdfs\', \'fdsf\', \'frf\', NULL)', 0)
 2 SYSTEMPATH\Database\BaseConnection.php(695): CodeIgniter\Database\MySQLi\Connection->execute('INSERT INTO `data_catalog` (`LABEL`, `REFF_KONTRAK`, `TANGGAL`, `PENYEDIA`, `JUDUL_DOKUMEN`, `JUDUL_PROYEK`, `FILE`) VALUES (\'aa1\', \'dfd\', \'2022-08-05\', \'fsdfs\', \'fdsf\', \'frf\', NULL)')
 3 SYSTEMPATH\Database\BaseConnection.php(609): CodeIgniter\Database\BaseConnection->simpleQuery('INSERT INTO `data_catalog` (`LABEL`, `REFF_KONTRAK`, `TANGGAL`, `PENYEDIA`, `JUDUL_DOKUMEN`, `JUDUL_PROYEK`, `FILE`) VALUES (\'aa1\', \'dfd\', \'2022-08-05\', \'fsdfs\', \'fdsf\', \'frf\', NULL)')
 4 SYSTEMPATH\Database\BaseBuilder.php(1904): CodeIgniter\Database\BaseConnection->query('INSERT INTO `data_catalog` (`LABEL`, `REFF_KONTRAK`, `TANGGAL`, `PENYEDIA`, `JUDUL_DOKUMEN`, `JUDUL_PROYEK`, `FILE`) VALUES (:LABEL:, :REFF_KONTRAK:, :TANGGAL:, :PENYEDIA:, :JUDUL_DOKUMEN:, :JUDUL_PROYEK:, :FILE:)', [...], false)
 5 SYSTEMPATH\Model.php(278): CodeIgniter\Database\BaseBuilder->insert()
 6 SYSTEMPATH\BaseModel.php(738): CodeIgniter\Model->doInsert([...])
 7 SYSTEMPATH\Model.php(666): CodeIgniter\BaseModel->insert([...], false)
 8 SYSTEMPATH\BaseModel.php(658): CodeIgniter\Model->insert([...], false)
 9 APPPATH\Controllers\Pages.php(124): CodeIgniter\BaseModel->save([...])
10 SYSTEMPATH\CodeIgniter.php(896): App\Controllers\Pages->save()
11 SYSTEMPATH\CodeIgniter.php(466): CodeIgniter\CodeIgniter->runController(Object(App\Controllers\Pages))
12 SYSTEMPATH\CodeIgniter.php(349): CodeIgniter\CodeIgniter->handleRequest(null, Object(Config\Cache), false)
13 FCPATH\index.php(55): CodeIgniter\CodeIgniter->run()
14 SYSTEMPATH\Commands\Server\rewrite.php(43): require_once('FCPATH\\index.php')
