ERROR - 2022-07-28 19:53:05 --> Error connecting to the database: Unknown database 'db_catalog'
CRITICAL - 2022-07-28 19:53:05 --> Unable to connect to the database.
Main connection [MySQLi]: Unknown database 'db_catalog'
in SYSTEMPATH\Database\BaseConnection.php on line 416.
 1 SYSTEMPATH\Database\BaseConnection.php(586): CodeIgniter\Database\BaseConnection->initialize()
 2 SYSTEMPATH\Database\BaseBuilder.php(1669): CodeIgniter\Database\BaseConnection->query('SELECT COUNT(*) AS `numrows`
FROM `dataex`', [], false)
 3 SYSTEMPATH\Model.php(550): CodeIgniter\Database\BaseBuilder->countAllResults(false)
 4 SYSTEMPATH\BaseModel.php(1084): CodeIgniter\Model->countAllResults(false)
 5 APPPATH\Controllers\Pages.php(34): CodeIgniter\BaseModel->paginate(10, 'dataex')
 6 SYSTEMPATH\CodeIgniter.php(896): App\Controllers\Pages->index()
 7 SYSTEMPATH\CodeIgniter.php(466): CodeIgniter\CodeIgniter->runController(Object(App\Controllers\Pages))
 8 SYSTEMPATH\CodeIgniter.php(349): CodeIgniter\CodeIgniter->handleRequest(null, Object(Config\Cache), false)
 9 FCPATH\index.php(55): CodeIgniter\CodeIgniter->run()
10 SYSTEMPATH\Commands\Server\rewrite.php(43): require_once('FCPATH\\index.php')
ERROR - 2022-07-28 20:03:51 --> Error connecting to the database: Unknown database 'db_catalog'
CRITICAL - 2022-07-28 20:03:51 --> Unable to connect to the database.
Main connection [MySQLi]: Unknown database 'db_catalog'
in SYSTEMPATH\Database\BaseConnection.php on line 416.
 1 SYSTEMPATH\Database\BaseConnection.php(586): CodeIgniter\Database\BaseConnection->initialize()
 2 SYSTEMPATH\Database\BaseBuilder.php(1669): CodeIgniter\Database\BaseConnection->query('SELECT COUNT(*) AS `numrows`
FROM `dataex`', [], false)
 3 SYSTEMPATH\Model.php(550): CodeIgniter\Database\BaseBuilder->countAllResults(false)
 4 SYSTEMPATH\BaseModel.php(1084): CodeIgniter\Model->countAllResults(false)
 5 APPPATH\Controllers\Pages.php(34): CodeIgniter\BaseModel->paginate(10, 'dataex')
 6 SYSTEMPATH\CodeIgniter.php(896): App\Controllers\Pages->index()
 7 SYSTEMPATH\CodeIgniter.php(466): CodeIgniter\CodeIgniter->runController(Object(App\Controllers\Pages))
 8 SYSTEMPATH\CodeIgniter.php(349): CodeIgniter\CodeIgniter->handleRequest(null, Object(Config\Cache), false)
 9 FCPATH\index.php(55): CodeIgniter\CodeIgniter->run()
10 SYSTEMPATH\Commands\Server\rewrite.php(43): require_once('FCPATH\\index.php')
ERROR - 2022-07-28 20:04:48 --> Error connecting to the database: Unknown database 'db_catalog'
CRITICAL - 2022-07-28 20:04:48 --> Unable to connect to the database.
Main connection [MySQLi]: Unknown database 'db_catalog'
in SYSTEMPATH\Database\BaseConnection.php on line 416.
 1 SYSTEMPATH\Database\BaseConnection.php(586): CodeIgniter\Database\BaseConnection->initialize()
 2 SYSTEMPATH\Database\BaseBuilder.php(1669): CodeIgniter\Database\BaseConnection->query('SELECT COUNT(*) AS `numrows`
FROM `dataex`', [], false)
 3 SYSTEMPATH\Model.php(550): CodeIgniter\Database\BaseBuilder->countAllResults(false)
 4 SYSTEMPATH\BaseModel.php(1084): CodeIgniter\Model->countAllResults(false)
 5 APPPATH\Controllers\Pages.php(34): CodeIgniter\BaseModel->paginate(10, 'dataex')
 6 SYSTEMPATH\CodeIgniter.php(896): App\Controllers\Pages->index()
 7 SYSTEMPATH\CodeIgniter.php(466): CodeIgniter\CodeIgniter->runController(Object(App\Controllers\Pages))
 8 SYSTEMPATH\CodeIgniter.php(349): CodeIgniter\CodeIgniter->handleRequest(null, Object(Config\Cache), false)
 9 FCPATH\index.php(55): CodeIgniter\CodeIgniter->run()
10 SYSTEMPATH\Commands\Server\rewrite.php(43): require_once('FCPATH\\index.php')
ERROR - 2022-07-28 20:06:10 --> Error connecting to the database: Unknown database 'db_catalog'
CRITICAL - 2022-07-28 20:06:10 --> Unable to connect to the database.
Main connection [MySQLi]: Unknown database 'db_catalog'
in SYSTEMPATH\Database\BaseConnection.php on line 416.
 1 SYSTEMPATH\Database\BaseConnection.php(586): CodeIgniter\Database\BaseConnection->initialize()
 2 SYSTEMPATH\Database\BaseBuilder.php(1669): CodeIgniter\Database\BaseConnection->query('SELECT COUNT(*) AS `numrows`
FROM `dataex`', [], false)
 3 SYSTEMPATH\Model.php(550): CodeIgniter\Database\BaseBuilder->countAllResults(false)
 4 SYSTEMPATH\BaseModel.php(1084): CodeIgniter\Model->countAllResults(false)
 5 APPPATH\Controllers\Pages.php(34): CodeIgniter\BaseModel->paginate(10, 'dataex')
 6 SYSTEMPATH\CodeIgniter.php(896): App\Controllers\Pages->index()
 7 SYSTEMPATH\CodeIgniter.php(466): CodeIgniter\CodeIgniter->runController(Object(App\Controllers\Pages))
 8 SYSTEMPATH\CodeIgniter.php(349): CodeIgniter\CodeIgniter->handleRequest(null, Object(Config\Cache), false)
 9 FCPATH\index.php(55): CodeIgniter\CodeIgniter->run()
10 SYSTEMPATH\Commands\Server\rewrite.php(43): require_once('FCPATH\\index.php')
ERROR - 2022-07-28 20:21:32 --> Error connecting to the database: Unknown database 'db_catalog'
CRITICAL - 2022-07-28 20:21:32 --> Unable to connect to the database.
Main connection [MySQLi]: Unknown database 'db_catalog'
in SYSTEMPATH\Database\BaseConnection.php on line 416.
 1 SYSTEMPATH\Database\BaseConnection.php(586): CodeIgniter\Database\BaseConnection->initialize()
 2 SYSTEMPATH\Database\BaseBuilder.php(1669): CodeIgniter\Database\BaseConnection->query('SELECT COUNT(*) AS `numrows`
FROM `dataex`', [], false)
 3 SYSTEMPATH\Model.php(550): CodeIgniter\Database\BaseBuilder->countAllResults(false)
 4 SYSTEMPATH\BaseModel.php(1084): CodeIgniter\Model->countAllResults(false)
 5 APPPATH\Controllers\Pages.php(34): CodeIgniter\BaseModel->paginate(10, 'dataex')
 6 SYSTEMPATH\CodeIgniter.php(896): App\Controllers\Pages->index()
 7 SYSTEMPATH\CodeIgniter.php(466): CodeIgniter\CodeIgniter->runController(Object(App\Controllers\Pages))
 8 SYSTEMPATH\CodeIgniter.php(349): CodeIgniter\CodeIgniter->handleRequest(null, Object(Config\Cache), false)
 9 FCPATH\index.php(55): CodeIgniter\CodeIgniter->run()
10 SYSTEMPATH\Commands\Server\rewrite.php(43): require_once('FCPATH\\index.php')
ERROR - 2022-07-28 20:46:42 --> Error connecting to the database: Unknown database 'db_catalog'
CRITICAL - 2022-07-28 20:46:42 --> Unable to connect to the database.
Main connection [MySQLi]: Unknown database 'db_catalog'
in SYSTEMPATH\Database\BaseConnection.php on line 416.
 1 SYSTEMPATH\Database\BaseConnection.php(586): CodeIgniter\Database\BaseConnection->initialize()
 2 SYSTEMPATH\Database\BaseBuilder.php(1669): CodeIgniter\Database\BaseConnection->query('SELECT COUNT(*) AS `numrows`
FROM `dataex`', [], false)
 3 SYSTEMPATH\Model.php(550): CodeIgniter\Database\BaseBuilder->countAllResults(false)
 4 SYSTEMPATH\BaseModel.php(1084): CodeIgniter\Model->countAllResults(false)
 5 APPPATH\Controllers\Pages.php(34): CodeIgniter\BaseModel->paginate(10, 'dataex')
 6 SYSTEMPATH\CodeIgniter.php(896): App\Controllers\Pages->index()
 7 SYSTEMPATH\CodeIgniter.php(466): CodeIgniter\CodeIgniter->runController(Object(App\Controllers\Pages))
 8 SYSTEMPATH\CodeIgniter.php(349): CodeIgniter\CodeIgniter->handleRequest(null, Object(Config\Cache), false)
 9 FCPATH\index.php(55): CodeIgniter\CodeIgniter->run()
10 SYSTEMPATH\Commands\Server\rewrite.php(43): require_once('FCPATH\\index.php')
ERROR - 2022-07-28 20:53:55 --> Table 'db_catalog.dataex' doesn't exist
CRITICAL - 2022-07-28 20:53:55 --> Table 'db_catalog.dataex' doesn't exist
in SYSTEMPATH\Database\MySQLi\Connection.php on line 292.
 1 SYSTEMPATH\Database\MySQLi\Connection.php(292): mysqli->query('SELECT COUNT(*) AS `numrows`
FROM `dataex`', 0)
 2 SYSTEMPATH\Database\BaseConnection.php(695): CodeIgniter\Database\MySQLi\Connection->execute('SELECT COUNT(*) AS `numrows`
FROM `dataex`')
 3 SYSTEMPATH\Database\BaseConnection.php(609): CodeIgniter\Database\BaseConnection->simpleQuery('SELECT COUNT(*) AS `numrows`
FROM `dataex`')
 4 SYSTEMPATH\Database\BaseBuilder.php(1669): CodeIgniter\Database\BaseConnection->query('SELECT COUNT(*) AS `numrows`
FROM `dataex`', [], false)
 5 SYSTEMPATH\Model.php(550): CodeIgniter\Database\BaseBuilder->countAllResults(false)
 6 SYSTEMPATH\BaseModel.php(1084): CodeIgniter\Model->countAllResults(false)
 7 APPPATH\Controllers\Pages.php(34): CodeIgniter\BaseModel->paginate(10, 'dataex')
 8 SYSTEMPATH\CodeIgniter.php(896): App\Controllers\Pages->index()
 9 SYSTEMPATH\CodeIgniter.php(466): CodeIgniter\CodeIgniter->runController(Object(App\Controllers\Pages))
10 SYSTEMPATH\CodeIgniter.php(349): CodeIgniter\CodeIgniter->handleRequest(null, Object(Config\Cache), false)
11 FCPATH\index.php(55): CodeIgniter\CodeIgniter->run()
12 SYSTEMPATH\Commands\Server\rewrite.php(43): require_once('FCPATH\\index.php')
CRITICAL - 2022-07-28 20:59:13 --> Undefined index: label
in APPPATH\Views\pages\crud.php on line 72.
 1 APPPATH\Views\pages\crud.php(72): CodeIgniter\Debug\Exceptions->errorHandler(8, 'Undefined index: label', 'APPPATH\\Views\\pages\\crud.php', 72, [...])
 2 SYSTEMPATH\View\View.php(213): include('APPPATH\\Views\\pages\\crud.php')
 3 SYSTEMPATH\View\View.php(216): CodeIgniter\View\View->CodeIgniter\View\{closure}()
 4 SYSTEMPATH\Common.php(1135): CodeIgniter\View\View->render('pages/crud', [], true)
 5 APPPATH\Controllers\Pages.php(38): view('pages/crud', [...])
 6 SYSTEMPATH\CodeIgniter.php(896): App\Controllers\Pages->index()
 7 SYSTEMPATH\CodeIgniter.php(466): CodeIgniter\CodeIgniter->runController(Object(App\Controllers\Pages))
 8 SYSTEMPATH\CodeIgniter.php(349): CodeIgniter\CodeIgniter->handleRequest(null, Object(Config\Cache), false)
 9 FCPATH\index.php(55): CodeIgniter\CodeIgniter->run()
10 SYSTEMPATH\Commands\Server\rewrite.php(43): require_once('FCPATH\\index.php')
CRITICAL - 2022-07-28 20:59:45 --> Undefined index: label
in APPPATH\Views\pages\crud.php on line 72.
 1 APPPATH\Views\pages\crud.php(72): CodeIgniter\Debug\Exceptions->errorHandler(8, 'Undefined index: label', 'APPPATH\\Views\\pages\\crud.php', 72, [...])
 2 SYSTEMPATH\View\View.php(213): include('APPPATH\\Views\\pages\\crud.php')
 3 SYSTEMPATH\View\View.php(216): CodeIgniter\View\View->CodeIgniter\View\{closure}()
 4 SYSTEMPATH\Common.php(1135): CodeIgniter\View\View->render('pages/crud', [], true)
 5 APPPATH\Controllers\Pages.php(38): view('pages/crud', [...])
 6 SYSTEMPATH\CodeIgniter.php(896): App\Controllers\Pages->index()
 7 SYSTEMPATH\CodeIgniter.php(466): CodeIgniter\CodeIgniter->runController(Object(App\Controllers\Pages))
 8 SYSTEMPATH\CodeIgniter.php(349): CodeIgniter\CodeIgniter->handleRequest(null, Object(Config\Cache), false)
 9 FCPATH\index.php(55): CodeIgniter\CodeIgniter->run()
10 SYSTEMPATH\Commands\Server\rewrite.php(43): require_once('FCPATH\\index.php')
CRITICAL - 2022-07-28 21:00:55 --> Undefined index: label
in APPPATH\Views\pages\crud.php on line 72.
 1 APPPATH\Views\pages\crud.php(72): CodeIgniter\Debug\Exceptions->errorHandler(8, 'Undefined index: label', 'APPPATH\\Views\\pages\\crud.php', 72, [...])
 2 SYSTEMPATH\View\View.php(213): include('APPPATH\\Views\\pages\\crud.php')
 3 SYSTEMPATH\View\View.php(216): CodeIgniter\View\View->CodeIgniter\View\{closure}()
 4 SYSTEMPATH\Common.php(1135): CodeIgniter\View\View->render('pages/crud', [], true)
 5 APPPATH\Controllers\Pages.php(38): view('pages/crud', [...])
 6 SYSTEMPATH\CodeIgniter.php(896): App\Controllers\Pages->index()
 7 SYSTEMPATH\CodeIgniter.php(466): CodeIgniter\CodeIgniter->runController(Object(App\Controllers\Pages))
 8 SYSTEMPATH\CodeIgniter.php(349): CodeIgniter\CodeIgniter->handleRequest(null, Object(Config\Cache), false)
 9 FCPATH\index.php(55): CodeIgniter\CodeIgniter->run()
10 SYSTEMPATH\Commands\Server\rewrite.php(43): require_once('FCPATH\\index.php')
CRITICAL - 2022-07-28 21:05:30 --> Undefined index: label
in APPPATH\Views\pages\crud.php on line 72.
 1 APPPATH\Views\pages\crud.php(72): CodeIgniter\Debug\Exceptions->errorHandler(8, 'Undefined index: label', 'APPPATH\\Views\\pages\\crud.php', 72, [...])
 2 SYSTEMPATH\View\View.php(213): include('APPPATH\\Views\\pages\\crud.php')
 3 SYSTEMPATH\View\View.php(216): CodeIgniter\View\View->CodeIgniter\View\{closure}()
 4 SYSTEMPATH\Common.php(1135): CodeIgniter\View\View->render('pages/crud', [], true)
 5 APPPATH\Controllers\Pages.php(38): view('pages/crud', [...])
 6 SYSTEMPATH\CodeIgniter.php(896): App\Controllers\Pages->index()
 7 SYSTEMPATH\CodeIgniter.php(466): CodeIgniter\CodeIgniter->runController(Object(App\Controllers\Pages))
 8 SYSTEMPATH\CodeIgniter.php(349): CodeIgniter\CodeIgniter->handleRequest(null, Object(Config\Cache), false)
 9 FCPATH\index.php(55): CodeIgniter\CodeIgniter->run()
10 SYSTEMPATH\Commands\Server\rewrite.php(43): require_once('FCPATH\\index.php')
CRITICAL - 2022-07-28 21:05:42 --> Undefined index: label
in APPPATH\Views\pages\crud.php on line 72.
 1 APPPATH\Views\pages\crud.php(72): CodeIgniter\Debug\Exceptions->errorHandler(8, 'Undefined index: label', 'APPPATH\\Views\\pages\\crud.php', 72, [...])
 2 SYSTEMPATH\View\View.php(213): include('APPPATH\\Views\\pages\\crud.php')
 3 SYSTEMPATH\View\View.php(216): CodeIgniter\View\View->CodeIgniter\View\{closure}()
 4 SYSTEMPATH\Common.php(1135): CodeIgniter\View\View->render('pages/crud', [], true)
 5 APPPATH\Controllers\Pages.php(38): view('pages/crud', [...])
 6 SYSTEMPATH\CodeIgniter.php(896): App\Controllers\Pages->index()
 7 SYSTEMPATH\CodeIgniter.php(466): CodeIgniter\CodeIgniter->runController(Object(App\Controllers\Pages))
 8 SYSTEMPATH\CodeIgniter.php(349): CodeIgniter\CodeIgniter->handleRequest(null, Object(Config\Cache), false)
 9 FCPATH\index.php(55): CodeIgniter\CodeIgniter->run()
10 SYSTEMPATH\Commands\Server\rewrite.php(43): require_once('FCPATH\\index.php')
CRITICAL - 2022-07-28 21:05:43 --> Undefined index: label
in APPPATH\Views\pages\crud.php on line 72.
 1 APPPATH\Views\pages\crud.php(72): CodeIgniter\Debug\Exceptions->errorHandler(8, 'Undefined index: label', 'APPPATH\\Views\\pages\\crud.php', 72, [...])
 2 SYSTEMPATH\View\View.php(213): include('APPPATH\\Views\\pages\\crud.php')
 3 SYSTEMPATH\View\View.php(216): CodeIgniter\View\View->CodeIgniter\View\{closure}()
 4 SYSTEMPATH\Common.php(1135): CodeIgniter\View\View->render('pages/crud', [], true)
 5 APPPATH\Controllers\Pages.php(38): view('pages/crud', [...])
 6 SYSTEMPATH\CodeIgniter.php(896): App\Controllers\Pages->index()
 7 SYSTEMPATH\CodeIgniter.php(466): CodeIgniter\CodeIgniter->runController(Object(App\Controllers\Pages))
 8 SYSTEMPATH\CodeIgniter.php(349): CodeIgniter\CodeIgniter->handleRequest(null, Object(Config\Cache), false)
 9 FCPATH\index.php(55): CodeIgniter\CodeIgniter->run()
10 SYSTEMPATH\Commands\Server\rewrite.php(43): require_once('FCPATH\\index.php')
CRITICAL - 2022-07-28 21:05:47 --> Undefined index: label
in APPPATH\Views\pages\crud.php on line 72.
 1 APPPATH\Views\pages\crud.php(72): CodeIgniter\Debug\Exceptions->errorHandler(8, 'Undefined index: label', 'APPPATH\\Views\\pages\\crud.php', 72, [...])
 2 SYSTEMPATH\View\View.php(213): include('APPPATH\\Views\\pages\\crud.php')
 3 SYSTEMPATH\View\View.php(216): CodeIgniter\View\View->CodeIgniter\View\{closure}()
 4 SYSTEMPATH\Common.php(1135): CodeIgniter\View\View->render('pages/crud', [], true)
 5 APPPATH\Controllers\Pages.php(38): view('pages/crud', [...])
 6 SYSTEMPATH\CodeIgniter.php(896): App\Controllers\Pages->index()
 7 SYSTEMPATH\CodeIgniter.php(466): CodeIgniter\CodeIgniter->runController(Object(App\Controllers\Pages))
 8 SYSTEMPATH\CodeIgniter.php(349): CodeIgniter\CodeIgniter->handleRequest(null, Object(Config\Cache), false)
 9 FCPATH\index.php(55): CodeIgniter\CodeIgniter->run()
10 SYSTEMPATH\Commands\Server\rewrite.php(43): require_once('FCPATH\\index.php')
CRITICAL - 2022-07-28 21:05:48 --> Undefined index: label
in APPPATH\Views\pages\crud.php on line 72.
 1 APPPATH\Views\pages\crud.php(72): CodeIgniter\Debug\Exceptions->errorHandler(8, 'Undefined index: label', 'APPPATH\\Views\\pages\\crud.php', 72, [...])
 2 SYSTEMPATH\View\View.php(213): include('APPPATH\\Views\\pages\\crud.php')
 3 SYSTEMPATH\View\View.php(216): CodeIgniter\View\View->CodeIgniter\View\{closure}()
 4 SYSTEMPATH\Common.php(1135): CodeIgniter\View\View->render('pages/crud', [], true)
 5 APPPATH\Controllers\Pages.php(38): view('pages/crud', [...])
 6 SYSTEMPATH\CodeIgniter.php(896): App\Controllers\Pages->index()
 7 SYSTEMPATH\CodeIgniter.php(466): CodeIgniter\CodeIgniter->runController(Object(App\Controllers\Pages))
 8 SYSTEMPATH\CodeIgniter.php(349): CodeIgniter\CodeIgniter->handleRequest(null, Object(Config\Cache), false)
 9 FCPATH\index.php(55): CodeIgniter\CodeIgniter->run()
10 SYSTEMPATH\Commands\Server\rewrite.php(43): require_once('FCPATH\\index.php')
CRITICAL - 2022-07-28 21:05:48 --> Undefined index: label
in APPPATH\Views\pages\crud.php on line 72.
 1 APPPATH\Views\pages\crud.php(72): CodeIgniter\Debug\Exceptions->errorHandler(8, 'Undefined index: label', 'APPPATH\\Views\\pages\\crud.php', 72, [...])
 2 SYSTEMPATH\View\View.php(213): include('APPPATH\\Views\\pages\\crud.php')
 3 SYSTEMPATH\View\View.php(216): CodeIgniter\View\View->CodeIgniter\View\{closure}()
 4 SYSTEMPATH\Common.php(1135): CodeIgniter\View\View->render('pages/crud', [], true)
 5 APPPATH\Controllers\Pages.php(38): view('pages/crud', [...])
 6 SYSTEMPATH\CodeIgniter.php(896): App\Controllers\Pages->index()
 7 SYSTEMPATH\CodeIgniter.php(466): CodeIgniter\CodeIgniter->runController(Object(App\Controllers\Pages))
 8 SYSTEMPATH\CodeIgniter.php(349): CodeIgniter\CodeIgniter->handleRequest(null, Object(Config\Cache), false)
 9 FCPATH\index.php(55): CodeIgniter\CodeIgniter->run()
10 SYSTEMPATH\Commands\Server\rewrite.php(43): require_once('FCPATH\\index.php')
CRITICAL - 2022-07-28 21:05:48 --> Undefined index: label
in APPPATH\Views\pages\crud.php on line 72.
 1 APPPATH\Views\pages\crud.php(72): CodeIgniter\Debug\Exceptions->errorHandler(8, 'Undefined index: label', 'APPPATH\\Views\\pages\\crud.php', 72, [...])
 2 SYSTEMPATH\View\View.php(213): include('APPPATH\\Views\\pages\\crud.php')
 3 SYSTEMPATH\View\View.php(216): CodeIgniter\View\View->CodeIgniter\View\{closure}()
 4 SYSTEMPATH\Common.php(1135): CodeIgniter\View\View->render('pages/crud', [], true)
 5 APPPATH\Controllers\Pages.php(38): view('pages/crud', [...])
 6 SYSTEMPATH\CodeIgniter.php(896): App\Controllers\Pages->index()
 7 SYSTEMPATH\CodeIgniter.php(466): CodeIgniter\CodeIgniter->runController(Object(App\Controllers\Pages))
 8 SYSTEMPATH\CodeIgniter.php(349): CodeIgniter\CodeIgniter->handleRequest(null, Object(Config\Cache), false)
 9 FCPATH\index.php(55): CodeIgniter\CodeIgniter->run()
10 SYSTEMPATH\Commands\Server\rewrite.php(43): require_once('FCPATH\\index.php')
CRITICAL - 2022-07-28 21:05:48 --> Undefined index: label
in APPPATH\Views\pages\crud.php on line 72.
 1 APPPATH\Views\pages\crud.php(72): CodeIgniter\Debug\Exceptions->errorHandler(8, 'Undefined index: label', 'APPPATH\\Views\\pages\\crud.php', 72, [...])
 2 SYSTEMPATH\View\View.php(213): include('APPPATH\\Views\\pages\\crud.php')
 3 SYSTEMPATH\View\View.php(216): CodeIgniter\View\View->CodeIgniter\View\{closure}()
 4 SYSTEMPATH\Common.php(1135): CodeIgniter\View\View->render('pages/crud', [], true)
 5 APPPATH\Controllers\Pages.php(38): view('pages/crud', [...])
 6 SYSTEMPATH\CodeIgniter.php(896): App\Controllers\Pages->index()
 7 SYSTEMPATH\CodeIgniter.php(466): CodeIgniter\CodeIgniter->runController(Object(App\Controllers\Pages))
 8 SYSTEMPATH\CodeIgniter.php(349): CodeIgniter\CodeIgniter->handleRequest(null, Object(Config\Cache), false)
 9 FCPATH\index.php(55): CodeIgniter\CodeIgniter->run()
10 SYSTEMPATH\Commands\Server\rewrite.php(43): require_once('FCPATH\\index.php')
CRITICAL - 2022-07-28 21:05:48 --> Undefined index: label
in APPPATH\Views\pages\crud.php on line 72.
 1 APPPATH\Views\pages\crud.php(72): CodeIgniter\Debug\Exceptions->errorHandler(8, 'Undefined index: label', 'APPPATH\\Views\\pages\\crud.php', 72, [...])
 2 SYSTEMPATH\View\View.php(213): include('APPPATH\\Views\\pages\\crud.php')
 3 SYSTEMPATH\View\View.php(216): CodeIgniter\View\View->CodeIgniter\View\{closure}()
 4 SYSTEMPATH\Common.php(1135): CodeIgniter\View\View->render('pages/crud', [], true)
 5 APPPATH\Controllers\Pages.php(38): view('pages/crud', [...])
 6 SYSTEMPATH\CodeIgniter.php(896): App\Controllers\Pages->index()
 7 SYSTEMPATH\CodeIgniter.php(466): CodeIgniter\CodeIgniter->runController(Object(App\Controllers\Pages))
 8 SYSTEMPATH\CodeIgniter.php(349): CodeIgniter\CodeIgniter->handleRequest(null, Object(Config\Cache), false)
 9 FCPATH\index.php(55): CodeIgniter\CodeIgniter->run()
10 SYSTEMPATH\Commands\Server\rewrite.php(43): require_once('FCPATH\\index.php')
CRITICAL - 2022-07-28 21:05:49 --> Undefined index: label
in APPPATH\Views\pages\crud.php on line 72.
 1 APPPATH\Views\pages\crud.php(72): CodeIgniter\Debug\Exceptions->errorHandler(8, 'Undefined index: label', 'APPPATH\\Views\\pages\\crud.php', 72, [...])
 2 SYSTEMPATH\View\View.php(213): include('APPPATH\\Views\\pages\\crud.php')
 3 SYSTEMPATH\View\View.php(216): CodeIgniter\View\View->CodeIgniter\View\{closure}()
 4 SYSTEMPATH\Common.php(1135): CodeIgniter\View\View->render('pages/crud', [], true)
 5 APPPATH\Controllers\Pages.php(38): view('pages/crud', [...])
 6 SYSTEMPATH\CodeIgniter.php(896): App\Controllers\Pages->index()
 7 SYSTEMPATH\CodeIgniter.php(466): CodeIgniter\CodeIgniter->runController(Object(App\Controllers\Pages))
 8 SYSTEMPATH\CodeIgniter.php(349): CodeIgniter\CodeIgniter->handleRequest(null, Object(Config\Cache), false)
 9 FCPATH\index.php(55): CodeIgniter\CodeIgniter->run()
10 SYSTEMPATH\Commands\Server\rewrite.php(43): require_once('FCPATH\\index.php')
CRITICAL - 2022-07-28 21:05:49 --> Undefined index: label
in APPPATH\Views\pages\crud.php on line 72.
 1 APPPATH\Views\pages\crud.php(72): CodeIgniter\Debug\Exceptions->errorHandler(8, 'Undefined index: label', 'APPPATH\\Views\\pages\\crud.php', 72, [...])
 2 SYSTEMPATH\View\View.php(213): include('APPPATH\\Views\\pages\\crud.php')
 3 SYSTEMPATH\View\View.php(216): CodeIgniter\View\View->CodeIgniter\View\{closure}()
 4 SYSTEMPATH\Common.php(1135): CodeIgniter\View\View->render('pages/crud', [], true)
 5 APPPATH\Controllers\Pages.php(38): view('pages/crud', [...])
 6 SYSTEMPATH\CodeIgniter.php(896): App\Controllers\Pages->index()
 7 SYSTEMPATH\CodeIgniter.php(466): CodeIgniter\CodeIgniter->runController(Object(App\Controllers\Pages))
 8 SYSTEMPATH\CodeIgniter.php(349): CodeIgniter\CodeIgniter->handleRequest(null, Object(Config\Cache), false)
 9 FCPATH\index.php(55): CodeIgniter\CodeIgniter->run()
10 SYSTEMPATH\Commands\Server\rewrite.php(43): require_once('FCPATH\\index.php')
CRITICAL - 2022-07-28 21:05:49 --> Undefined index: label
in APPPATH\Views\pages\crud.php on line 72.
 1 APPPATH\Views\pages\crud.php(72): CodeIgniter\Debug\Exceptions->errorHandler(8, 'Undefined index: label', 'APPPATH\\Views\\pages\\crud.php', 72, [...])
 2 SYSTEMPATH\View\View.php(213): include('APPPATH\\Views\\pages\\crud.php')
 3 SYSTEMPATH\View\View.php(216): CodeIgniter\View\View->CodeIgniter\View\{closure}()
 4 SYSTEMPATH\Common.php(1135): CodeIgniter\View\View->render('pages/crud', [], true)
 5 APPPATH\Controllers\Pages.php(38): view('pages/crud', [...])
 6 SYSTEMPATH\CodeIgniter.php(896): App\Controllers\Pages->index()
 7 SYSTEMPATH\CodeIgniter.php(466): CodeIgniter\CodeIgniter->runController(Object(App\Controllers\Pages))
 8 SYSTEMPATH\CodeIgniter.php(349): CodeIgniter\CodeIgniter->handleRequest(null, Object(Config\Cache), false)
 9 FCPATH\index.php(55): CodeIgniter\CodeIgniter->run()
10 SYSTEMPATH\Commands\Server\rewrite.php(43): require_once('FCPATH\\index.php')
CRITICAL - 2022-07-28 21:05:55 --> Undefined index: label
in APPPATH\Views\pages\crud.php on line 72.
 1 APPPATH\Views\pages\crud.php(72): CodeIgniter\Debug\Exceptions->errorHandler(8, 'Undefined index: label', 'APPPATH\\Views\\pages\\crud.php', 72, [...])
 2 SYSTEMPATH\View\View.php(213): include('APPPATH\\Views\\pages\\crud.php')
 3 SYSTEMPATH\View\View.php(216): CodeIgniter\View\View->CodeIgniter\View\{closure}()
 4 SYSTEMPATH\Common.php(1135): CodeIgniter\View\View->render('pages/crud', [], true)
 5 APPPATH\Controllers\Pages.php(38): view('pages/crud', [...])
 6 SYSTEMPATH\CodeIgniter.php(896): App\Controllers\Pages->index()
 7 SYSTEMPATH\CodeIgniter.php(466): CodeIgniter\CodeIgniter->runController(Object(App\Controllers\Pages))
 8 SYSTEMPATH\CodeIgniter.php(349): CodeIgniter\CodeIgniter->handleRequest(null, Object(Config\Cache), false)
 9 FCPATH\index.php(55): CodeIgniter\CodeIgniter->run()
10 SYSTEMPATH\Commands\Server\rewrite.php(43): require_once('FCPATH\\index.php')
CRITICAL - 2022-07-28 21:05:55 --> Undefined index: label
in APPPATH\Views\pages\crud.php on line 72.
 1 APPPATH\Views\pages\crud.php(72): CodeIgniter\Debug\Exceptions->errorHandler(8, 'Undefined index: label', 'APPPATH\\Views\\pages\\crud.php', 72, [...])
 2 SYSTEMPATH\View\View.php(213): include('APPPATH\\Views\\pages\\crud.php')
 3 SYSTEMPATH\View\View.php(216): CodeIgniter\View\View->CodeIgniter\View\{closure}()
 4 SYSTEMPATH\Common.php(1135): CodeIgniter\View\View->render('pages/crud', [], true)
 5 APPPATH\Controllers\Pages.php(38): view('pages/crud', [...])
 6 SYSTEMPATH\CodeIgniter.php(896): App\Controllers\Pages->index()
 7 SYSTEMPATH\CodeIgniter.php(466): CodeIgniter\CodeIgniter->runController(Object(App\Controllers\Pages))
 8 SYSTEMPATH\CodeIgniter.php(349): CodeIgniter\CodeIgniter->handleRequest(null, Object(Config\Cache), false)
 9 FCPATH\index.php(55): CodeIgniter\CodeIgniter->run()
10 SYSTEMPATH\Commands\Server\rewrite.php(43): require_once('FCPATH\\index.php')
CRITICAL - 2022-07-28 21:05:59 --> Undefined index: label
in APPPATH\Views\pages\crud.php on line 72.
 1 APPPATH\Views\pages\crud.php(72): CodeIgniter\Debug\Exceptions->errorHandler(8, 'Undefined index: label', 'APPPATH\\Views\\pages\\crud.php', 72, [...])
 2 SYSTEMPATH\View\View.php(213): include('APPPATH\\Views\\pages\\crud.php')
 3 SYSTEMPATH\View\View.php(216): CodeIgniter\View\View->CodeIgniter\View\{closure}()
 4 SYSTEMPATH\Common.php(1135): CodeIgniter\View\View->render('pages/crud', [], true)
 5 APPPATH\Controllers\Pages.php(38): view('pages/crud', [...])
 6 SYSTEMPATH\CodeIgniter.php(896): App\Controllers\Pages->index()
 7 SYSTEMPATH\CodeIgniter.php(466): CodeIgniter\CodeIgniter->runController(Object(App\Controllers\Pages))
 8 SYSTEMPATH\CodeIgniter.php(349): CodeIgniter\CodeIgniter->handleRequest(null, Object(Config\Cache), false)
 9 FCPATH\index.php(55): CodeIgniter\CodeIgniter->run()
10 SYSTEMPATH\Commands\Server\rewrite.php(43): require_once('FCPATH\\index.php')
CRITICAL - 2022-07-28 21:06:42 --> Undefined index: label
in APPPATH\Views\pages\crud.php on line 72.
 1 APPPATH\Views\pages\crud.php(72): CodeIgniter\Debug\Exceptions->errorHandler(8, 'Undefined index: label', 'APPPATH\\Views\\pages\\crud.php', 72, [...])
 2 SYSTEMPATH\View\View.php(213): include('APPPATH\\Views\\pages\\crud.php')
 3 SYSTEMPATH\View\View.php(216): CodeIgniter\View\View->CodeIgniter\View\{closure}()
 4 SYSTEMPATH\Common.php(1135): CodeIgniter\View\View->render('pages/crud', [], true)
 5 APPPATH\Controllers\Pages.php(38): view('pages/crud', [...])
 6 SYSTEMPATH\CodeIgniter.php(896): App\Controllers\Pages->index()
 7 SYSTEMPATH\CodeIgniter.php(466): CodeIgniter\CodeIgniter->runController(Object(App\Controllers\Pages))
 8 SYSTEMPATH\CodeIgniter.php(349): CodeIgniter\CodeIgniter->handleRequest(null, Object(Config\Cache), false)
 9 FCPATH\index.php(55): CodeIgniter\CodeIgniter->run()
10 SYSTEMPATH\Commands\Server\rewrite.php(43): require_once('FCPATH\\index.php')
CRITICAL - 2022-07-28 21:06:43 --> Undefined index: label
in APPPATH\Views\pages\crud.php on line 72.
 1 APPPATH\Views\pages\crud.php(72): CodeIgniter\Debug\Exceptions->errorHandler(8, 'Undefined index: label', 'APPPATH\\Views\\pages\\crud.php', 72, [...])
 2 SYSTEMPATH\View\View.php(213): include('APPPATH\\Views\\pages\\crud.php')
 3 SYSTEMPATH\View\View.php(216): CodeIgniter\View\View->CodeIgniter\View\{closure}()
 4 SYSTEMPATH\Common.php(1135): CodeIgniter\View\View->render('pages/crud', [], true)
 5 APPPATH\Controllers\Pages.php(38): view('pages/crud', [...])
 6 SYSTEMPATH\CodeIgniter.php(896): App\Controllers\Pages->index()
 7 SYSTEMPATH\CodeIgniter.php(466): CodeIgniter\CodeIgniter->runController(Object(App\Controllers\Pages))
 8 SYSTEMPATH\CodeIgniter.php(349): CodeIgniter\CodeIgniter->handleRequest(null, Object(Config\Cache), false)
 9 FCPATH\index.php(55): CodeIgniter\CodeIgniter->run()
10 SYSTEMPATH\Commands\Server\rewrite.php(43): require_once('FCPATH\\index.php')
CRITICAL - 2022-07-28 21:06:43 --> Undefined index: label
in APPPATH\Views\pages\crud.php on line 72.
 1 APPPATH\Views\pages\crud.php(72): CodeIgniter\Debug\Exceptions->errorHandler(8, 'Undefined index: label', 'APPPATH\\Views\\pages\\crud.php', 72, [...])
 2 SYSTEMPATH\View\View.php(213): include('APPPATH\\Views\\pages\\crud.php')
 3 SYSTEMPATH\View\View.php(216): CodeIgniter\View\View->CodeIgniter\View\{closure}()
 4 SYSTEMPATH\Common.php(1135): CodeIgniter\View\View->render('pages/crud', [], true)
 5 APPPATH\Controllers\Pages.php(38): view('pages/crud', [...])
 6 SYSTEMPATH\CodeIgniter.php(896): App\Controllers\Pages->index()
 7 SYSTEMPATH\CodeIgniter.php(466): CodeIgniter\CodeIgniter->runController(Object(App\Controllers\Pages))
 8 SYSTEMPATH\CodeIgniter.php(349): CodeIgniter\CodeIgniter->handleRequest(null, Object(Config\Cache), false)
 9 FCPATH\index.php(55): CodeIgniter\CodeIgniter->run()
10 SYSTEMPATH\Commands\Server\rewrite.php(43): require_once('FCPATH\\index.php')
CRITICAL - 2022-07-28 21:06:43 --> Undefined index: label
in APPPATH\Views\pages\crud.php on line 72.
 1 APPPATH\Views\pages\crud.php(72): CodeIgniter\Debug\Exceptions->errorHandler(8, 'Undefined index: label', 'APPPATH\\Views\\pages\\crud.php', 72, [...])
 2 SYSTEMPATH\View\View.php(213): include('APPPATH\\Views\\pages\\crud.php')
 3 SYSTEMPATH\View\View.php(216): CodeIgniter\View\View->CodeIgniter\View\{closure}()
 4 SYSTEMPATH\Common.php(1135): CodeIgniter\View\View->render('pages/crud', [], true)
 5 APPPATH\Controllers\Pages.php(38): view('pages/crud', [...])
 6 SYSTEMPATH\CodeIgniter.php(896): App\Controllers\Pages->index()
 7 SYSTEMPATH\CodeIgniter.php(466): CodeIgniter\CodeIgniter->runController(Object(App\Controllers\Pages))
 8 SYSTEMPATH\CodeIgniter.php(349): CodeIgniter\CodeIgniter->handleRequest(null, Object(Config\Cache), false)
 9 FCPATH\index.php(55): CodeIgniter\CodeIgniter->run()
10 SYSTEMPATH\Commands\Server\rewrite.php(43): require_once('FCPATH\\index.php')
CRITICAL - 2022-07-28 21:06:44 --> Undefined index: label
in APPPATH\Views\pages\crud.php on line 72.
 1 APPPATH\Views\pages\crud.php(72): CodeIgniter\Debug\Exceptions->errorHandler(8, 'Undefined index: label', 'APPPATH\\Views\\pages\\crud.php', 72, [...])
 2 SYSTEMPATH\View\View.php(213): include('APPPATH\\Views\\pages\\crud.php')
 3 SYSTEMPATH\View\View.php(216): CodeIgniter\View\View->CodeIgniter\View\{closure}()
 4 SYSTEMPATH\Common.php(1135): CodeIgniter\View\View->render('pages/crud', [], true)
 5 APPPATH\Controllers\Pages.php(38): view('pages/crud', [...])
 6 SYSTEMPATH\CodeIgniter.php(896): App\Controllers\Pages->index()
 7 SYSTEMPATH\CodeIgniter.php(466): CodeIgniter\CodeIgniter->runController(Object(App\Controllers\Pages))
 8 SYSTEMPATH\CodeIgniter.php(349): CodeIgniter\CodeIgniter->handleRequest(null, Object(Config\Cache), false)
 9 FCPATH\index.php(55): CodeIgniter\CodeIgniter->run()
10 SYSTEMPATH\Commands\Server\rewrite.php(43): require_once('FCPATH\\index.php')
CRITICAL - 2022-07-28 21:06:44 --> Undefined index: label
in APPPATH\Views\pages\crud.php on line 72.
 1 APPPATH\Views\pages\crud.php(72): CodeIgniter\Debug\Exceptions->errorHandler(8, 'Undefined index: label', 'APPPATH\\Views\\pages\\crud.php', 72, [...])
 2 SYSTEMPATH\View\View.php(213): include('APPPATH\\Views\\pages\\crud.php')
 3 SYSTEMPATH\View\View.php(216): CodeIgniter\View\View->CodeIgniter\View\{closure}()
 4 SYSTEMPATH\Common.php(1135): CodeIgniter\View\View->render('pages/crud', [], true)
 5 APPPATH\Controllers\Pages.php(38): view('pages/crud', [...])
 6 SYSTEMPATH\CodeIgniter.php(896): App\Controllers\Pages->index()
 7 SYSTEMPATH\CodeIgniter.php(466): CodeIgniter\CodeIgniter->runController(Object(App\Controllers\Pages))
 8 SYSTEMPATH\CodeIgniter.php(349): CodeIgniter\CodeIgniter->handleRequest(null, Object(Config\Cache), false)
 9 FCPATH\index.php(55): CodeIgniter\CodeIgniter->run()
10 SYSTEMPATH\Commands\Server\rewrite.php(43): require_once('FCPATH\\index.php')
CRITICAL - 2022-07-28 21:06:44 --> Undefined index: label
in APPPATH\Views\pages\crud.php on line 72.
 1 APPPATH\Views\pages\crud.php(72): CodeIgniter\Debug\Exceptions->errorHandler(8, 'Undefined index: label', 'APPPATH\\Views\\pages\\crud.php', 72, [...])
 2 SYSTEMPATH\View\View.php(213): include('APPPATH\\Views\\pages\\crud.php')
 3 SYSTEMPATH\View\View.php(216): CodeIgniter\View\View->CodeIgniter\View\{closure}()
 4 SYSTEMPATH\Common.php(1135): CodeIgniter\View\View->render('pages/crud', [], true)
 5 APPPATH\Controllers\Pages.php(38): view('pages/crud', [...])
 6 SYSTEMPATH\CodeIgniter.php(896): App\Controllers\Pages->index()
 7 SYSTEMPATH\CodeIgniter.php(466): CodeIgniter\CodeIgniter->runController(Object(App\Controllers\Pages))
 8 SYSTEMPATH\CodeIgniter.php(349): CodeIgniter\CodeIgniter->handleRequest(null, Object(Config\Cache), false)
 9 FCPATH\index.php(55): CodeIgniter\CodeIgniter->run()
10 SYSTEMPATH\Commands\Server\rewrite.php(43): require_once('FCPATH\\index.php')
CRITICAL - 2022-07-28 21:07:38 --> Undefined index: label
in APPPATH\Views\pages\crud.php on line 72.
 1 APPPATH\Views\pages\crud.php(72): CodeIgniter\Debug\Exceptions->errorHandler(8, 'Undefined index: label', 'APPPATH\\Views\\pages\\crud.php', 72, [...])
 2 SYSTEMPATH\View\View.php(213): include('APPPATH\\Views\\pages\\crud.php')
 3 SYSTEMPATH\View\View.php(216): CodeIgniter\View\View->CodeIgniter\View\{closure}()
 4 SYSTEMPATH\Common.php(1135): CodeIgniter\View\View->render('pages/crud', [], true)
 5 APPPATH\Controllers\Pages.php(38): view('pages/crud', [...])
 6 SYSTEMPATH\CodeIgniter.php(896): App\Controllers\Pages->index()
 7 SYSTEMPATH\CodeIgniter.php(466): CodeIgniter\CodeIgniter->runController(Object(App\Controllers\Pages))
 8 SYSTEMPATH\CodeIgniter.php(349): CodeIgniter\CodeIgniter->handleRequest(null, Object(Config\Cache), false)
 9 FCPATH\index.php(55): CodeIgniter\CodeIgniter->run()
10 SYSTEMPATH\Commands\Server\rewrite.php(43): require_once('FCPATH\\index.php')
CRITICAL - 2022-07-28 22:16:46 --> Undefined index: label
in APPPATH\Views\pages\crud.php on line 72.
 1 APPPATH\Views\pages\crud.php(72): CodeIgniter\Debug\Exceptions->errorHandler(8, 'Undefined index: label', 'APPPATH\\Views\\pages\\crud.php', 72, [...])
 2 SYSTEMPATH\View\View.php(213): include('APPPATH\\Views\\pages\\crud.php')
 3 SYSTEMPATH\View\View.php(216): CodeIgniter\View\View->CodeIgniter\View\{closure}()
 4 SYSTEMPATH\Common.php(1135): CodeIgniter\View\View->render('pages/crud', [], true)
 5 APPPATH\Controllers\Pages.php(38): view('pages/crud', [...])
 6 SYSTEMPATH\CodeIgniter.php(896): App\Controllers\Pages->index()
 7 SYSTEMPATH\CodeIgniter.php(466): CodeIgniter\CodeIgniter->runController(Object(App\Controllers\Pages))
 8 SYSTEMPATH\CodeIgniter.php(349): CodeIgniter\CodeIgniter->handleRequest(null, Object(Config\Cache), false)
 9 FCPATH\index.php(55): CodeIgniter\CodeIgniter->run()
10 SYSTEMPATH\Commands\Server\rewrite.php(43): require_once('FCPATH\\index.php')
CRITICAL - 2022-07-28 22:16:47 --> Undefined index: label
in APPPATH\Views\pages\crud.php on line 72.
 1 APPPATH\Views\pages\crud.php(72): CodeIgniter\Debug\Exceptions->errorHandler(8, 'Undefined index: label', 'APPPATH\\Views\\pages\\crud.php', 72, [...])
 2 SYSTEMPATH\View\View.php(213): include('APPPATH\\Views\\pages\\crud.php')
 3 SYSTEMPATH\View\View.php(216): CodeIgniter\View\View->CodeIgniter\View\{closure}()
 4 SYSTEMPATH\Common.php(1135): CodeIgniter\View\View->render('pages/crud', [], true)
 5 APPPATH\Controllers\Pages.php(38): view('pages/crud', [...])
 6 SYSTEMPATH\CodeIgniter.php(896): App\Controllers\Pages->index()
 7 SYSTEMPATH\CodeIgniter.php(466): CodeIgniter\CodeIgniter->runController(Object(App\Controllers\Pages))
 8 SYSTEMPATH\CodeIgniter.php(349): CodeIgniter\CodeIgniter->handleRequest(null, Object(Config\Cache), false)
 9 FCPATH\index.php(55): CodeIgniter\CodeIgniter->run()
10 SYSTEMPATH\Commands\Server\rewrite.php(43): require_once('FCPATH\\index.php')
CRITICAL - 2022-07-28 22:16:47 --> Undefined index: label
in APPPATH\Views\pages\crud.php on line 72.
 1 APPPATH\Views\pages\crud.php(72): CodeIgniter\Debug\Exceptions->errorHandler(8, 'Undefined index: label', 'APPPATH\\Views\\pages\\crud.php', 72, [...])
 2 SYSTEMPATH\View\View.php(213): include('APPPATH\\Views\\pages\\crud.php')
 3 SYSTEMPATH\View\View.php(216): CodeIgniter\View\View->CodeIgniter\View\{closure}()
 4 SYSTEMPATH\Common.php(1135): CodeIgniter\View\View->render('pages/crud', [], true)
 5 APPPATH\Controllers\Pages.php(38): view('pages/crud', [...])
 6 SYSTEMPATH\CodeIgniter.php(896): App\Controllers\Pages->index()
 7 SYSTEMPATH\CodeIgniter.php(466): CodeIgniter\CodeIgniter->runController(Object(App\Controllers\Pages))
 8 SYSTEMPATH\CodeIgniter.php(349): CodeIgniter\CodeIgniter->handleRequest(null, Object(Config\Cache), false)
 9 FCPATH\index.php(55): CodeIgniter\CodeIgniter->run()
10 SYSTEMPATH\Commands\Server\rewrite.php(43): require_once('FCPATH\\index.php')
CRITICAL - 2022-07-28 22:16:48 --> Undefined index: label
in APPPATH\Views\pages\crud.php on line 72.
 1 APPPATH\Views\pages\crud.php(72): CodeIgniter\Debug\Exceptions->errorHandler(8, 'Undefined index: label', 'APPPATH\\Views\\pages\\crud.php', 72, [...])
 2 SYSTEMPATH\View\View.php(213): include('APPPATH\\Views\\pages\\crud.php')
 3 SYSTEMPATH\View\View.php(216): CodeIgniter\View\View->CodeIgniter\View\{closure}()
 4 SYSTEMPATH\Common.php(1135): CodeIgniter\View\View->render('pages/crud', [], true)
 5 APPPATH\Controllers\Pages.php(38): view('pages/crud', [...])
 6 SYSTEMPATH\CodeIgniter.php(896): App\Controllers\Pages->index()
 7 SYSTEMPATH\CodeIgniter.php(466): CodeIgniter\CodeIgniter->runController(Object(App\Controllers\Pages))
 8 SYSTEMPATH\CodeIgniter.php(349): CodeIgniter\CodeIgniter->handleRequest(null, Object(Config\Cache), false)
 9 FCPATH\index.php(55): CodeIgniter\CodeIgniter->run()
10 SYSTEMPATH\Commands\Server\rewrite.php(43): require_once('FCPATH\\index.php')
CRITICAL - 2022-07-28 22:16:48 --> Undefined index: label
in APPPATH\Views\pages\crud.php on line 72.
 1 APPPATH\Views\pages\crud.php(72): CodeIgniter\Debug\Exceptions->errorHandler(8, 'Undefined index: label', 'APPPATH\\Views\\pages\\crud.php', 72, [...])
 2 SYSTEMPATH\View\View.php(213): include('APPPATH\\Views\\pages\\crud.php')
 3 SYSTEMPATH\View\View.php(216): CodeIgniter\View\View->CodeIgniter\View\{closure}()
 4 SYSTEMPATH\Common.php(1135): CodeIgniter\View\View->render('pages/crud', [], true)
 5 APPPATH\Controllers\Pages.php(38): view('pages/crud', [...])
 6 SYSTEMPATH\CodeIgniter.php(896): App\Controllers\Pages->index()
 7 SYSTEMPATH\CodeIgniter.php(466): CodeIgniter\CodeIgniter->runController(Object(App\Controllers\Pages))
 8 SYSTEMPATH\CodeIgniter.php(349): CodeIgniter\CodeIgniter->handleRequest(null, Object(Config\Cache), false)
 9 FCPATH\index.php(55): CodeIgniter\CodeIgniter->run()
10 SYSTEMPATH\Commands\Server\rewrite.php(43): require_once('FCPATH\\index.php')
CRITICAL - 2022-07-28 22:16:48 --> Undefined index: label
in APPPATH\Views\pages\crud.php on line 72.
 1 APPPATH\Views\pages\crud.php(72): CodeIgniter\Debug\Exceptions->errorHandler(8, 'Undefined index: label', 'APPPATH\\Views\\pages\\crud.php', 72, [...])
 2 SYSTEMPATH\View\View.php(213): include('APPPATH\\Views\\pages\\crud.php')
 3 SYSTEMPATH\View\View.php(216): CodeIgniter\View\View->CodeIgniter\View\{closure}()
 4 SYSTEMPATH\Common.php(1135): CodeIgniter\View\View->render('pages/crud', [], true)
 5 APPPATH\Controllers\Pages.php(38): view('pages/crud', [...])
 6 SYSTEMPATH\CodeIgniter.php(896): App\Controllers\Pages->index()
 7 SYSTEMPATH\CodeIgniter.php(466): CodeIgniter\CodeIgniter->runController(Object(App\Controllers\Pages))
 8 SYSTEMPATH\CodeIgniter.php(349): CodeIgniter\CodeIgniter->handleRequest(null, Object(Config\Cache), false)
 9 FCPATH\index.php(55): CodeIgniter\CodeIgniter->run()
10 SYSTEMPATH\Commands\Server\rewrite.php(43): require_once('FCPATH\\index.php')
CRITICAL - 2022-07-28 22:28:45 --> Undefined index: label
in APPPATH\Views\pages\crud.php on line 72.
 1 APPPATH\Views\pages\crud.php(72): CodeIgniter\Debug\Exceptions->errorHandler(8, 'Undefined index: label', 'APPPATH\\Views\\pages\\crud.php', 72, [...])
 2 SYSTEMPATH\View\View.php(213): include('APPPATH\\Views\\pages\\crud.php')
 3 SYSTEMPATH\View\View.php(216): CodeIgniter\View\View->CodeIgniter\View\{closure}()
 4 SYSTEMPATH\Common.php(1135): CodeIgniter\View\View->render('pages/crud', [], true)
 5 APPPATH\Controllers\Pages.php(38): view('pages/crud', [...])
 6 SYSTEMPATH\CodeIgniter.php(896): App\Controllers\Pages->index()
 7 SYSTEMPATH\CodeIgniter.php(466): CodeIgniter\CodeIgniter->runController(Object(App\Controllers\Pages))
 8 SYSTEMPATH\CodeIgniter.php(349): CodeIgniter\CodeIgniter->handleRequest(null, Object(Config\Cache), false)
 9 FCPATH\index.php(55): CodeIgniter\CodeIgniter->run()
10 SYSTEMPATH\Commands\Server\rewrite.php(43): require_once('FCPATH\\index.php')
CRITICAL - 2022-07-28 22:52:37 --> Undefined index: label
in APPPATH\Views\pages\crud.php on line 72.
 1 APPPATH\Views\pages\crud.php(72): CodeIgniter\Debug\Exceptions->errorHandler(8, 'Undefined index: label', 'APPPATH\\Views\\pages\\crud.php', 72, [...])
 2 SYSTEMPATH\View\View.php(213): include('APPPATH\\Views\\pages\\crud.php')
 3 SYSTEMPATH\View\View.php(216): CodeIgniter\View\View->CodeIgniter\View\{closure}()
 4 SYSTEMPATH\Common.php(1135): CodeIgniter\View\View->render('pages/crud', [], true)
 5 APPPATH\Controllers\Pages.php(38): view('pages/crud', [...])
 6 SYSTEMPATH\CodeIgniter.php(896): App\Controllers\Pages->index()
 7 SYSTEMPATH\CodeIgniter.php(466): CodeIgniter\CodeIgniter->runController(Object(App\Controllers\Pages))
 8 SYSTEMPATH\CodeIgniter.php(349): CodeIgniter\CodeIgniter->handleRequest(null, Object(Config\Cache), false)
 9 FCPATH\index.php(55): CodeIgniter\CodeIgniter->run()
10 SYSTEMPATH\Commands\Server\rewrite.php(43): require_once('FCPATH\\index.php')
CRITICAL - 2022-07-28 22:55:33 --> Undefined index: label
in APPPATH\Views\pages\crud.php on line 72.
 1 APPPATH\Views\pages\crud.php(72): CodeIgniter\Debug\Exceptions->errorHandler(8, 'Undefined index: label', 'APPPATH\\Views\\pages\\crud.php', 72, [...])
 2 SYSTEMPATH\View\View.php(213): include('APPPATH\\Views\\pages\\crud.php')
 3 SYSTEMPATH\View\View.php(216): CodeIgniter\View\View->CodeIgniter\View\{closure}()
 4 SYSTEMPATH\Common.php(1135): CodeIgniter\View\View->render('pages/crud', [], true)
 5 APPPATH\Controllers\Pages.php(38): view('pages/crud', [...])
 6 SYSTEMPATH\CodeIgniter.php(896): App\Controllers\Pages->index()
 7 SYSTEMPATH\CodeIgniter.php(466): CodeIgniter\CodeIgniter->runController(Object(App\Controllers\Pages))
 8 SYSTEMPATH\CodeIgniter.php(349): CodeIgniter\CodeIgniter->handleRequest(null, Object(Config\Cache), false)
 9 FCPATH\index.php(55): CodeIgniter\CodeIgniter->run()
10 SYSTEMPATH\Commands\Server\rewrite.php(43): require_once('FCPATH\\index.php')
CRITICAL - 2022-07-28 23:12:40 --> Undefined index: label
in APPPATH\Views\pages\crud.php on line 72.
 1 APPPATH\Views\pages\crud.php(72): CodeIgniter\Debug\Exceptions->errorHandler(8, 'Undefined index: label', 'APPPATH\\Views\\pages\\crud.php', 72, [...])
 2 SYSTEMPATH\View\View.php(213): include('APPPATH\\Views\\pages\\crud.php')
 3 SYSTEMPATH\View\View.php(216): CodeIgniter\View\View->CodeIgniter\View\{closure}()
 4 SYSTEMPATH\Common.php(1135): CodeIgniter\View\View->render('pages/crud', [], true)
 5 APPPATH\Controllers\Pages.php(38): view('pages/crud', [...])
 6 SYSTEMPATH\CodeIgniter.php(896): App\Controllers\Pages->index()
 7 SYSTEMPATH\CodeIgniter.php(466): CodeIgniter\CodeIgniter->runController(Object(App\Controllers\Pages))
 8 SYSTEMPATH\CodeIgniter.php(349): CodeIgniter\CodeIgniter->handleRequest(null, Object(Config\Cache), false)
 9 FCPATH\index.php(55): CodeIgniter\CodeIgniter->run()
10 SYSTEMPATH\Commands\Server\rewrite.php(43): require_once('FCPATH\\index.php')
CRITICAL - 2022-07-28 23:12:40 --> Undefined index: label
in APPPATH\Views\pages\crud.php on line 72.
 1 APPPATH\Views\pages\crud.php(72): CodeIgniter\Debug\Exceptions->errorHandler(8, 'Undefined index: label', 'APPPATH\\Views\\pages\\crud.php', 72, [...])
 2 SYSTEMPATH\View\View.php(213): include('APPPATH\\Views\\pages\\crud.php')
 3 SYSTEMPATH\View\View.php(216): CodeIgniter\View\View->CodeIgniter\View\{closure}()
 4 SYSTEMPATH\Common.php(1135): CodeIgniter\View\View->render('pages/crud', [], true)
 5 APPPATH\Controllers\Pages.php(38): view('pages/crud', [...])
 6 SYSTEMPATH\CodeIgniter.php(896): App\Controllers\Pages->index()
 7 SYSTEMPATH\CodeIgniter.php(466): CodeIgniter\CodeIgniter->runController(Object(App\Controllers\Pages))
 8 SYSTEMPATH\CodeIgniter.php(349): CodeIgniter\CodeIgniter->handleRequest(null, Object(Config\Cache), false)
 9 FCPATH\index.php(55): CodeIgniter\CodeIgniter->run()
10 SYSTEMPATH\Commands\Server\rewrite.php(43): require_once('FCPATH\\index.php')
CRITICAL - 2022-07-28 23:12:41 --> Undefined index: label
in APPPATH\Views\pages\crud.php on line 72.
 1 APPPATH\Views\pages\crud.php(72): CodeIgniter\Debug\Exceptions->errorHandler(8, 'Undefined index: label', 'APPPATH\\Views\\pages\\crud.php', 72, [...])
 2 SYSTEMPATH\View\View.php(213): include('APPPATH\\Views\\pages\\crud.php')
 3 SYSTEMPATH\View\View.php(216): CodeIgniter\View\View->CodeIgniter\View\{closure}()
 4 SYSTEMPATH\Common.php(1135): CodeIgniter\View\View->render('pages/crud', [], true)
 5 APPPATH\Controllers\Pages.php(38): view('pages/crud', [...])
 6 SYSTEMPATH\CodeIgniter.php(896): App\Controllers\Pages->index()
 7 SYSTEMPATH\CodeIgniter.php(466): CodeIgniter\CodeIgniter->runController(Object(App\Controllers\Pages))
 8 SYSTEMPATH\CodeIgniter.php(349): CodeIgniter\CodeIgniter->handleRequest(null, Object(Config\Cache), false)
 9 FCPATH\index.php(55): CodeIgniter\CodeIgniter->run()
10 SYSTEMPATH\Commands\Server\rewrite.php(43): require_once('FCPATH\\index.php')
CRITICAL - 2022-07-28 23:12:41 --> Undefined index: label
in APPPATH\Views\pages\crud.php on line 72.
 1 APPPATH\Views\pages\crud.php(72): CodeIgniter\Debug\Exceptions->errorHandler(8, 'Undefined index: label', 'APPPATH\\Views\\pages\\crud.php', 72, [...])
 2 SYSTEMPATH\View\View.php(213): include('APPPATH\\Views\\pages\\crud.php')
 3 SYSTEMPATH\View\View.php(216): CodeIgniter\View\View->CodeIgniter\View\{closure}()
 4 SYSTEMPATH\Common.php(1135): CodeIgniter\View\View->render('pages/crud', [], true)
 5 APPPATH\Controllers\Pages.php(38): view('pages/crud', [...])
 6 SYSTEMPATH\CodeIgniter.php(896): App\Controllers\Pages->index()
 7 SYSTEMPATH\CodeIgniter.php(466): CodeIgniter\CodeIgniter->runController(Object(App\Controllers\Pages))
 8 SYSTEMPATH\CodeIgniter.php(349): CodeIgniter\CodeIgniter->handleRequest(null, Object(Config\Cache), false)
 9 FCPATH\index.php(55): CodeIgniter\CodeIgniter->run()
10 SYSTEMPATH\Commands\Server\rewrite.php(43): require_once('FCPATH\\index.php')
CRITICAL - 2022-07-28 23:12:41 --> Undefined index: label
in APPPATH\Views\pages\crud.php on line 72.
 1 APPPATH\Views\pages\crud.php(72): CodeIgniter\Debug\Exceptions->errorHandler(8, 'Undefined index: label', 'APPPATH\\Views\\pages\\crud.php', 72, [...])
 2 SYSTEMPATH\View\View.php(213): include('APPPATH\\Views\\pages\\crud.php')
 3 SYSTEMPATH\View\View.php(216): CodeIgniter\View\View->CodeIgniter\View\{closure}()
 4 SYSTEMPATH\Common.php(1135): CodeIgniter\View\View->render('pages/crud', [], true)
 5 APPPATH\Controllers\Pages.php(38): view('pages/crud', [...])
 6 SYSTEMPATH\CodeIgniter.php(896): App\Controllers\Pages->index()
 7 SYSTEMPATH\CodeIgniter.php(466): CodeIgniter\CodeIgniter->runController(Object(App\Controllers\Pages))
 8 SYSTEMPATH\CodeIgniter.php(349): CodeIgniter\CodeIgniter->handleRequest(null, Object(Config\Cache), false)
 9 FCPATH\index.php(55): CodeIgniter\CodeIgniter->run()
10 SYSTEMPATH\Commands\Server\rewrite.php(43): require_once('FCPATH\\index.php')
CRITICAL - 2022-07-28 23:20:17 --> Undefined index: label
in APPPATH\Views\pages\crud.php on line 72.
 1 APPPATH\Views\pages\crud.php(72): CodeIgniter\Debug\Exceptions->errorHandler(8, 'Undefined index: label', 'APPPATH\\Views\\pages\\crud.php', 72, [...])
 2 SYSTEMPATH\View\View.php(213): include('APPPATH\\Views\\pages\\crud.php')
 3 SYSTEMPATH\View\View.php(216): CodeIgniter\View\View->CodeIgniter\View\{closure}()
 4 SYSTEMPATH\Common.php(1135): CodeIgniter\View\View->render('pages/crud', [], true)
 5 APPPATH\Controllers\Pages.php(38): view('pages/crud', [...])
 6 SYSTEMPATH\CodeIgniter.php(896): App\Controllers\Pages->index()
 7 SYSTEMPATH\CodeIgniter.php(466): CodeIgniter\CodeIgniter->runController(Object(App\Controllers\Pages))
 8 SYSTEMPATH\CodeIgniter.php(349): CodeIgniter\CodeIgniter->handleRequest(null, Object(Config\Cache), false)
 9 FCPATH\index.php(55): CodeIgniter\CodeIgniter->run()
10 SYSTEMPATH\Commands\Server\rewrite.php(43): require_once('FCPATH\\index.php')
CRITICAL - 2022-07-28 23:20:18 --> Undefined index: label
in APPPATH\Views\pages\crud.php on line 72.
 1 APPPATH\Views\pages\crud.php(72): CodeIgniter\Debug\Exceptions->errorHandler(8, 'Undefined index: label', 'APPPATH\\Views\\pages\\crud.php', 72, [...])
 2 SYSTEMPATH\View\View.php(213): include('APPPATH\\Views\\pages\\crud.php')
 3 SYSTEMPATH\View\View.php(216): CodeIgniter\View\View->CodeIgniter\View\{closure}()
 4 SYSTEMPATH\Common.php(1135): CodeIgniter\View\View->render('pages/crud', [], true)
 5 APPPATH\Controllers\Pages.php(38): view('pages/crud', [...])
 6 SYSTEMPATH\CodeIgniter.php(896): App\Controllers\Pages->index()
 7 SYSTEMPATH\CodeIgniter.php(466): CodeIgniter\CodeIgniter->runController(Object(App\Controllers\Pages))
 8 SYSTEMPATH\CodeIgniter.php(349): CodeIgniter\CodeIgniter->handleRequest(null, Object(Config\Cache), false)
 9 FCPATH\index.php(55): CodeIgniter\CodeIgniter->run()
10 SYSTEMPATH\Commands\Server\rewrite.php(43): require_once('FCPATH\\index.php')
CRITICAL - 2022-07-28 23:20:18 --> Undefined index: label
in APPPATH\Views\pages\crud.php on line 72.
 1 APPPATH\Views\pages\crud.php(72): CodeIgniter\Debug\Exceptions->errorHandler(8, 'Undefined index: label', 'APPPATH\\Views\\pages\\crud.php', 72, [...])
 2 SYSTEMPATH\View\View.php(213): include('APPPATH\\Views\\pages\\crud.php')
 3 SYSTEMPATH\View\View.php(216): CodeIgniter\View\View->CodeIgniter\View\{closure}()
 4 SYSTEMPATH\Common.php(1135): CodeIgniter\View\View->render('pages/crud', [], true)
 5 APPPATH\Controllers\Pages.php(38): view('pages/crud', [...])
 6 SYSTEMPATH\CodeIgniter.php(896): App\Controllers\Pages->index()
 7 SYSTEMPATH\CodeIgniter.php(466): CodeIgniter\CodeIgniter->runController(Object(App\Controllers\Pages))
 8 SYSTEMPATH\CodeIgniter.php(349): CodeIgniter\CodeIgniter->handleRequest(null, Object(Config\Cache), false)
 9 FCPATH\index.php(55): CodeIgniter\CodeIgniter->run()
10 SYSTEMPATH\Commands\Server\rewrite.php(43): require_once('FCPATH\\index.php')
CRITICAL - 2022-07-28 23:20:18 --> Undefined index: label
in APPPATH\Views\pages\crud.php on line 72.
 1 APPPATH\Views\pages\crud.php(72): CodeIgniter\Debug\Exceptions->errorHandler(8, 'Undefined index: label', 'APPPATH\\Views\\pages\\crud.php', 72, [...])
 2 SYSTEMPATH\View\View.php(213): include('APPPATH\\Views\\pages\\crud.php')
 3 SYSTEMPATH\View\View.php(216): CodeIgniter\View\View->CodeIgniter\View\{closure}()
 4 SYSTEMPATH\Common.php(1135): CodeIgniter\View\View->render('pages/crud', [], true)
 5 APPPATH\Controllers\Pages.php(38): view('pages/crud', [...])
 6 SYSTEMPATH\CodeIgniter.php(896): App\Controllers\Pages->index()
 7 SYSTEMPATH\CodeIgniter.php(466): CodeIgniter\CodeIgniter->runController(Object(App\Controllers\Pages))
 8 SYSTEMPATH\CodeIgniter.php(349): CodeIgniter\CodeIgniter->handleRequest(null, Object(Config\Cache), false)
 9 FCPATH\index.php(55): CodeIgniter\CodeIgniter->run()
10 SYSTEMPATH\Commands\Server\rewrite.php(43): require_once('FCPATH\\index.php')
